
Gurobi 9.5.2 (mac64[x86], Python) logging started Thu Oct 20 00:28:35 2022

Set parameter Username
Set parameter LogFile to value "best-diff-new-future-3.log"
Academic license - for non-commercial use only - expires 2023-07-03
Read LP format model from file new_best_diff_future_3.lp
Reading time = 0.01 seconds
: 1457 rows, 1064 columns, 10104 nonzeros
Gurobi Optimizer version 9.5.2 build v9.5.2rc0 (mac64[x86])
Thread count: 4 physical cores, 8 logical processors, using up to 8 threads
Optimize a model with 1457 rows, 1064 columns and 10104 nonzeros
Model fingerprint: 0x67eb9a01
Variable types: 0 continuous, 1064 integer (1064 binary)
Coefficient statistics:
  Matrix range     [1e+00, 2e+01]
  Objective range  [2e+00, 4e+00]
  Bounds range     [1e+00, 1e+00]
  RHS range        [1e+00, 1e+00]
Presolve removed 128 rows and 408 columns
Presolve time: 0.02s
Presolved: 1329 rows, 656 columns, 9568 nonzeros
Variable types: 0 continuous, 656 integer (528 binary)

Root relaxation: objective 4.218901e-01, 451 iterations, 0.01 seconds (0.01 work units)

    Nodes    |    Current Node    |     Objective Bounds      |     Work
 Expl Unexpl |  Obj  Depth IntInf | Incumbent    BestBd   Gap | It/Node Time

     0     0    0.42189    0   22          -    0.42189      -     -    0s
H    0     0                      80.0000000    0.50295  99.4%     -    0s
     0     0    0.50295    0   48   80.00000    0.50295  99.4%     -    0s
     0     0    0.51692    0   31   80.00000    0.51692  99.4%     -    0s
H    0     0                      76.0000000    0.54655  99.3%     -    0s
     0     0    0.61576    0   60   76.00000    0.61576  99.2%     -    0s
H    0     0                      74.0000000    0.61576  99.2%     -    0s
     0     0    0.71447    0   79   74.00000    0.71447  99.0%     -    0s
     0     0    2.00000    0   72   74.00000    2.00000  97.3%     -    0s
     0     0    2.00000    0   50   74.00000    2.00000  97.3%     -    0s
H    0     0                      72.0000000    2.00000  97.2%     -    0s
     0     0    2.00000    0   75   72.00000    2.00000  97.2%     -    0s
H    0     0                      68.0000000    2.00000  97.1%     -    0s
     0     0    2.00000    0   75   68.00000    2.00000  97.1%     -    0s
     0     2    2.00000    0   75   68.00000    2.00000  97.1%     -    0s
H 1078   732                      62.0000000    2.00000  96.8%  16.0    0s
H 1099   720                      50.0000000    2.00000  96.0%  16.1    0s
H 1101   685                      48.0000000    2.00000  95.8%  16.1    0s
H 1155   699                      46.0000000    2.00000  95.7%  16.4    0s
H 1212   696                      34.0000000    2.00000  94.1%  16.7    1s
H 1456   777                      32.0000000    2.00000  93.8%  18.1    1s
H 1470   745                      30.0000000    2.00000  93.3%  18.1    1s
H 1990   793                      24.0000000    2.00000  91.7%  18.8    1s
H 4117  1773                      22.0000000    2.00000  90.9%  19.9    2s
H 4731  1644                      18.0000000    2.96183  83.5%  20.0    2s
  9070  3862   14.43061   34   44   18.00000    4.00000  77.8%  19.5    5s
 20070  8565     cutoff   38        18.00000    5.01280  72.2%  19.0   10s
 29670 11816   13.05343   32   75   18.00000    5.63231  68.7%  18.9   16s
 30576 12067   12.00000   43   27   18.00000    5.63231  68.7%  19.0   20s
 40737 12874   12.84149   43   30   18.00000    6.00000  66.7%  19.1   25s
 51461 12732 infeasible   42        18.00000    6.84477  62.0%  19.1   30s
 59272 12863   14.00000   41   27   18.00000    7.21034  59.9%  19.0   35s
 68918 13746   12.11645   41   83   18.00000    7.72910  57.1%  18.9   40s
 79923 16805 infeasible   44        18.00000    8.00000  55.6%  19.0   45s
 90252 19872   12.66994   38   56   18.00000    8.00000  55.6%  19.0   50s
 103669 23618   13.98756   38   79   18.00000    8.00000  55.6%  19.1   55s
 114826 26249   10.61538   46   47   18.00000    8.41235  53.3%  19.1   60s
 127218 29346   13.81111   42   40   18.00000    8.66079  51.9%  19.0   65s
 139343 32764 infeasible   43        18.00000    8.79941  51.1%  19.0   70s
 150512 35391 infeasible   61        18.00000    8.93687  50.4%  18.9   75s
 162314 38009   14.40238   42   67   18.00000    9.01346  49.9%  18.9   80s
 173641 40297   11.84053   44   36   18.00000    9.12084  49.3%  18.8   85s
 185890 42401 infeasible   45        18.00000    9.25302  48.6%  18.8   90s
 196677 44121     cutoff   56        18.00000    9.38930  47.8%  18.7   95s
 208795 46141 infeasible   45        18.00000    9.51020  47.2%  18.7  100s
 220516 48081   11.23189   42   61   18.00000    9.64623  46.4%  18.7  105s
 231868 49644 infeasible   45        18.00000    9.80118  45.5%  18.6  110s
 244591 51390     cutoff   43        18.00000   10.00000  44.4%  18.6  115s
 254781 53257   10.00000   50   16   18.00000   10.00000  44.4%  18.6  120s
 266120 55342 infeasible   45        18.00000   10.00000  44.4%  18.6  125s
 278317 57308 infeasible   47        18.00000   10.00000  44.4%  18.7  130s
 290393 59520 infeasible   47        18.00000   10.00000  44.4%  18.7  135s
 302251 61862 infeasible   54        18.00000   10.00000  44.4%  18.7  140s
 313332 64042   13.65220   48   29   18.00000   10.00000  44.4%  18.7  145s
 325067 66256   12.70270   50   41   18.00000   10.00000  44.4%  18.7  150s
 336018 68159   10.70270   39   29   18.00000   10.00000  44.4%  18.8  155s
 348306 70440 infeasible   44        18.00000   10.00000  44.4%  18.8  160s
 360366 72700   14.00000   58   23   18.00000   10.00000  44.4%  18.8  165s
 371874 74464   13.86301   42   34   18.00000   10.00158  44.4%  18.8  170s
 383809 75597   12.15061   42   45   18.00000   10.13454  43.7%  18.9  175s
 396468 76965 infeasible   40        18.00000   10.25718  43.0%  18.9  180s
 407907 78310   14.09959   51   54   18.00000   10.35211  42.5%  18.9  185s
 419968 79575     cutoff   49        18.00000   10.43478  42.0%  18.9  190s
 431637 80618     cutoff   45        18.00000   10.54113  41.4%  18.9  195s
 443747 82077 infeasible   47        18.00000   10.61507  41.0%  18.9  200s
 455460 83762   14.00000   55   33   18.00000   10.65151  40.8%  18.8  205s
 467845 85569 infeasible   49        18.00000   10.68838  40.6%  18.8  210s
 478714 87382     cutoff   52        18.00000   10.70581  40.5%  18.8  215s
 490882 89196     cutoff   44        18.00000   10.73803  40.3%  18.8  220s
 503651 91031 infeasible   48        18.00000   10.77003  40.2%  18.7  225s
 515356 92450 infeasible   50        18.00000   10.80089  40.0%  18.7  230s
 527606 94073 infeasible   47        18.00000   10.83527  39.8%  18.7  235s
 539903 95221   11.03004   36   23   18.00000   10.86959  39.6%  18.7  240s
 551922 96254   13.12121   41   43   18.00000   10.90959  39.4%  18.6  245s
 563775 97081   12.86301   43   33   18.00000   10.95624  39.1%  18.6  250s
 577094 98103   14.00000   49   20   18.00000   10.99294  38.9%  18.6  255s
 588379 98885 infeasible   45        18.00000   11.00000  38.9%  18.6  260s
 600883 99550   13.57445   43   45   18.00000   11.02686  38.7%  18.6  265s
 613047 99993   13.37644   42   71   18.00000   11.06119  38.5%  18.6  270s
 625080 100572 infeasible   54        18.00000   11.10268  38.3%  18.6  275s
 635919 100903   12.00000   48   30   18.00000   11.13492  38.1%  18.6  280s
 647979 100984 infeasible   44        18.00000   11.17241  37.9%  18.6  285s
 660178 100716   14.70270   46   42   18.00000   11.21543  37.7%  18.5  290s
 672140 100753   12.70270   46   52   18.00000   11.27532  37.4%  18.5  295s
 683924 100672   13.29368   45   41   18.00000   11.33333  37.0%  18.5  300s
 696116 101038   12.00000   42   26   18.00000   11.38726  36.7%  18.5  305s
 704682 101520   14.00000   45   35   18.00000   11.41242  36.6%  18.5  310s
 716803 101316 infeasible   49        18.00000   11.45110  36.4%  18.5  315s
 729190 101437     cutoff   41        18.00000   11.50651  36.1%  18.5  320s
 741723 101600 infeasible   53        18.00000   11.55695  35.8%  18.4  325s
 753065 101528   12.41944   44   68   18.00000   11.62575  35.4%  18.4  330s
 765764 101378   12.95238   49   38   18.00000   11.70150  35.0%  18.4  335s
 778069 100981 infeasible   60        18.00000   11.77154  34.6%  18.4  340s
 789680 100614 infeasible   54        18.00000   11.84343  34.2%  18.4  345s
 802351 99648   13.45763   39   19   18.00000   11.96543  33.5%  18.4  350s
 813753 99957 infeasible   44        18.00000   12.00000  33.3%  18.4  355s
 825861 100070 infeasible   43        18.00000   12.00000  33.3%  18.4  360s
 839154 100460   14.51020   46   33   18.00000   12.00000  33.3%  18.3  365s
 852203 100622 infeasible   46        18.00000   12.00000  33.3%  18.3  370s
 864140 100967   12.00000   41   24   18.00000   12.00000  33.3%  18.3  375s
 877276 101330   14.00000   47   33   18.00000   12.00000  33.3%  18.3  380s
 889342 101738     cutoff   58        18.00000   12.00000  33.3%  18.3  385s
 901435 102241 infeasible   46        18.00000   12.00000  33.3%  18.3  390s
 914671 102838   13.45763   44   21   18.00000   12.00000  33.3%  18.3  395s
 925137 103439 infeasible   46        18.00000   12.00000  33.3%  18.3  400s
 937541 104010   14.00000   45   18   18.00000   12.00000  33.3%  18.3  405s
 950512 104429   13.56408   46   54   18.00000   12.00000  33.3%  18.3  410s
 962366 104889   14.61538   58   52   18.00000   12.00000  33.3%  18.3  415s
 974421 105438   14.70718   48   37   18.00000   12.00000  33.3%  18.3  420s
 986223 106128   13.03004   51   43   18.00000   12.00000  33.3%  18.3  425s
 995497 106392 infeasible   50        18.00000   12.00000  33.3%  18.3  430s
 1008693 107175   13.85003   52   44   18.00000   12.00000  33.3%  18.3  435s
 1021315 107843   14.20912   55   55   18.00000   12.00000  33.3%  18.3  440s
 1033471 108343   14.00000   44   30   18.00000   12.00000  33.3%  18.3  445s
 1045632 108833   14.00000   48   31   18.00000   12.00000  33.3%  18.3  450s
 1058554 109486   14.00000   46   28   18.00000   12.00000  33.3%  18.3  455s
 1069996 110089   12.00000   46   34   18.00000   12.00000  33.3%  18.3  460s
 1082965 110495 infeasible   51        18.00000   12.00000  33.3%  18.3  465s
 1094922 111131 infeasible   51        18.00000   12.00000  33.3%  18.3  470s
 1107786 111704   15.62486   54   53   18.00000   12.00000  33.3%  18.3  475s
 1119537 112145   12.68926   44   56   18.00000   12.00000  33.3%  18.3  480s
 1132349 112861 infeasible   46        18.00000   12.00000  33.3%  18.3  485s
 1143495 113332 infeasible   59        18.00000   12.00000  33.3%  18.3  490s
 1155361 112416   12.38501   45   33   18.00000   12.04948  33.1%  18.3  495s
 1167344 111610 infeasible   43        18.00000   12.10303  32.8%  18.3  500s
 1179812 110705 infeasible   45        18.00000   12.16022  32.4%  18.3  505s
 1190974 109681     cutoff   48        18.00000   12.21498  32.1%  18.3  510s
 1202990 108601   13.56660   42   52   18.00000   12.27944  31.8%  18.3  515s
 1214438 107956 infeasible   42        18.00000   12.32565  31.5%  18.3  520s
 1226936 106966   14.00000   49   40   18.00000   12.38732  31.2%  18.3  525s
 1238300 106034 infeasible   55        18.00000   12.43856  30.9%  18.3  530s
 1250558 104505 infeasible   44        18.00000   12.51488  30.5%  18.3  535s
 1262570 102993   14.00000   48   26   18.00000   12.59443  30.0%  18.3  540s
 1274784 102371 infeasible   41        18.00000   12.62635  29.9%  18.3  545s
 1287737 101681 infeasible   35        18.00000   12.66077  29.7%  18.3  550s
 1298773 101574 infeasible   46        18.00000   12.67634  29.6%  18.3  555s
 1309560 100920     cutoff   47        18.00000   12.69347  29.5%  18.3  560s
 1322033 100723 infeasible   47        18.00000   12.70270  29.4%  18.2  565s
 1334370 100262 infeasible   49        18.00000   12.71854  29.3%  18.2  570s
 1346467 99485 infeasible   45        18.00000   12.74380  29.2%  18.2  575s
 1359194 98701 infeasible   43        18.00000   12.76480  29.1%  18.2  580s
 1370420 98114 infeasible   51        18.00000   12.77054  29.1%  18.2  585s
 1383406 96949     cutoff   43        18.00000   12.79509  28.9%  18.2  590s
 1396297 95976 infeasible   62        18.00000   12.81609  28.8%  18.1  595s
 1408539 94639   14.00000   50   22   18.00000   12.84554  28.6%  18.1  600s
 1420804 93347   14.00000   50   30   18.00000   12.87245  28.5%  18.1  605s
 1433978 91784   13.07902   47   62   18.00000   12.90916  28.3%  18.1  610s
 1445707 90058     cutoff   46        18.00000   12.95184  28.0%  18.1  615s
 1457609 88149   14.00000   46   43   18.00000   12.98316  27.9%  18.1  620s
 1469990 86287   14.00000   43   39   18.00000   13.00000  27.8%  18.1  625s
 1482310 84456   13.02409   48   49   18.00000   13.01868  27.7%  18.1  630s
 1493745 81957 infeasible   55        18.00000   13.05713  27.5%  18.0  635s
 1506247 79184 infeasible   57        18.00000   13.11361  27.1%  18.0  640s
 1517680 76887   14.00000   46   30   18.00000   13.14485  27.0%  18.0  645s
 1528823 73778 infeasible   47        18.00000   13.19792  26.7%  18.0  650s
 1540095 69965   13.31645   52   82   18.00000   13.28038  26.2%  18.0  655s
 1550239 67289     cutoff   48        18.00000   13.35013  25.8%  18.0  660s
 1561855 64081 infeasible   42        18.00000   13.41909  25.4%  18.0  665s
 1572342 60560   15.00000   47   41   18.00000   13.47818  25.1%  17.9  670s
 1583786 56988   15.36211   51   50   18.00000   13.56667  24.6%  17.9  675s
 1596182 52259 infeasible   47        18.00000   13.74262  23.7%  17.9  680s
 1608170 47275   14.00000   44   18   18.00000   14.00000  22.2%  17.9  685s
 1619788 44252     cutoff   47        18.00000   14.00000  22.2%  17.9  690s
 1630336 41492 infeasible   41        18.00000   14.00000  22.2%  17.9  695s
 1643553 38478     cutoff   50        18.00000   14.00000  22.2%  17.9  700s
 1654408 35812 infeasible   51        18.00000   14.00000  22.2%  17.9  705s
 1667324 32900   14.00000   56   23   18.00000   14.00000  22.2%  17.9  710s
 1678303 30345 infeasible   43        18.00000   14.00000  22.2%  17.9  715s
 1690969 27746     cutoff   47        18.00000   14.00000  22.2%  17.9  720s
 1701840 25670   14.00000   49   31   18.00000   14.00000  22.2%  17.9  725s
 1712820 23342 infeasible   54        18.00000   14.00000  22.2%  17.9  730s
 1725312 20741     cutoff   51        18.00000   14.00000  22.2%  17.9  735s
 1736225 18536   14.21904   45   59   18.00000   14.00000  22.2%  17.9  740s
 1748145 13536   15.00000   41   31   18.00000   14.16003  21.3%  17.9  745s
 1759084  6892 infeasible   45        18.00000   14.72000  18.2%  17.9  750s

Cutting planes:
  Lift-and-project: 11
  Cover: 8
  Implied bound: 9
  MIR: 6
  Flow cover: 8
  Zero half: 10

Explored 1768128 nodes (31536443 simplex iterations) in 753.32 seconds (600.78 work units)
Thread count was 8 (of 8 available processors)

Solution count 10: 18 22 24 ... 62

Optimal solution found (tolerance 1.00e-04)
Best objective 1.800000000000e+01, best bound 1.800000000000e+01, gap 0.0000%
