
Gurobi 9.5.1 (mac64[x86], Python) logging started Thu Jun 30 23:01:26 2022

Set parameter Username
Set parameter LogFile to value "best-diff-new-future-3.log"
Academic license - for non-commercial use only - expires 2022-07-20
Read LP format model from file new_best_diff_future_3.lp
Reading time = 0.01 seconds
: 1458 rows, 1064 columns, 10152 nonzeros
Gurobi Optimizer version 9.5.1 build v9.5.1rc2 (mac64[x86])
Thread count: 4 physical cores, 8 logical processors, using up to 8 threads
Optimize a model with 1458 rows, 1064 columns and 10152 nonzeros
Model fingerprint: 0x980fd99c
Variable types: 0 continuous, 1064 integer (1064 binary)
Coefficient statistics:
  Matrix range     [1e+00, 2e+01]
  Objective range  [2e+00, 4e+00]
  Bounds range     [1e+00, 1e+00]
  RHS range        [1e+00, 1e+01]
Presolve removed 128 rows and 408 columns
Presolve time: 0.02s
Presolved: 1330 rows, 656 columns, 9616 nonzeros
Variable types: 0 continuous, 656 integer (528 binary)

Root relaxation: objective 4.218901e-01, 486 iterations, 0.01 seconds (0.01 work units)

    Nodes    |    Current Node    |     Objective Bounds      |     Work
 Expl Unexpl |  Obj  Depth IntInf | Incumbent    BestBd   Gap | It/Node Time

     0     0    0.42189    0   21          -    0.42189      -     -    0s
     0     0    0.50187    0   71          -    0.50187      -     -    0s
     0     0    0.51692    0   41          -    0.51692      -     -    0s
     0     0    0.54600    0   87          -    0.54600      -     -    0s
     0     0    0.56867    0   84          -    0.56867      -     -    0s
     0     0    0.63250    0   39          -    0.63250      -     -    0s
     0     0    0.68094    0   55          -    0.68094      -     -    0s
     0     0    0.71637    0   60          -    0.71637      -     -    0s
     0     0    0.78464    0  141          -    0.78464      -     -    0s
     0     0    0.81159    0  162          -    0.81159      -     -    0s
     0     0    0.81544    0  134          -    0.81544      -     -    0s
     0     0    0.82844    0  157          -    0.82844      -     -    0s
     0     0    0.83538    0  189          -    0.83538      -     -    0s
     0     0    0.83660    0  190          -    0.83660      -     -    0s
     0     0    0.83725    0  192          -    0.83725      -     -    0s
     0     0    0.83759    0  193          -    0.83759      -     -    0s
     0     0    0.84550    0  192          -    0.84550      -     -    0s
     0     0    0.84786    0  195          -    0.84786      -     -    0s
     0     0    0.84836    0  194          -    0.84836      -     -    0s
     0     0    0.84964    0  197          -    0.84964      -     -    0s
     0     0    0.85021    0  196          -    0.85021      -     -    0s
     0     0    0.85022    0  197          -    0.85022      -     -    0s
     0     0    0.87037    0  183          -    0.87037      -     -    0s
     0     0    0.88267    0  197          -    0.88267      -     -    0s
     0     0    0.88454    0  181          -    0.88454      -     -    0s
     0     0    0.88600    0  199          -    0.88600      -     -    0s
     0     0    0.88683    0  200          -    0.88683      -     -    0s
     0     0    0.88684    0  199          -    0.88684      -     -    0s
     0     0    0.89878    0  187          -    0.89878      -     -    0s
     0     0    0.90724    0  193          -    0.90724      -     -    0s
     0     0    0.90900    0  184          -    0.90900      -     -    0s
     0     0    0.91179    0  197          -    0.91179      -     -    0s
     0     0    0.91183    0  197          -    0.91183      -     -    0s
     0     0    0.92380    0  164          -    0.92380      -     -    0s
     0     0    0.92991    0  175          -    0.92991      -     -    0s
     0     0    0.93152    0  175          -    0.93152      -     -    0s
     0     0    0.93269    0  176          -    0.93269      -     -    0s
     0     0    0.93278    0  177          -    0.93278      -     -    0s
     0     0    0.94254    0  178          -    0.94254      -     -    0s
     0     0    0.94705    0  190          -    0.94705      -     -    0s
     0     0    0.94800    0  181          -    0.94800      -     -    0s
     0     0    0.94831    0  179          -    0.94831      -     -    0s
     0     0    0.95473    0  175          -    0.95473      -     -    0s
     0     0    0.95840    0  183          -    0.95840      -     -    0s
     0     0    0.95914    0  172          -    0.95914      -     -    0s
     0     0    0.95930    0  180          -    0.95930      -     -    0s
     0     0    0.96013    0  171          -    0.96013      -     -    0s
     0     0    0.96036    0  171          -    0.96036      -     -    0s
     0     0    0.96042    0  172          -    0.96042      -     -    0s
     0     0    0.96189    0  171          -    0.96189      -     -    0s
     0     0    0.96200    0  170          -    0.96200      -     -    0s
     0     0    0.96485    0  176          -    0.96485      -     -    0s
     0     0    0.96640    0  178          -    0.96640      -     -    0s
     0     0    0.96663    0  178          -    0.96663      -     -    0s
     0     0    0.96917    0  167          -    0.96917      -     -    0s
     0     0    0.97112    0  178          -    0.97112      -     -    0s
     0     0    0.97118    0  178          -    0.97118      -     -    0s
     0     0    0.97390    0  167          -    0.97390      -     -    0s
     0     0    0.97823    0  201          -    0.97823      -     -    0s
     0     0    0.97839    0  177          -    0.97839      -     -    0s
     0     0    0.98366    0  185          -    0.98366      -     -    0s
     0     0    0.98838    0  186          -    0.98838      -     -    0s
     0     0    0.98912    0  192          -    0.98912      -     -    0s
     0     0    0.98929    0  181          -    0.98929      -     -    0s
     0     0    0.99521    0  180          -    0.99521      -     -    0s
     0     0    0.99774    0  166          -    0.99774      -     -    0s
     0     0    1.00179    0  182          -    1.00179      -     -    0s
     0     0    1.00520    0  200          -    1.00520      -     -    0s
     0     0    1.00600    0  203          -    1.00600      -     -    0s
     0     0    1.00602    0  204          -    1.00602      -     -    0s
     0     0    1.00975    0  181          -    1.00975      -     -    0s
     0     0    1.01155    0  188          -    1.01155      -     -    1s
     0     0    1.01168    0  191          -    1.01168      -     -    1s
     0     0    1.01782    0  154          -    1.01782      -     -    1s
     0     0    1.01881    0  199          -    1.01881      -     -    1s
     0     0    1.01936    0  193          -    1.01936      -     -    1s
     0     0    1.01954    0  165          -    1.01954      -     -    1s
     0     0    1.02207    0  161          -    1.02207      -     -    1s
     0     0    1.02786    0  187          -    1.02786      -     -    1s
     0     0    1.02867    0  193          -    1.02867      -     -    1s
     0     0    1.02867    0  193          -    1.02867      -     -    1s
     0     0    1.02967    0  193          -    1.02967      -     -    1s
     0     0    1.03186    0  190          -    1.03186      -     -    1s
     0     0    1.03288    0  204          -    1.03288      -     -    1s
     0     0    1.03393    0  187          -    1.03393      -     -    1s
     0     0    1.03427    0  192          -    1.03427      -     -    1s
     0     0    1.03432    0  193          -    1.03432      -     -    1s
     0     0    1.03674    0  175          -    1.03674      -     -    1s
     0     0    1.68129    0  194          -    1.68129      -     -    1s
     0     0    1.68129    0  175          -    1.68129      -     -    1s
     0     0    1.68129    0  185          -    1.68129      -     -    1s
     0     0    1.68129    0  203          -    1.68129      -     -    1s
     0     0    1.68129    0  203          -    1.68129      -     -    1s
     0     0    1.68129    0  166          -    1.68129      -     -    1s
     0     0    1.68129    0  197          -    1.68129      -     -    1s
     0     0    1.68129    0  214          -    1.68129      -     -    1s
     0     0    1.68129    0  217          -    1.68129      -     -    1s
     0     0    1.68129    0  157          -    1.68129      -     -    1s
     0     0    1.68129    0  205          -    1.68129      -     -    1s
     0     0    1.68129    0  198          -    1.68129      -     -    1s
     0     0    1.68129    0  199          -    1.68129      -     -    1s
     0     0    1.68129    0  198          -    1.68129      -     -    1s
     0     0    1.68129    0  177          -    1.68129      -     -    1s
     0     0    1.68129    0  206          -    1.68129      -     -    1s
     0     0    1.68129    0  197          -    1.68129      -     -    1s
     0     0    1.68129    0  196          -    1.68129      -     -    1s
     0     0    1.68129    0  198          -    1.68129      -     -    1s
     0     0    1.68129    0  207          -    1.68129      -     -    1s
     0     0    1.68129    0  200          -    1.68129      -     -    1s
     0     0    1.68129    0  197          -    1.68129      -     -    1s
     0     0    1.68129    0  197          -    1.68129      -     -    1s
     0     0    1.68129    0  180          -    1.68129      -     -    1s
     0     0    1.68129    0  214          -    1.68129      -     -    1s
     0     0    1.68129    0  205          -    1.68129      -     -    1s
     0     0    1.68129    0  207          -    1.68129      -     -    1s
     0     0    1.68129    0  204          -    1.68129      -     -    1s
     0     0    1.68129    0  203          -    1.68129      -     -    1s
     0     0    1.68129    0  179          -    1.68129      -     -    1s
     0     0    1.68129    0  142          -    1.68129      -     -    1s
     0     0    1.68129    0  177          -    1.68129      -     -    1s
     0     0    1.68129    0  178          -    1.68129      -     -    1s
     0     0    1.68129    0  200          -    1.68129      -     -    1s
     0     0    1.68129    0  177          -    1.68129      -     -    1s
     0     0    1.68129    0  166          -    1.68129      -     -    1s
     0     0    1.68129    0  183          -    1.68129      -     -    1s
     0     0    1.68129    0  205          -    1.68129      -     -    1s
     0     0    1.68129    0  203          -    1.68129      -     -    1s
     0     0    1.68129    0  211          -    1.68129      -     -    1s
     0     0    1.68129    0  212          -    1.68129      -     -    1s
     0     0    1.68129    0  203          -    1.68129      -     -    1s
     0     0    1.68129    0  180          -    1.68129      -     -    1s
     0     0    1.68129    0  191          -    1.68129      -     -    1s
     0     0    1.68129    0  185          -    1.68129      -     -    1s
     0     0    1.68129    0  182          -    1.68129      -     -    1s
     0     0    2.00000    0  203          -    2.00000      -     -    1s
     0     0    2.00000    0  204          -    2.00000      -     -    1s
     0     0    2.00000    0  180          -    2.00000      -     -    1s
     0     0    2.00000    0  193          -    2.00000      -     -    1s
     0     0    2.00000    0  199          -    2.00000      -     -    1s
     0     0    2.00000    0  203          -    2.00000      -     -    1s
     0     0    2.00000    0  205          -    2.00000      -     -    1s
     0     0    2.00000    0  204          -    2.00000      -     -    1s
     0     0    2.00000    0  204          -    2.00000      -     -    1s
     0     0    2.00000    0  192          -    2.00000      -     -    1s
     0     0    2.00000    0  192          -    2.00000      -     -    1s
     0     2    2.00000    0  192          -    2.00000      -     -    1s
  4160  2389   11.07542   41   58          -    2.62296      -  26.0    5s
 13056  9359   14.23026   49   63          -    4.00000      -  31.1   10s
 21385 15571   18.53985   39   27          -    4.56867      -  31.7   15s
H25545 17631                      32.0000000    4.68094  85.4%  31.8   17s
H25797 15999                      26.0000000    4.68094  82.0%  31.8   17s
H25886 14748                      24.0000000    4.69229  80.4%  31.7   17s
H27373 13865                      22.0000000    4.90333  77.7%  31.4   18s
H28072 10373                      18.0000000    4.92435  72.6%  31.3   18s
 29354 10649    6.77515   25  192   18.00000    5.03004  72.1%  31.5   22s
 29389 10672    6.78321   47  215   18.00000    5.03004  72.1%  31.4   25s
 29430 10700   10.00000   49  182   18.00000    5.03004  72.1%  31.4   30s
 29470 10726   14.00000   30   18   18.00000    6.00000  66.7%  31.4   35s
 36039 11428   12.11594   56   47   18.00000    6.00000  66.7%  29.9   40s
 44957 12103   12.96152   41   38   18.00000    6.00000  66.7%  27.7   45s
 55899 12407 infeasible   41        18.00000    6.00000  66.7%  25.9   50s
 65566 13779     cutoff   44        18.00000    6.15385  65.8%  24.9   55s
 77168 17272   11.01420   36   39   18.00000    6.66667  63.0%  23.9   60s
 88329 20714    9.45763   44   52   18.00000    6.94127  61.4%  23.2   65s
 99232 23717 infeasible   46        18.00000    7.12121  60.4%  22.7   70s
 108519 26133   14.00000   61   40   18.00000    7.33929  59.2%  22.3   75s
 118648 28667   12.85890   45   32   18.00000    7.57038  57.9%  22.0   80s
 128343 30893   14.47497   43   43   18.00000    7.81053  56.6%  21.7   85s
 138127 33252   12.74442   38   38   18.00000    8.00000  55.6%  21.4   90s
 148635 36025 infeasible   50        18.00000    8.00000  55.6%  21.2   95s
 159432 38895   14.00000   44   16   18.00000    8.00000  55.6%  21.0  100s
 169387 41655 infeasible   57        18.00000    8.00000  55.6%  20.9  105s
 180262 44930   12.00000   38   31   18.00000    8.00000  55.6%  20.7  110s
 191875 47920     cutoff   57        18.00000    8.00000  55.6%  20.6  115s
 202286 50122   11.13719   37   40   18.00000    8.13854  54.8%  20.5  120s
 209549 51710 infeasible   45        18.00000    8.23830  54.2%  20.4  125s
 221007 54099   12.69036   55   72   18.00000    8.39548  53.4%  20.3  130s
 232304 56605   11.45763   51   33   18.00000    8.53338  52.6%  20.2  135s
 243503 59135 infeasible   50        18.00000    8.65686  51.9%  20.1  140s
 254746 61658 infeasible   48        18.00000    8.74181  51.4%  20.0  145s
 266199 64353   14.00000   51   37   18.00000    8.80089  51.1%  19.9  150s
 276789 66699    9.09285   41   64   18.00000    8.86009  50.8%  19.8  155s
 287286 68815     cutoff   46        18.00000    8.91271  50.5%  19.8  160s
 296534 70476 infeasible   51        18.00000    8.97504  50.1%  19.7  165s
 307691 72326   10.55714   41   50   18.00000    9.00000  50.0%  19.7  170s
 318203 74149     cutoff   42        18.00000    9.04580  49.7%  19.6  175s
 329594 76097 infeasible   46        18.00000    9.10502  49.4%  19.6  180s
 340174 77575   13.00000   55   45   18.00000    9.16384  49.1%  19.5  185s
 350219 79029   12.00000   43   45   18.00000    9.22997  48.7%  19.5  190s
 360166 80496   12.41646   50   45   18.00000    9.31899  48.2%  19.4  195s
 368886 81710   11.00000   45   29   18.00000    9.37054  47.9%  19.4  200s
 379662 83285 infeasible   58        18.00000    9.44118  47.5%  19.4  205s
 389263 84686 infeasible   59        18.00000    9.48967  47.3%  19.3  210s
 400414 86298   13.11483   51   68   18.00000    9.57450  46.8%  19.3  215s
 410885 87671   12.38721   59   52   18.00000    9.68254  46.2%  19.2  220s
 422202 89015 infeasible   49        18.00000    9.78869  45.6%  19.2  225s
 433177 90256     cutoff   45        18.00000    9.86913  45.2%  19.2  230s
 443355 91199   10.54289   54   41   18.00000    9.99296  44.5%  19.1  235s
 453661 92837   13.32184   51   25   18.00000   10.00000  44.4%  19.1  240s
 464524 94337 infeasible   55        18.00000   10.00000  44.4%  19.1  245s
 475378 96045 infeasible   46        18.00000   10.00000  44.4%  19.1  250s
 486202 97722     cutoff   47        18.00000   10.00000  44.4%  19.0  255s
 496947 99431   12.53389   48   87   18.00000   10.00000  44.4%  19.0  260s
 499371 99692 infeasible   47        18.00000   10.00000  44.4%  19.0  265s
 510637 101583   14.00000   45   31   18.00000   10.00000  44.4%  19.0  270s
 520228 103202     cutoff   44        18.00000   10.00000  44.4%  19.0  275s
 530986 105116 infeasible   55        18.00000   10.00000  44.4%  19.0  280s
 540841 106739 infeasible   45        18.00000   10.00000  44.4%  19.0  285s
 551482 108404 infeasible   52        18.00000   10.00000  44.4%  19.0  290s
 560954 109851 infeasible   55        18.00000   10.00000  44.4%  19.0  295s
 572102 111725   12.00000   50   18   18.00000   10.00000  44.4%  19.0  300s
 582967 113507 infeasible   64        18.00000   10.00000  44.4%  19.0  305s
 593704 115264 infeasible   45        18.00000   10.00000  44.4%  19.0  310s
 603367 116846 infeasible   55        18.00000   10.00000  44.4%  19.0  315s
 614213 118502   10.00000   52   19   18.00000   10.00000  44.4%  19.0  320s
 625059 120193   14.00000   46   28   18.00000   10.00000  44.4%  19.0  325s
 635920 121945   12.00000   53   44   18.00000   10.00000  44.4%  19.0  330s
 645545 123667   10.18340   45   55   18.00000   10.00000  44.4%  19.0  335s
 654327 125103   13.02941   66   47   18.00000   10.00000  44.4%  19.0  340s
 663309 126559   12.00000   44   30   18.00000   10.00000  44.4%  19.0  345s
 674492 128445 infeasible   47        18.00000   10.00000  44.4%  19.0  350s
 685397 129857   13.00490   39   68   18.00000   10.02559  44.3%  19.0  355s
 695906 130696 infeasible   58        18.00000   10.08188  44.0%  19.0  360s
 705721 131534   13.65220   51   31   18.00000   10.13083  43.7%  19.0  365s
 717038 132324   13.00000   39   35   18.00000   10.19048  43.4%  19.0  370s
 728263 133236 infeasible   49        18.00000   10.25264  43.0%  18.9  375s
 738762 134019     cutoff   54        18.00000   10.30961  42.7%  18.9  380s
 749248 134828 infeasible   58        18.00000   10.36364  42.4%  18.9  385s
 759127 135746 infeasible   42        18.00000   10.41051  42.2%  18.9  390s
 770320 136737 infeasible   47        18.00000   10.46500  41.9%  18.9  395s
 781003 137393 infeasible   55        18.00000   10.51502  41.6%  18.9  400s
 787750 138162   12.27134   48   51   18.00000   10.54843  41.4%  18.9  405s
 801810 139197   12.00000   43   28   18.00000   10.61334  41.0%  18.9  410s
 812122 140462   13.75000   50   30   18.00000   10.64407  40.9%  18.8  415s
 823002 141960   14.00000   47   28   18.00000   10.66667  40.7%  18.8  420s
 834938 143367   10.72101   41   51   18.00000   10.69296  40.6%  18.8  425s
 845897 144535   12.71429   40   30   18.00000   10.70900  40.5%  18.8  430s
 854621 145611   11.33333   51   35   18.00000   10.72727  40.4%  18.8  435s
 860226 146460 infeasible   52        18.00000   10.73237  40.4%  18.7  440s
 872120 147921   13.20930   58   50   18.00000   10.75276  40.3%  18.7  445s
 882871 149419 infeasible   65        18.00000   10.76923  40.2%  18.7  450s
 893551 150782 infeasible   56        18.00000   10.77818  40.1%  18.7  455s
 903993 151994   12.00000   52   28   18.00000   10.79122  40.0%  18.7  460s
 914737 153055 infeasible   53        18.00000   10.80984  39.9%  18.6  465s
 926105 154312   11.48768   48   67   18.00000   10.82505  39.9%  18.6  470s
 936344 155292 infeasible   61        18.00000   10.84477  39.8%  18.6  475s
 947542 156520   13.57707   53   36   18.00000   10.85774  39.7%  18.6  480s
 957990 157624 infeasible   63        18.00000   10.86781  39.6%  18.6  485s
 968120 158640 infeasible   53        18.00000   10.88473  39.5%  18.6  490s
 979626 159618 infeasible   52        18.00000   10.89985  39.4%  18.6  495s
 990532 160448   12.72957   44   35   18.00000   10.92393  39.3%  18.6  500s
 1001324 161426   13.64814   47   45   18.00000   10.94543  39.2%  18.6  505s
 1012109 161761     cutoff   41        18.00000   10.97108  39.0%  18.6  510s
 1022730 162370 infeasible   50        18.00000   10.98880  39.0%  18.6  515s
 1032526 162854 infeasible   50        18.00000   11.00000  38.9%  18.6  520s
 1043580 163399   13.03004   59   44   18.00000   11.00000  38.9%  18.5  525s
 1054467 163892   14.00000   44   31   18.00000   11.00829  38.8%  18.5  530s
 1065150 164349 infeasible   65        18.00000   11.01853  38.8%  18.5  535s
 1074452 164574   14.00000   61   37   18.00000   11.03799  38.7%  18.5  540s
 1084661 164525 infeasible   46        18.00000   11.06086  38.6%  18.5  545s
 1096527 164749   12.00000   52   24   18.00000   11.08725  38.4%  18.5  550s
 1107171 165292   13.95491   56   67   18.00000   11.11111  38.3%  18.5  555s
 1117498 165683   14.00000   47   27   18.00000   11.13034  38.2%  18.5  560s
 1126217 165576 infeasible   49        18.00000   11.15000  38.1%  18.5  565s
 1137423 165164   11.81818   42   32   18.00000   11.17949  37.9%  18.5  570s
 1146776 165366   12.99629   46   63   18.00000   11.21071  37.7%  18.5  575s
 1157521 165285 infeasible   50        18.00000   11.24437  37.5%  18.5  580s
 1168190 165067 infeasible   44        18.00000   11.28024  37.3%  18.5  585s
 1178174 165152   14.00000   44   20   18.00000   11.31248  37.2%  18.5  590s
 1187008 165163 infeasible   63        18.00000   11.33333  37.0%  18.5  595s
 1197718 164976 infeasible   68        18.00000   11.36026  36.9%  18.5  600s
 1208401 165263     cutoff   63        18.00000   11.39738  36.7%  18.5  605s
 1218762 165656   15.49464   61   98   18.00000   11.41863  36.6%  18.5  610s
 1229765 165317   14.00000   44   28   18.00000   11.44118  36.4%  18.5  615s
 1240207 165148 infeasible   54        18.00000   11.46023  36.3%  18.4  620s
 1250745 164897   16.00000   50   48   18.00000   11.50388  36.1%  18.4  625s
 1261547 164545   14.00000   54   28   18.00000   11.54583  35.9%  18.4  630s
 1269020 164408     cutoff   45        18.00000   11.56863  35.7%  18.4  635s
 1280710 164400 infeasible   44        18.00000   11.61591  35.5%  18.4  640s
 1290715 164210   13.44116   50   77   18.00000   11.65631  35.2%  18.4  645s
 1294003 164159     cutoff   48        18.00000   11.66908  35.2%  18.4  650s
 1305159 163845   13.57314   47   47   18.00000   11.71723  34.9%  18.4  655s
 1316147 163823   12.46577   45   54   18.00000   11.76471  34.6%  18.4  660s
 1326243 163638 infeasible   47        18.00000   11.79506  34.5%  18.4  665s
 1336541 163117 infeasible   50        18.00000   11.82090  34.3%  18.4  670s
 1346966 162925     cutoff   53        18.00000   11.86123  34.1%  18.4  675s
 1357604 162510   13.90552   53   54   18.00000   11.90621  33.9%  18.4  680s
 1368089 162064   15.95716   47   64   18.00000   11.96600  33.5%  18.4  685s
 1379146 162161 infeasible   60        18.00000   12.00000  33.3%  18.4  690s
 1389555 162178   12.00000   51   27   18.00000   12.00000  33.3%  18.3  695s
 1399611 162026   12.82062   43   33   18.00000   12.00000  33.3%  18.3  700s
 1410495 162006   13.10215   43   66   18.00000   12.00000  33.3%  18.3  705s
 1420116 162133   12.94836   47   45   18.00000   12.00000  33.3%  18.3  710s
 1430889 162503 infeasible   55        18.00000   12.00000  33.3%  18.3  715s
 1441827 162871     cutoff   61        18.00000   12.00000  33.3%  18.3  720s
 1451600 163072   13.45763   41   18   18.00000   12.00000  33.3%  18.3  725s
 1462750 163136     cutoff   55        18.00000   12.00000  33.3%  18.3  730s
 1473591 163303 infeasible   53        18.00000   12.00000  33.3%  18.3  735s
 1484400 163474   14.00000   54   32   18.00000   12.00000  33.3%  18.3  740s
 1494037 163568 infeasible   56        18.00000   12.00000  33.3%  18.3  745s
 1503784 163766   14.00000   43   64   18.00000   12.00000  33.3%  18.3  750s
 1514663 164097   13.93403   50   72   18.00000   12.00000  33.3%  18.3  755s
 1525299 164371   15.63636   48   22   18.00000   12.00000  33.3%  18.3  760s
 1536136 164517 infeasible   53        18.00000   12.00000  33.3%  18.3  765s
 1546872 164619   12.70531   62   24   18.00000   12.00000  33.3%  18.3  770s
 1557608 164856   14.00000   47   37   18.00000   12.00000  33.3%  18.3  775s
 1568290 165004   14.00000   47   24   18.00000   12.00000  33.3%  18.3  780s
 1579063 165083     cutoff   38        18.00000   12.00000  33.3%  18.3  786s
 1587262 165196 infeasible   45        18.00000   12.00000  33.3%  18.3  790s
 1598119 165315 infeasible   51        18.00000   12.00000  33.3%  18.3  795s
 1609001 165406   13.34812   60   76   18.00000   12.00000  33.3%  18.3  800s
 1619842 165452   14.00000   50   36   18.00000   12.00000  33.3%  18.3  805s
 1630113 165579   14.00000   46   41   18.00000   12.00000  33.3%  18.3  810s
 1641091 165679 infeasible   65        18.00000   12.00000  33.3%  18.3  815s
 1651695 165744 infeasible   62        18.00000   12.00000  33.3%  18.3  820s
 1662651 165873   12.77003   51   48   18.00000   12.00000  33.3%  18.3  825s
 1671336 165973 infeasible   48        18.00000   12.00000  33.3%  18.3  830s
 1682099 166052   13.61982   56   68   18.00000   12.00000  33.3%  18.3  835s
 1693993 166192   14.00000   62   59   18.00000   12.00000  33.3%  18.3  840s
 1703629 166351   13.48980   52   57   18.00000   12.00000  33.3%  18.3  848s
 1706687 166375   14.00000   42   42   18.00000   12.00000  33.3%  18.3  850s
 1718078 166513   14.00000   46   48   18.00000   12.00000  33.3%  18.3  855s
 1725731 166492   12.77515   52   56   18.00000   12.00000  33.3%  18.3  860s
 1735557 166575   13.49542   45   87   18.00000   12.00000  33.3%  18.3  865s
 1745161 166691   13.21049   48   38   18.00000   12.00000  33.3%  18.3  870s
 1757208 166779 infeasible   52        18.00000   12.00000  33.3%  18.3  875s
 1765661 166790   12.42779   53   30   18.00000   12.00000  33.3%  18.3  880s
 1777593 166885   14.00000   52   39   18.00000   12.00000  33.3%  18.3  885s
 1787137 167068   15.39070   49   37   18.00000   12.00000  33.3%  18.3  890s
 1797970 167165 infeasible   55        18.00000   12.00000  33.3%  18.3  895s
 1806005 167267 infeasible   50        18.00000   12.00000  33.3%  18.3  900s
 1817221 167412   14.00000   41   29   18.00000   12.00000  33.3%  18.3  905s
 1828062 167428     cutoff   54        18.00000   12.00000  33.3%  18.3  910s
 1838859 167521   12.00000   59   37   18.00000   12.00000  33.3%  18.3  915s
 1849618 167727 infeasible   62        18.00000   12.00000  33.3%  18.3  920s
 1860374 167804     cutoff   54        18.00000   12.00000  33.3%  18.3  925s
 1871148 167946 infeasible   45        18.00000   12.00000  33.3%  18.3  930s
 1881892 167963   12.00000   45   35   18.00000   12.00000  33.3%  18.3  935s
 1892624 168005 infeasible   58        18.00000   12.00000  33.3%  18.3  940s
 1903410 167985 infeasible   57        18.00000   12.00000  33.3%  18.3  945s
 1914504 167324     cutoff   48        18.00000   12.02752  33.2%  18.3  950s
 1923038 166751     cutoff   60        18.00000   12.05620  33.0%  18.3  955s
 1933143 166000 infeasible   51        18.00000   12.08187  32.9%  18.3  960s
 1944086 165273 infeasible   52        18.00000   12.11111  32.7%  18.3  965s
 1954209 164496   12.75032   50   80   18.00000   12.13599  32.6%  18.3  970s
 1964931 163689   12.20225   52   28   18.00000   12.16649  32.4%  18.3  975s
 1975158 162599   12.97707   65   71   18.00000   12.19622  32.2%  18.3  980s
 1985053 161635   13.92036   62  125   18.00000   12.22876  32.1%  18.3  985s
 1995951 160471 infeasible   61        18.00000   12.26433  31.9%  18.3  990s
 2001247 159899     cutoff   44        18.00000   12.28299  31.8%  18.3  995s
 2013084 158725   13.76471   48   44   18.00000   12.32618  31.5%  18.3 1000s
 2023305 157560 infeasible   57        18.00000   12.36187  31.3%  18.3 1005s
 2033350 156305 infeasible   51        18.00000   12.40000  31.1%  18.3 1010s
 2043455 155049 infeasible   57        18.00000   12.43478  30.9%  18.3 1015s
 2054146 153607 infeasible   54        18.00000   12.47899  30.7%  18.3 1020s
 2065065 152019 infeasible   46        18.00000   12.52057  30.4%  18.3 1025s
 2075863 150461   13.56963   53   77   18.00000   12.56116  30.2%  18.3 1030s
 2086499 149113 infeasible   52        18.00000   12.60909  29.9%  18.3 1035s
 2096053 148079 infeasible   36        18.00000   12.62317  29.9%  18.3 1040s
 2107064 147310 infeasible   49        18.00000   12.64219  29.8%  18.3 1045s
 2117636 146329   14.00000   52   28   18.00000   12.66523  29.6%  18.3 1050s
 2127418 145460 infeasible   52        18.00000   12.68060  29.6%  18.3 1055s
 2137911 144846   14.00000   52   27   18.00000   12.69347  29.5%  18.3 1060s
 2149036 143606 infeasible   52        18.00000   12.70833  29.4%  18.3 1065s
 2159287 142686   12.82062   41   41   18.00000   12.72285  29.3%  18.2 1070s
 2170199 141390   14.00000   52   39   18.00000   12.74074  29.2%  18.2 1075s
 2180597 140361   14.00000   46   31   18.00000   12.75556  29.1%  18.2 1080s
 2191870 139208 infeasible   46        18.00000   12.76923  29.1%  18.2 1085s
 2202512 138129   14.00000   62   22   18.00000   12.77105  29.0%  18.2 1090s
 2212053 137173   14.00000   54   24   18.00000   12.78517  29.0%  18.2 1095s
 2222283 135939 infeasible   48        18.00000   12.79367  28.9%  18.2 1100s
 2233801 134512     cutoff   54        18.00000   12.80984  28.8%  18.2 1105s
 2244268 132902 infeasible   47        18.00000   12.82314  28.8%  18.2 1110s
 2253828 131453   13.67702   44   45   18.00000   12.83315  28.7%  18.2 1115s
 2264196 129771   14.00000   48   35   18.00000   12.84477  28.6%  18.2 1120s
 2275405 128445 infeasible   55        18.00000   12.85714  28.6%  18.2 1125s
 2286376 126823   14.00000   52   44   18.00000   12.86919  28.5%  18.2 1130s
 2296906 125315   14.00000   48   50   18.00000   12.88473  28.4%  18.2 1135s
 2307302 123454   14.00000   53   47   18.00000   12.90242  28.3%  18.2 1140s
 2318151 121535 infeasible   41        18.00000   12.92949  28.2%  18.2 1145s
 2328713 119909   14.00000   51   19   18.00000   12.95147  28.0%  18.2 1150s
 2339535 117552 infeasible   52        18.00000   12.97512  27.9%  18.2 1155s
 2349261 115659 infeasible   59        18.00000   12.99223  27.8%  18.2 1160s
 2360267 113646     cutoff   58        18.00000   13.00000  27.8%  18.2 1165s
 2371096 112031   14.00000   43   31   18.00000   13.00000  27.8%  18.2 1170s
 2378149 110818   14.00000   50   44   18.00000   13.00966  27.7%  18.1 1175s
 2386631 108569   13.17241   51   33   18.00000   13.02486  27.6%  18.1 1180s
 2397075 105988   14.43921   53  114   18.00000   13.05050  27.5%  18.1 1185s
 2408223 103170     cutoff   46        18.00000   13.09024  27.3%  18.1 1190s
 2418648 101111 infeasible   44        18.00000   13.11779  27.1%  18.1 1195s
 2429700 98424   14.00000   62   47   18.00000   13.14728  27.0%  18.1 1200s
 2439924 95436 infeasible   52        18.00000   13.18156  26.8%  18.1 1205s
 2450025 92450   14.00000   53   20   18.00000   13.22293  26.5%  18.1 1210s
 2458492 89995 infeasible   66        18.00000   13.26960  26.3%  18.1 1215s
 2467689 87078   13.68410   50   62   18.00000   13.32221  26.0%  18.1 1220s
 2479238 83867 infeasible   47        18.00000   13.37809  25.7%  18.1 1225s
 2490492 81037     cutoff   45        18.00000   13.41937  25.4%  18.1 1230s
 2500781 77088 infeasible   48        18.00000   13.46341  25.2%  18.1 1235s
 2509580 74096 infeasible   63        18.00000   13.53279  24.8%  18.1 1240s
 2520889 70265   14.00000   51   17   18.00000   13.61000  24.4%  18.1 1245s
 2531678 65537     cutoff   57        18.00000   13.71723  23.8%  18.1 1250s
 2542810 60911 infeasible   47        18.00000   13.81805  23.2%  18.0 1255s
 2553600 56449 infeasible   48        18.00000   13.96023  22.4%  18.0 1260s
 2564349 53392 infeasible   53        18.00000   14.00000  22.2%  18.0 1265s
 2574749 51035   14.00000   49   33   18.00000   14.00000  22.2%  18.0 1270s
 2585484 48517 infeasible   56        18.00000   14.00000  22.2%  18.0 1275s
 2595997 45507   14.00000   48   33   18.00000   14.00000  22.2%  18.0 1280s
 2606462 42185 infeasible   59        18.00000   14.00000  22.2%  18.0 1285s
 2617274 38885   14.00000   49   34   18.00000   14.00000  22.2%  18.0 1290s
 2628048 35453   14.00000   42   20   18.00000   14.00000  22.2%  18.0 1295s
 2640216 31375   14.00000   56   44   18.00000   14.00000  22.2%  18.1 1300s
 2650852 28081 infeasible   45        18.00000   14.00000  22.2%  18.1 1305s
 2661464 24844 infeasible   46        18.00000   14.00000  22.2%  18.1 1310s
 2671808 21475 infeasible   44        18.00000   14.00000  22.2%  18.1 1315s
 2683950 17730 infeasible   57        18.00000   14.00000  22.2%  18.1 1321s
 2689667 15138   15.15840   59   75   18.00000   14.00000  22.2%  18.1 1325s
 2702238  5291 infeasible   55        18.00000   14.76667  18.0%  18.0 1330s

Cutting planes:
  Lift-and-project: 10
  Cover: 29
  Implied bound: 34
  Clique: 22
  MIR: 10
  Flow cover: 25
  Inf proof: 3
  Zero half: 20
  Relax-and-lift: 5

Explored 2708824 nodes (48851572 simplex iterations) in 1332.38 seconds (1000.26 work units)
Thread count was 8 (of 8 available processors)

Solution count 5: 18 22 24 ... 32

Optimal solution found (tolerance 1.00e-04)
Best objective 1.800000000000e+01, best bound 1.800000000000e+01, gap 0.0000%
