
Gurobi 9.5.2 (mac64[x86], Python) logging started Mon Aug 29 15:02:38 2022

Set parameter Username
Set parameter LogFile to value "best-diff-new-future-4.log"
Academic license - for non-commercial use only - expires 2023-07-03
Read LP format model from file new_best_diff_future_4.lp
Reading time = 0.01 seconds
: 1989 rows, 1508 columns, 13772 nonzeros
Gurobi Optimizer version 9.5.2 build v9.5.2rc0 (mac64[x86])
Thread count: 4 physical cores, 8 logical processors, using up to 8 threads
Optimize a model with 1989 rows, 1508 columns and 13772 nonzeros
Model fingerprint: 0x6b5a4d22
Variable types: 0 continuous, 1508 integer (1508 binary)
Coefficient statistics:
  Matrix range     [1e+00, 2e+01]
  Objective range  [2e+00, 4e+00]
  Bounds range     [1e+00, 1e+00]
  RHS range        [1e+00, 2e+01]
Presolve removed 289 rows and 656 columns
Presolve time: 0.12s
Presolved: 1700 rows, 852 columns, 12380 nonzeros
Variable types: 0 continuous, 852 integer (660 binary)

Root relaxation: objective 3.579701e+01, 1038 iterations, 0.03 seconds (0.02 work units)

    Nodes    |    Current Node    |     Objective Bounds      |     Work
 Expl Unexpl |  Obj  Depth IntInf | Incumbent    BestBd   Gap | It/Node Time

     0     0   35.79701    0  186          -   35.79701      -     -    0s
     0     0   35.90115    0  359          -   35.90115      -     -    0s
     0     0   35.90115    0  361          -   35.90115      -     -    0s
     0     0   36.70013    0  356          -   36.70013      -     -    0s
     0     0   36.70908    0  358          -   36.70908      -     -    0s
     0     0   36.70960    0  363          -   36.70960      -     -    0s
     0     0   36.71590    0  361          -   36.71590      -     -    0s
     0     0   36.71590    0  361          -   36.71590      -     -    0s
     0     0   37.83224    0  424          -   37.83224      -     -    0s
     0     0   38.77591    0  459          -   38.77591      -     -    0s
     0     0   38.79310    0  483          -   38.79310      -     -    0s
     0     0   38.79636    0  470          -   38.79636      -     -    0s
     0     0   38.79700    0  467          -   38.79700      -     -    0s
     0     0   38.79741    0  468          -   38.79741      -     -    0s
     0     0   40.34237    0  410          -   40.34237      -     -    0s
     0     0   43.77690    0  422          -   43.77690      -     -    0s
     0     0   43.80884    0  457          -   43.80884      -     -    1s
     0     0   43.82374    0  457          -   43.82374      -     -    1s
     0     0   43.82474    0  459          -   43.82474      -     -    1s
     0     0   43.92865    0  430          -   43.92865      -     -    1s
     0     0   43.95611    0  531          -   43.95611      -     -    1s
     0     0   43.96168    0  426          -   43.96168      -     -    1s
     0     0   43.96251    0  457          -   43.96251      -     -    1s
     0     0   44.85283    0  378          -   44.85283      -     -    1s
     0     0   44.98863    0  426          -   44.98863      -     -    1s
     0     0   45.03810    0  418          -   45.03810      -     -    1s
     0     0   45.03989    0  402          -   45.03989      -     -    1s
     0     0   45.19410    0  337          -   45.19410      -     -    1s
     0     0   45.27955    0  354          -   45.27955      -     -    1s
     0     0   45.30113    0  349          -   45.30113      -     -    1s
     0     0   45.30302    0  388          -   45.30302      -     -    1s
     0     0   45.44497    0  328          -   45.44497      -     -    1s
     0     0   45.54786    0  365          -   45.54786      -     -    1s
     0     0   45.57986    0  411          -   45.57986      -     -    1s
     0     0   45.58457    0  341          -   45.58457      -     -    1s
     0     0   45.58531    0  358          -   45.58531      -     -    1s
     0     0   45.59488    0  449          -   45.59488      -     -    1s
     0     0   45.59599    0  377          -   45.59599      -     -    1s
     0     0   45.60081    0  404          -   45.60081      -     -    1s
     0     0   45.60433    0  439          -   45.60433      -     -    1s
     0     0   45.60465    0  444          -   45.60465      -     -    1s
     0     0   45.71893    0  286          -   45.71893      -     -    1s
     0     0   45.75854    0  328          -   45.75854      -     -    1s
     0     0   45.79047    0  299          -   45.79047      -     -    1s
     0     0   45.81224    0  333          -   45.81224      -     -    1s
     0     0   45.81786    0  343          -   45.81786      -     -    1s
     0     0   45.81804    0  347          -   45.81804      -     -    1s
     0     0   46.35159    0  233          -   46.35159      -     -    2s
     0     0   46.40310    0  283          -   46.40310      -     -    2s
     0     0   46.49347    0  299          -   46.49347      -     -    2s
     0     0   46.49633    0  302          -   46.49633      -     -    2s
     0     0   46.52768    0  226          -   46.52768      -     -    2s
     0     0   46.53200    0  208          -   46.53200      -     -    2s
     0     0   46.53200    0  246          -   46.53200      -     -    2s
     0     0   46.59330    0  272          -   46.59330      -     -    2s
     0     0   46.62780    0  186          -   46.62780      -     -    2s
     0     0   46.64594    0  307          -   46.64594      -     -    2s
     0     0   46.67964    0  351          -   46.67964      -     -    2s
     0     0   46.68051    0  291          -   46.68051      -     -    2s
     0     0   46.74179    0  306          -   46.74179      -     -    2s
     0     0   46.83446    0  371          -   46.83446      -     -    2s
     0     0   46.83932    0  362          -   46.83932      -     -    2s
     0     0   46.84445    0  365          -   46.84445      -     -    2s
     0     0   46.84628    0  357          -   46.84628      -     -    2s
     0     0   46.89523    0  342          -   46.89523      -     -    2s
     0     0   46.89742    0  381          -   46.89742      -     -    2s
     0     0   46.98210    0  321          -   46.98210      -     -    2s
     0     0   46.99167    0  346          -   46.99167      -     -    2s
     0     0   46.99496    0  336          -   46.99496      -     -    2s
     0     0   47.55383    0  304          -   47.55383      -     -    2s
     0     0   47.61020    0  345          -   47.61020      -     -    2s
     0     0   47.61495    0  369          -   47.61495      -     -    2s
     0     0   47.61588    0  384          -   47.61588      -     -    2s
     0     0   47.68854    0  166          -   47.68854      -     -    2s
     0     0   47.73210    0  310          -   47.73210      -     -    2s
     0     0   47.73693    0  299          -   47.73693      -     -    2s
     0     0   47.79614    0  249          -   47.79614      -     -    2s
     0     0   47.79624    0  281          -   47.79624      -     -    2s
     0     0   47.81995    0  289          -   47.81995      -     -    3s
     0     0   47.81995    0  215          -   47.81995      -     -    3s
     0     2   47.81995    0  200          -   47.81995      -     -    3s
  1074   696   50.00000   25  201          -   50.00000      -  11.5    5s
  6944  4325   62.00000   31   70          -   50.00000      -  24.0   10s
 12499  7869   50.00000   22  176          -   50.00000      -  35.4   15s
 18081 11360 infeasible   38               -   50.00000      -  37.5   20s
 23944 15623   52.05263   24  335          -   50.00000      -  41.1   25s
 27821 18053   52.00000   41  100          -   50.00000      -  44.5   30s
 29483 19605   54.00000   45  121          -   50.00000      -  45.8   40s
 33831 21859   52.00000   49  113          -   50.00000      -  48.0   46s
 36238 23477 infeasible   46               -   50.00000      -  50.4   50s
 40145 25906   54.00000   30  148          -   50.00000      -  53.3   56s
 42314 27288   72.11112   50  108          -   50.00000      -  54.8   60s
 45478 29023   53.24472   24  243          -   50.00000      -  57.0   65s
 48864 31157   54.00000   30  130          -   50.00000      -  58.6   71s
 50811 32340   58.30000   56   84          -   50.00000      -  59.9   75s
 54708 34795   54.00000   37  155          -   50.00000      -  61.7   81s
 58210 37006   62.00000   45   74          -   50.00000      -  63.6   86s
 61088 38927 infeasible   50               -   50.00000      -  64.9   92s
 62255 39669   62.40000   34  106          -   50.00000      -  65.4   95s
 64646 40928   68.00000   35  122          -   50.00000      -  66.3  103s
H64648 40926                      90.0000000   50.00000  44.4%  66.3  103s
 65277 41546 infeasible   48        90.00000   50.00000  44.4%  66.6  106s
H65282 41542                      86.0000000   50.00000  41.9%  66.6  106s
H66451 42149                      84.0000000   50.00000  40.5%  67.0  108s
H66672 42143                      82.0000000   50.00000  39.0%  67.2  108s
 67358 42619   52.00000   36   99   82.00000   50.00000  39.0%  67.4  111s
H67455 42601                      80.0000000   50.00000  37.5%  67.4  111s
 69088 43569   50.50000   27  216   80.00000   50.00000  37.5%  68.2  115s
H69568 43415                      76.0000000   50.00000  34.2%  68.5  115s
 69881 43835   52.50000   44  239   76.00000   50.00000  34.2%  68.6  124s
 70316 44046   50.00000   28  182   76.00000   50.00000  34.2%  68.7  130s
 70672 44096   60.00882   37  135   76.00000   50.00000  34.2%  68.8  136s
H70728 42554                      70.0000000   50.00000  28.6%  68.9  136s
 70762 42698   60.00000   38  110   70.00000   50.00000  28.6%  68.9  141s
H70764 40794                      68.0000000   50.00000  26.5%  68.9  141s
H70942 37585                      66.0000000   50.00000  24.2%  69.0  141s
 71123 37851     cutoff   28        66.00000   50.00000  24.2%  69.0  146s
 71621 38271   54.38095   27  195   66.00000   50.00000  24.2%  69.2  150s
 72479 38278   54.00000   26  121   66.00000   50.00000  24.2%  69.5  160s
 73625 39473   54.00000   28  137   66.00000   50.00000  24.2%  69.8  167s
 75673 40332     cutoff   48        66.00000   50.00000  24.2%  70.7  172s
 76565 40413 infeasible   23        66.00000   50.00000  24.2%  71.1  179s
 76743 41022   54.00000   24  166   66.00000   50.00000  24.2%  71.3  183s
 78002 41607   54.00000   29  172   66.00000   50.00000  24.2%  71.8  186s
 80157 42622   56.50000   26  189   66.00000   50.00000  24.2%  72.9  191s
 81991 43097   52.50000   25  251   66.00000   50.00000  24.2%  73.8  204s
 82420 43484   60.00000   32  116   66.00000   50.00000  24.2%  74.0  206s
 84163 43791   60.41409   54  185   66.00000   50.06359  24.1%  74.8  213s
 84178 43839 infeasible   57        66.00000   50.06379  24.1%  74.8  218s
 84263 44152   58.00000   37  164   66.00000   50.06667  24.1%  74.9  221s
 85929 44764   64.00000   41  165   66.00000   50.16000  24.0%  75.8  226s
 87651 45475   56.31975   41  154   66.00000   50.24579  23.9%  76.8  230s
 89433 46071   64.00000   31  100   66.00000   50.40000  23.6%  77.5  235s
 90828 46643     cutoff   45        66.00000   50.48889  23.5%  78.0  240s
 92387 47221   60.00000   38  148   66.00000   50.60905  23.3%  78.7  245s
 93958 47913     cutoff   32        66.00000   50.72727  23.1%  79.6  250s
 96426 48984   60.00000   32  120   66.00000   51.00000  22.7%  80.7  256s
 98110 49691   57.79167   45  127   66.00000   51.14286  22.5%  81.5  261s
 99878 50383   54.00000   26  177   66.00000   51.50000  22.0%  82.1  266s
 101511 50915 infeasible   39        66.00000   52.00000  21.2%  82.9  273s
 102589 51239   60.00000   26  223   66.00000   52.00000  21.2%  83.5  277s
 103602 51631   62.00000   28  191   66.00000   52.00000  21.2%  84.1  281s
 105619 52449   61.00000   40  128   66.00000   52.00000  21.2%  85.1  287s
 106813 52895   62.00000   36  128   66.00000   52.00000  21.2%  85.5  291s
 108033 53318 infeasible   53        66.00000   52.00000  21.2%  86.0  295s
 110319 54354   64.00000   31  122   66.00000   52.00000  21.2%  87.1  303s
 111596 54776   62.00000   39  127   66.00000   52.00000  21.2%  87.5  309s
 112613 55239 infeasible   42        66.00000   52.00000  21.2%  88.1  313s
 113733 55744   62.07431   51  125   66.00000   52.00000  21.2%  88.5  317s
 114943 56279 infeasible   39        66.00000   52.00000  21.2%  89.0  321s
 117389 57318   64.00000   38   94   66.00000   52.00000  21.2%  89.9  328s
 118542 57809 infeasible   24        66.00000   52.00000  21.2%  90.3  332s
 119713 58185   57.32075   35  187   66.00000   52.00000  21.2%  90.7  336s
 120591 58733   60.30769   44  101   66.00000   52.00000  21.2%  91.0  340s
 122911 59720   63.01498   58  233   66.00000   52.00000  21.2%  91.8  349s
 124060 60218   58.17529   37  195   66.00000   52.00000  21.2%  92.4  353s
 125159 60760 infeasible   42        66.00000   52.00000  21.2%  92.9  358s
 126502 61259 infeasible   25        66.00000   52.00000  21.2%  93.2  362s
 127732 61709   58.00000   24  203   66.00000   52.00000  21.2%  93.6  366s
 128781 62277   58.12218   24  154   66.00000   52.00000  21.2%  94.0  371s
 130113 62684   56.84522   45  215   66.00000   52.00000  21.2%  94.3  376s
 131153 63194   60.13627   49  144   66.00000   52.00000  21.2%  94.7  381s
 132337 63746   62.05143   26  198   66.00000   52.00000  21.2%  95.2  386s
 133556 64156 infeasible   33        66.00000   52.00000  21.2%  95.5  391s
 135653 64883   64.00000   40   77   66.00000   52.00000  21.2%  96.1  398s
 136671 65489   64.00000   45  121   66.00000   52.00000  21.2%  96.4  403s
 137774 66082 infeasible   35        66.00000   52.00000  21.2%  96.8  408s
 139029 66595   52.01798   30  237   66.00000   52.00000  21.2%  97.2  414s
 140169 67033   64.00000   44  149   66.00000   52.00000  21.2%  97.7  419s
 141457 67576   62.00000   28  139   66.00000   52.00000  21.2%  98.0  424s
 142641 68004   62.16667   48  149   66.00000   52.00000  21.2%  98.3  428s
 143785 68533 infeasible   34        66.00000   52.00000  21.2%  98.7  433s
 144959 68955   60.50000   24  188   66.00000   52.00000  21.2%  99.1  440s
 146204 69480   54.00000   33  198   66.00000   52.00000  21.2%  99.4  446s
 147386 70058   58.25397   36  179   66.00000   52.00000  21.2%   100  452s
 148730 70533     cutoff   45        66.00000   52.00000  21.2%   100  457s
 149869 70869   62.00000   33  156   66.00000   52.00000  21.2%   100  460s
 150561 71469   60.00000   33  141   66.00000   52.00000  21.2%   101  465s
 151884 72039   64.00000   34   93   66.00000   52.00000  21.2%   101  471s
 153092 72591   61.22222   31  175   66.00000   52.00000  21.2%   101  477s
 154293 73227   62.01894   33  176   66.00000   52.00000  21.2%   102  482s
 155619 73733   58.00000   36   89   66.00000   52.00000  21.2%   102  487s
 156872 74335   58.00000   19  154   66.00000   52.00000  21.2%   102  493s
 158027 74850   61.00000   37  156   66.00000   52.00000  21.2%   103  498s
 159175 75360   64.00000   39  127   66.00000   52.00000  21.2%   103  505s
 160263 75952   57.00000   25  160   66.00000   52.00000  21.2%   104  512s
 161532 76529   58.00000   24  139   66.00000   52.00000  21.2%   104  518s
 162831 77124   60.00000   28  126   66.00000   52.00000  21.2%   104  523s
 164080 77665   56.50000   37  152   66.00000   52.00000  21.2%   105  529s
 165257 78018   52.00000   22  254   66.00000   52.00000  21.2%   105  533s
 166015 78615   56.80789   43  201   66.00000   52.00000  21.2%   105  538s
 167344 79147   60.65490   47  148   66.00000   52.00000  21.2%   105  543s
 168605 79575   60.00000   31  205   66.00000   52.00000  21.2%   105  550s
 169691 80032   52.49433   30  168   66.00000   52.00000  21.2%   106  556s
 170836 80474     cutoff   41        66.00000   52.00000  21.2%   106  562s
 171937 81043   62.00000   26  143   66.00000   52.00000  21.2%   106  568s
 173338 81503   58.00000   34  158   66.00000   52.00000  21.2%   107  573s
 174426 81883   58.00000   23  132   66.00000   52.00000  21.2%   107  578s
 175571 82272   62.33333   32  203   66.00000   52.00000  21.2%   107  584s
 176643 82738   62.03642   38  201   66.00000   52.00000  21.2%   107  590s
 177727 83308   58.00000   25  199   66.00000   52.00000  21.2%   108  596s
 178977 83809   62.37500   33  113   66.00000   52.00000  21.2%   108  601s
 180202 84194   58.00000   24  101   66.00000   52.00000  21.2%   108  605s
 181014 84776   58.02340   39  272   66.00000   52.00000  21.2%   108  610s
 182215 85286   60.00000   35  159   66.00000   52.00000  21.2%   109  615s
 183395 85733 infeasible   43        66.00000   52.00000  21.2%   109  620s
 184435 86342   60.09392   39  194   66.00000   52.00000  21.2%   109  626s
 185700 86883 infeasible   32        66.00000   52.00000  21.2%   109  632s
 186995 87351   64.00000   47  130   66.00000   52.00000  21.2%   109  637s
 188226 87806   64.00000   41  129   66.00000   52.00000  21.2%   110  642s
 189484 88211   62.53646   47  142   66.00000   52.00000  21.2%   110  647s
 190641 88643   52.15385   30  259   66.00000   52.00000  21.2%   110  651s
 191739 89031   58.00000   29  176   66.00000   52.00000  21.2%   110  656s
 192802 89384 infeasible   35        66.00000   52.00000  21.2%   110  661s
 193795 89678   55.59334   36  253   66.00000   52.00000  21.2%   110  665s
 195392 90160     cutoff   46        66.00000   52.01617  21.2%   110  671s
 196944 90806   60.38095   45  146   66.00000   52.03820  21.2%   110  677s
 197814 91016   60.00000   24  159   66.00000   52.05216  21.1%   110  680s
 199387 91549   62.13269   48  171   66.00000   52.07429  21.1%   110  687s
 200075 91910   62.06353   38  187   66.00000   52.09278  21.1%   111  690s
 201759 92568   58.86051   44  191   66.00000   52.12173  21.0%   111  697s
 202593 92796   58.37862   40  189   66.00000   52.13333  21.0%   111  701s
 203408 93109   60.16667   33  184   66.00000   52.14286  21.0%   111  705s
 205296 93620   54.09135   37  128   66.00000   52.16226  21.0%   111  712s
 206101 93871   58.88889   42  133   66.00000   52.17391  20.9%   111  716s
 207516 94472     cutoff   47        66.00000   52.19277  20.9%   111  722s
 208485 94718   54.00000   34  142   66.00000   52.20000  20.9%   111  726s
 210086 95328   60.83333   52  165   66.00000   52.22247  20.9%   111  732s
 210907 95624   58.08514   35  145   66.00000   52.23721  20.9%   111  735s
 212583 96111 infeasible   44        66.00000   52.25977  20.8%   111  742s
 213296 96363 infeasible   31        66.00000   52.27226  20.8%   111  745s
 214801 97028 infeasible   42        66.00000   52.30000  20.8%   111  752s
 215688 97293   56.00000   29  107   66.00000   52.31480  20.7%   111  755s
 217273 97850   58.04415   34  210   66.00000   52.33333  20.7%   111  763s
 218069 98135   58.00000   29  241   66.00000   52.33938  20.7%   111  766s
 218905 98468     cutoff   31        66.00000   52.35441  20.7%   111  770s
 220548 99188     cutoff   46        66.00000   52.37854  20.6%   111  777s
 221337 99488 infeasible   43        66.00000   52.39788  20.6%   111  781s
 222854 100113   58.50000   28  244   66.00000   52.41249  20.6%   111  788s
 223765 100427   63.01809   29  116   66.00000   52.42510  20.6%   111  791s
 225316 100984   56.18889   37  147   66.00000   52.45540  20.5%   111  797s
 226130 101287     cutoff   45        66.00000   52.47177  20.5%   111  800s
 227666 101780   62.00000   28  162   66.00000   52.50000  20.5%   111  807s
 228379 102120   54.00000   38  181   66.00000   52.50000  20.5%   111  811s
 229188 102424   56.15000   31  200   66.00000   52.50000  20.5%   111  815s
 231017 103036   58.20455   37  174   66.00000   52.53333  20.4%   111  822s
 231884 103314 infeasible   51        66.00000   52.55319  20.4%   111  825s
 233666 103821   58.66667   43  297   66.00000   52.59109  20.3%   111  831s
 234475 104149   56.52813   33  198   66.00000   52.60725  20.3%   111  835s
 235262 104470   56.00000   34  182   66.00000   52.62320  20.3%   111  840s
 236965 105036   58.00000   35  156   66.00000   52.66667  20.2%   111  849s
 237608 105238   62.00000   24  183   66.00000   52.66667  20.2%   111  853s
 238118 105471   62.55503   41  184   66.00000   52.66667  20.2%   111  856s
 238781 105756   56.11111   32  223   66.00000   52.66667  20.2%   111  860s
 240195 106221     cutoff   31        66.00000   52.69399  20.2%   111  866s
 241736 106636   58.00000   38  110   66.00000   52.72727  20.1%   111  871s
 243209 107318   60.35550   40  172   66.00000   52.75515  20.1%   111  878s
 244105 107518   61.66752   49  166   66.00000   52.78288  20.0%   111  881s
 244891 107838   54.47826   38  224   66.00000   52.80000  20.0%   111  885s
 246582 108304   54.40000   28  278   66.00000   52.85106  19.9%   111  892s
 247245 108539   63.76499   45  158   66.00000   52.85938  19.9%   111  896s
 247944 108849   58.90373   39  146   66.00000   52.88000  19.9%   111  900s
 249834 109442   54.62249   38  190   66.00000   52.92857  19.8%   111  907s
 250600 109692   58.87059   41  172   66.00000   52.94900  19.8%   111  910s
 252146 110313   62.32050   37  189   66.00000   53.00000  19.7%   111  919s
 253001 110661   54.25000   24  217   66.00000   53.00000  19.7%   111  923s
 253734 110910     cutoff   34        66.00000   53.00000  19.7%   111  928s
 254463 111098   64.00000   35   73   66.00000   53.00000  19.7%   111  933s
 255010 111243   58.27188   41  184   66.00000   53.00000  19.7%   111  945s
 255331 111946   57.15385   30  199   66.00000   53.00000  19.7%   112  954s
 256873 112400   62.66667   34  102   66.00000   53.00000  19.7%   112  961s
 258372 112829   62.89035   37  219   66.00000   53.01459  19.7%   112  967s
 259623 113175   58.00000   27  188   66.00000   53.06667  19.6%   112  973s
 260728 113511 infeasible   36        66.00000   53.09048  19.6%   112  977s
 261709 113860   61.13854   41  165   66.00000   53.13636  19.5%   112  983s
 262719 114178   64.00000   49  131   66.00000   53.16639  19.4%   112  987s
 263717 114506   58.65647   45  161   66.00000   53.20000  19.4%   112  991s
 264649 114826   60.00000   31  121   66.00000   53.22727  19.4%   112  997s
 265674 115171   58.51038   38  179   66.00000   53.25926  19.3%   112 1002s
 266448 115509   53.50000   29  233   66.00000   53.28360  19.3%   112 1007s
 267411 115741   62.59486   53  191   66.00000   53.31313  19.2%   112 1010s
 268971 116282 infeasible   44        66.00000   53.34848  19.2%   112 1017s
 269808 116475   58.00000   25  189   66.00000   53.39363  19.1%   112 1020s
 271299 116930   61.88360   50  220   66.00000   53.46540  19.0%   112 1026s
 272600 117344   62.05128   35  144   66.00000   53.50000  18.9%   112 1032s
 273475 117554     cutoff   42        66.00000   53.53333  18.9%   112 1036s
 274305 117895   62.04983   35  172   66.00000   53.56667  18.8%   112 1040s
 276008 118363   62.66833   43  161   66.00000   53.66667  18.7%   112 1047s
 276713 118589     cutoff   46        66.00000   53.70370  18.6%   112 1050s
 278223 119055   62.00000   33  133   66.00000   53.76899  18.5%   112 1057s
 279166 119313   55.11414   43  208   66.00000   53.81615  18.5%   112 1061s
 280981 119757 infeasible   46        66.00000   53.90000  18.3%   111 1067s
 281699 120068   58.47222   33  199   66.00000   54.00000  18.2%   112 1073s
 282712 120352   61.22510   37  192   66.00000   54.00000  18.2%   112 1078s
 283856 120593 infeasible   51        66.00000   54.00000  18.2%   112 1083s
 284708 120950   63.54737   44  164   66.00000   54.00000  18.2%   112 1090s
 286161 121290   57.30443   39  179   66.00000   54.00000  18.2%   112 1096s
 287371 121640   60.00000   39  150   66.00000   54.00000  18.2%   112 1102s
 288498 122006   58.26183   37  237   66.00000   54.00000  18.2%   112 1108s
 289507 122385   57.50000   31  155   66.00000   54.00000  18.2%   112 1113s
 290530 122748 infeasible   30        66.00000   54.00000  18.2%   112 1118s
 291526 123045   58.00000   29  201   66.00000   54.00000  18.2%   112 1124s
 292560 123463   60.68182   41  131   66.00000   54.00000  18.2%   112 1130s
 293609 123862   57.66667   20  178   66.00000   54.00000  18.2%   112 1135s
 294627 124295   60.00000   48  156   66.00000   54.00000  18.2%   112 1142s
 295769 124587   62.00000   21  143   66.00000   54.00000  18.2%   112 1148s
 296660 125084   64.00000   28  165   66.00000   54.00000  18.2%   113 1154s
 297098 125084   54.14831   31  198   66.00000   54.00000  18.2%   113 1155s
 297763 125492   60.86905   30  155   66.00000   54.00000  18.2%   113 1161s
 298886 125794   62.75000   52  124   66.00000   54.00000  18.2%   113 1165s
 299619 126228   60.25988   31  167   66.00000   54.00000  18.2%   113 1172s
 300801 126683     cutoff   37        66.00000   54.00000  18.2%   113 1180s
 302198 126985   60.00000   46  146   66.00000   54.00000  18.2%   113 1187s
 303299 127464   61.00000   34  159   66.00000   54.00000  18.2%   113 1194s
 304501 127942   54.00000   23  179   66.00000   54.00000  18.2%   113 1202s
 305675 128416   62.00000   37  159   66.00000   54.00000  18.2%   113 1208s
 306878 128876   54.00000   27  223   66.00000   54.00000  18.2%   114 1215s
 308056 129244   58.42558   41  165   66.00000   54.00000  18.2%   114 1222s
 309065 129704   60.00000   24  125   66.00000   54.00000  18.2%   114 1229s
 310197 130240 infeasible   46        66.00000   54.00000  18.2%   114 1237s
 311488 130748 infeasible   30        66.00000   54.00000  18.2%   114 1243s
 312724 131216   62.00000   29  143   66.00000   54.00000  18.2%   114 1250s
 313995 131514   60.94492   32  190   66.00000   54.00000  18.2%   114 1255s
 314724 132018   62.31503   39  168   66.00000   54.00000  18.2%   114 1262s
 315965 132617   60.04040   29  195   66.00000   54.00000  18.2%   114 1270s
 317188 133051   58.75577   39  212   66.00000   54.00000  18.2%   114 1277s
 318245 133574   54.00000   30  245   66.00000   54.00000  18.2%   115 1284s
 319500 134087   56.25899   34  232   66.00000   54.00000  18.2%   115 1292s
 320671 134525   59.13552   40  133   66.00000   54.00000  18.2%   115 1299s
 321831 135046   57.74737   44  165   66.00000   54.00000  18.2%   115 1307s
 322975 135531   60.00448   31  224   66.00000   54.00000  18.2%   115 1316s
 324171 135949   60.00000   34  168   66.00000   54.00000  18.2%   115 1324s
 325212 136379   58.00000   35  178   66.00000   54.00000  18.2%   115 1331s
 326228 136935   55.00000   31  190   66.00000   54.00000  18.2%   116 1339s
 327467 137494   60.33333   32  224   66.00000   54.00000  18.2%   116 1348s
 328663 137811   62.17091   40  236   66.00000   54.00000  18.2%   116 1354s
 329452 138175   56.85714   26  252   66.00000   54.00000  18.2%   116 1360s
 330447 138631     cutoff   39        66.00000   54.00000  18.2%   116 1368s
 331676 139031   58.00000   21  204   66.00000   54.00000  18.2%   116 1376s
 332650 139589   58.00000   29  131   66.00000   54.00000  18.2%   116 1385s
 333870 140064   62.00000   32  144   66.00000   54.00000  18.2%   116 1395s
 335184 140625 infeasible   48        66.00000   54.00000  18.2%   117 1405s
 336510 141058   55.63205   39  191   66.00000   54.00000  18.2%   117 1413s
 337599 141546   60.83649   39  188   66.00000   54.00000  18.2%   117 1422s
 338907 141992   62.63793   45  202   66.00000   54.00000  18.2%   117 1431s
 340054 142511 infeasible   34        66.00000   54.00000  18.2%   117 1440s
 341271 143016   59.00000   29  179   66.00000   54.00000  18.2%   117 1449s
 342510 143513   61.40000   29  216   66.00000   54.00000  18.2%   117 1457s
 343733 143756   54.65315   28  197   66.00000   54.00000  18.2%   117 1463s
 344454 144232   58.00000   26  223   66.00000   54.00000  18.2%   117 1473s
 345612 144718 infeasible   41        66.00000   54.00000  18.2%   118 1482s
 346889 145120   54.30949   37  199   66.00000   54.00000  18.2%   118 1491s
 348165 145558   62.36757   38  201   66.00000   54.00000  18.2%   118 1500s
 349217 146019   60.20028   30  168   66.00000   54.00000  18.2%   118 1508s
 350623 146561   64.00000   34  140   66.00000   54.00000  18.2%   118 1517s
 352152 146974   54.00000   22  150   66.00000   54.00000  18.2%   118 1525s
 353266 147342   57.00000   28  238   66.00000   54.00000  18.2%   118 1533s
 354446 147718   64.00000   26  126   66.00000   54.00000  18.2%   118 1541s
 355537 148093     cutoff   39        66.00000   54.00000  18.2%   118 1549s
 356671 148549   64.00000   30  161   66.00000   54.00000  18.2%   118 1558s
 357826 148964   54.00000   30  254   66.00000   54.00000  18.2%   118 1568s
 358969 149263   58.00000   33  159   66.00000   54.00000  18.2%   119 1574s
 359649 149683   56.50000   34  207   66.00000   54.00000  18.2%   119 1583s
 360879 150079   62.08602   36  160   66.00000   54.00000  18.2%   119 1592s
 361916 150679   54.00000   33  156   66.00000   54.00000  18.2%   119 1603s
 363257 150834   64.00000   38  132   66.00000   54.00000  18.2%   119 1615s
 363698 151464 infeasible   27        66.00000   54.00000  18.2%   119 1623s
 365202 152056 infeasible   24        66.00000   54.00000  18.2%   119 1634s
 366559 152593 infeasible   34        66.00000   54.00000  18.2%   119 1645s
 367899 153149   64.00000   47  161   66.00000   54.00000  18.2%   119 1653s
 369268 153555   62.11282   38  155   66.00000   54.00000  18.2%   119 1662s
 370565 154041   64.00000   26  165   66.00000   54.00000  18.2%   120 1672s
 371783 154589     cutoff   39        66.00000   54.00000  18.2%   120 1684s
 373010 155131   60.15778   26  236   66.00000   54.00000  18.2%   120 1694s
 374286 155407     cutoff   37        66.00000   54.00000  18.2%   120 1699s
 374996 155906   62.00000   30  143   66.00000   54.00000  18.2%   120 1707s
 376248 156417   62.00000   40  158   66.00000   54.00000  18.2%   120 1717s
 377410 156862   58.70000   39  156   66.00000   54.00000  18.2%   120 1727s
 378592 157342     cutoff   47        66.00000   54.00000  18.2%   120 1736s
 379812 157741   58.17801   32  219   66.00000   54.00000  18.2%   120 1746s
 381041 158205   62.46357   36  165   66.00000   54.00000  18.2%   120 1755s
 382259 158750   62.08860   38  217   66.00000   54.00000  18.2%   120 1763s
 383458 159226   60.00000   31  148   66.00000   54.00000  18.2%   121 1773s
 384816 159677   54.08889   29  221   66.00000   54.00000  18.2%   121 1783s
 386130 160181     cutoff   50        66.00000   54.00000  18.2%   121 1791s
 387339 160676   62.33396   32  171   66.00000   54.00000  18.2%   121 1799s
 388594 161243   62.95447   33  177   66.00000   54.00000  18.2%   121 1807s
 389952 161558   56.00000   21  197   66.00000   54.00000  18.2%   121 1813s
 390733 161983   60.54762   40  170   66.00000   54.00000  18.2%   121 1821s
 391989 162353   54.24695   33  231   66.00000   54.00000  18.2%   121 1828s
 393152 162764   55.42517   30  222   66.00000   54.00000  18.2%   121 1835s
 394179 163110   61.00000   24  179   66.00000   54.00000  18.2%   121 1844s
 395296 163460   60.03975   34  203   66.00000   54.00000  18.2%   121 1853s
 396494 163871     cutoff   45        66.00000   54.00000  18.2%   121 1861s
 397617 164307   64.00000   31  126   66.00000   54.00000  18.2%   121 1869s
 398810 164699   64.00000   40  120   66.00000   54.00000  18.2%   121 1877s
 399943 165099   64.00000   36  143   66.00000   54.00000  18.2%   121 1885s
 400946 165575   58.00000   28  164   66.00000   54.00000  18.2%   121 1893s
 402247 166043   62.00000   31  125   66.00000   54.00000  18.2%   122 1902s
 403396 166504   56.36010   29  190   66.00000   54.00000  18.2%   122 1910s
 404608 166755   64.00000   23  115   66.00000   54.00000  18.2%   122 1916s
 405312 167252   58.19658   32  193   66.00000   54.00000  18.2%   122 1925s
 406498 167743   62.00000   31  206   66.00000   54.00000  18.2%   122 1934s
 407948 168113   56.00000   29  173   66.00000   54.00000  18.2%   122 1943s
 409101 168438   62.51533   41  126   66.00000   54.00000  18.2%   122 1953s
 409991 168874   63.00000   41  155   66.00000   54.00000  18.2%   122 1960s
 411252 169318   62.93345   31  163   66.00000   54.00000  18.2%   122 1969s
 412443 169797   55.09524   35  244   66.00000   54.00000  18.2%   122 1978s
 413737 170275   62.32143   34  113   66.00000   54.00000  18.2%   122 1988s
 415218 170831   57.37201   43  177   66.00000   54.00000  18.2%   122 1997s
 416472 170894 infeasible   25        66.00000   54.00000  18.2%   122 2021s
 416634 171399   56.00000   26  234   66.00000   54.00000  18.2%   122 2030s
 417843 171889   60.00000   39  102   66.00000   54.00000  18.2%   122 2043s
 419146 172172   60.70833   33  175   66.00000   54.00000  18.2%   122 2050s
 419835 172602   62.64201   43  155   66.00000   54.00000  18.2%   122 2058s
 421109 172959   56.00000   29  192   66.00000   54.00000  18.2%   123 2068s
 422184 173429   58.31548   41  164   66.00000   54.00000  18.2%   123 2079s
 423387 173895   58.66667   33  242   66.00000   54.00000  18.2%   123 2089s
 424609 174378 infeasible   48        66.00000   54.00000  18.2%   123 2098s
 425914 174820 infeasible   41        66.00000   54.00000  18.2%   123 2109s
 427163 175410     cutoff   43        66.00000   54.00000  18.2%   123 2122s
 428464 175856   62.33333   46  146   66.00000   54.00000  18.2%   123 2134s
 429936 176342   58.00000   30  218   66.00000   54.00000  18.2%   123 2144s
 431359 176793     cutoff   36        66.00000   54.00000  18.2%   123 2153s
 432908 177145   60.00000   27  191   66.00000   54.00000  18.2%   123 2162s
 434049 177293   60.00000   30  227   66.00000   54.00000  18.2%   123 2168s
 434638 177614   58.00000   31  195   66.00000   54.00000  18.2%   123 2175s
 435510 178047   64.00000   34  157   66.00000   54.00000  18.2%   123 2183s
 436529 178419   54.33672   23  206   66.00000   54.00303  18.2%   123 2190s
 437637 178729   59.02151   44  175   66.00000   54.00879  18.2%   123 2196s
 438789 179081   58.00000   33  140   66.00000   54.01869  18.2%   123 2201s
 439835 179400   64.00000   32  170   66.00000   54.02584  18.1%   123 2207s
 440738 179634   60.50000   29  236   66.00000   54.03299  18.1%   123 2213s
 441495 179984   58.40741   21  220   66.00000   54.03852  18.1%   123 2220s
 442478 180238   62.76904   33  228   66.00000   54.04315  18.1%   123 2226s
 443473 180564   61.71282   53  207   66.00000   54.05256  18.1%   123 2230s
 444327 180673   64.00000   34  176   66.00000   54.05755  18.1%   123 2236s
 444711 180864   64.00000   35  142   66.00000   54.05851  18.1%   123 2240s
 445603 181133   63.00000   31  195   66.00000   54.06667  18.1%   123 2245s
 446409 181437   60.00000   34  192   66.00000   54.07165  18.1%   123 2250s
 447321 181661   64.00000   38  129   66.00000   54.07839  18.1%   123 2256s
 448158 181895 infeasible   39        66.00000   54.08333  18.1%   123 2261s
 448964 182032   60.00000   39  140   66.00000   54.09091  18.0%   123 2267s
 449350 182568   62.00000   27  215   66.00000   54.09211  18.0%   123 2277s
 450821 182919   60.31064   38  164   66.00000   54.10000  18.0%   123 2283s
 451806 183217   58.20000   32  227   66.00000   54.10643  18.0%   123 2289s
 452614 183526 infeasible   34        66.00000   54.11236  18.0%   123 2295s
 453450 183823   60.17391   42  176   66.00000   54.11848  18.0%   123 2301s
 454405 184170   58.21500   28  214   66.00000   54.12500  18.0%   123 2308s
 455408 184468   62.55000   44  179   66.00000   54.13320  18.0%   123 2315s
 456168 184718   60.43493   31  196   66.00000   54.13793  18.0%   123 2321s
 457058 184968   56.27879   30  190   66.00000   54.14286  18.0%   123 2327s
 457932 185279   62.16088   33  233   66.00000   54.14815  18.0%   123 2332s
 458888 185568   56.39111   38  194   66.00000   54.15475  17.9%   123 2338s
 459795 185791   63.36492   41  172   66.00000   54.16050  17.9%   123 2343s
 460780 186041   58.55500   38  164   66.00000   54.16667  17.9%   123 2349s
 461708 186309   56.22297   39  217   66.00000   54.16801  17.9%   123 2355s
 462504 186577   56.51984   32  143   66.00000   54.17500  17.9%   122 2361s
 463404 186714   62.00000   29  220   66.00000   54.18016  17.9%   122 2366s
 464085 187055   60.80000   30  180   66.00000   54.18438  17.9%   122 2370s
 465001 187392   60.66667   30  113   66.00000   54.18994  17.9%   122 2375s
 465830 187704 infeasible   36        66.00000   54.19566  17.9%   122 2380s
 466802 187980   56.36364   34  217   66.00000   54.20000  17.9%   122 2385s
 467653 188243   54.42083   39  158   66.00000   54.20294  17.9%   122 2390s
 468414 188555   56.00000   33  181   66.00000   54.20837  17.9%   122 2396s
 469382 188857   56.46584   32  201   66.00000   54.21569  17.9%   122 2401s
 470300 189143   61.00000   40  103   66.00000   54.22222  17.8%   122 2407s
 471111 189374   64.00000   44  127   66.00000   54.22222  17.8%   122 2413s
 471990 189564     cutoff   41        66.00000   54.22771  17.8%   122 2417s
 472908 189852   58.20000   36  163   66.00000   54.23268  17.8%   122 2422s
 473674 190101   59.60000   40  143   66.00000   54.23780  17.8%   122 2426s
 474497 190356 infeasible   32        66.00000   54.24242  17.8%   122 2431s
 475269 190621   56.28587   31  216   66.00000   54.24568  17.8%   122 2436s
 476010 190856   60.00000   36  225   66.00000   54.25000  17.8%   122 2442s
 476845 191123 infeasible   40        66.00000   54.25000  17.8%   122 2447s
 477725 191482   60.90909   34  171   66.00000   54.25574  17.8%   122 2453s
 478643 191722   58.77778   43  172   66.00000   54.26309  17.8%   122 2458s
*479263 111780              46      62.0000000   54.26391  12.5%   122 2458s
 479388 111855   58.90196   50  161   62.00000   54.26493  12.5%   122 2463s
 480358 111975   60.00000   33  219   62.00000   54.27183  12.5%   122 2468s
 480884 112106     cutoff   34        62.00000   54.27269  12.5%   122 2473s
 481859 112240   59.26667   38  179   62.00000   54.28327  12.4%   122 2477s
 482566 112428 infeasible   47        62.00000   54.28571  12.4%   122 2483s
 483527 112543     cutoff   38        62.00000   54.29357  12.4%   122 2489s
 484172 112543   58.00000   41  152   62.00000   54.29926  12.4%   122 2490s
 484313 112674   58.56667   44  166   62.00000   54.30000  12.4%   121 2496s
 485220 112806   58.09697   51  141   62.00000   54.30581  12.4%   121 2503s
 486038 113015     cutoff   35        62.00000   54.31202  12.4%   121 2508s
 487098 113132   58.50000   34  214   62.00000   54.32139  12.4%   121 2512s
 487932 113188   56.30508   29  267   62.00000   54.32609  12.4%   121 2518s
H488067 66371                      60.0000000   54.32609  9.46%   121 2518s
 488223 66363   58.00000   37  125   60.00000   54.32727  9.45%   121 2523s
 488895 66339   56.25099   38  224   60.00000   54.33333  9.44%   121 2528s
 489511 66333   56.00000   25  194   60.00000   54.33333  9.44%   121 2533s
 490134 66339   56.91878   32  188   60.00000   54.33977  9.43%   121 2539s
 490974 66346   56.34703   37  238   60.00000   54.34969  9.42%   121 2544s
 491866 66370   56.18901   37  319   60.00000   54.36190  9.40%   121 2550s
 492804 66356 infeasible   30        60.00000   54.37089  9.38%   121 2556s
 493653 66351     cutoff   34        60.00000   54.37985  9.37%   121 2561s
 494485 66337     cutoff   41        60.00000   54.38889  9.35%   121 2567s
 495242 66313   56.00000   28  198   60.00000   54.40000  9.33%   121 2572s
 496021 66336   57.00000   37  110   60.00000   54.40000  9.33%   121 2578s
 496940 66325     cutoff   30        60.00000   54.41071  9.32%   121 2582s
 497734 66346     cutoff   36        60.00000   54.41954  9.30%   121 2587s
 498421 66347   56.60000   42  189   60.00000   54.42697  9.29%   121 2591s
 499194 66352   58.00000   24  267   60.00000   54.43876  9.27%   121 2596s
 500075 66334   56.30476   38  190   60.00000   54.44858  9.25%   121 2601s
 500855 66327   56.22351   40  263   60.00000   54.45939  9.23%   121 2606s
 501633 66293   56.25478   33  177   60.00000   54.46571  9.22%   121 2612s
 502506 66320   56.66667   38  164   60.00000   54.47222  9.21%   121 2617s
 503391 66312   57.38110   39  170   60.00000   54.48446  9.19%   121 2622s
 504263 66287 infeasible   30        60.00000   54.49729  9.17%   121 2628s
 504975 66253     cutoff   26        60.00000   54.50000  9.17%   121 2633s
 505619 66238   56.43077   43  122   60.00000   54.50000  9.17%   121 2638s
 506519 66229 infeasible   22        60.00000   54.50896  9.15%   121 2644s
 507413 66200   56.62662   28  193   60.00000   54.52235  9.13%   121 2650s
 508331 66224     cutoff   39        60.00000   54.53269  9.11%   121 2656s
 509189 66203   56.78571   37  160   60.00000   54.53883  9.10%   121 2660s
 510016 66191     cutoff   34        60.00000   54.54654  9.09%   121 2679s
 510168 66205   56.36948   38  186   60.00000   54.54882  9.09%   121 2683s
 511145 66233   54.65127   27  192   60.00000   54.55851  9.07%   121 2688s
 512070 66242   58.00000   38  176   60.00000   54.57143  9.05%   121 2693s
 512840 66241   57.44722   41  235   60.00000   54.57692  9.04%   121 2699s
 513708 66226   58.00000   32   93   60.00000   54.58435  9.03%   121 2706s
 514622 66211   56.81955   31  197   60.00000   54.59770  9.00%   121 2712s
 515400 66215 infeasible   34        60.00000   54.60082  9.00%   121 2717s
 516235 66196 infeasible   41        60.00000   54.61538  8.97%   121 2722s
 517177 66185     cutoff   41        60.00000   54.62129  8.96%   121 2726s
 518121 66148     cutoff   41        60.00000   54.63492  8.94%   121 2730s
 519809 66103   56.63859   29  160   60.00000   54.66090  8.90%   120 2738s
 520238 66041   56.82781   32  242   60.00000   54.66667  8.89%   121 2744s
 520855 66043   58.00000   35  181   60.00000   54.66667  8.89%   121 2750s
 521242 66019   56.09091   23  242   60.00000   54.66667  8.89%   121 2756s
 521869 65996   56.63492   34  147   60.00000   54.66667  8.89%   121 2762s
 522674 65960     cutoff   47        60.00000   54.67652  8.87%   121 2767s
 523525 65953     cutoff   29        60.00000   54.68597  8.86%   121 2772s
 524356 65935   56.15000   39  122   60.00000   54.69565  8.84%   121 2776s
 525234 65907   57.47619   32  151   60.00000   54.70446  8.83%   121 2781s
 526170 65870     cutoff   44        60.00000   54.71739  8.80%   121 2786s
 527091 65856     cutoff   31        60.00000   54.73137  8.78%   120 2792s
 528140 65818   56.74603   32  233   60.00000   54.74824  8.75%   120 2797s
 528965 65786   57.50000   39  137   60.00000   54.75000  8.75%   120 2802s
 529783 65737   56.04324   34  270   60.00000   54.75926  8.73%   120 2808s
 530706 65686   57.57298   36  168   60.00000   54.77451  8.71%   120 2814s
 531612 65642   57.73889   48  169   60.00000   54.79032  8.68%   120 2819s
 532380 65597 infeasible   41        60.00000   54.80000  8.67%   120 2825s
 533215 65580 infeasible   30        60.00000   54.80638  8.66%   120 2830s
 534203 65532 infeasible   44        60.00000   54.82046  8.63%   120 2835s
 535936 65412   56.66667   34  143   60.00000   54.84211  8.60%   120 2843s
 536840 65367     cutoff   32        60.00000   54.85088  8.58%   120 2847s
 537761 65316     cutoff   41        60.00000   54.86667  8.56%   120 2852s
 538639 65248 infeasible   38        60.00000   54.87824  8.54%   120 2857s
 539519 65230     cutoff   35        60.00000   54.89035  8.52%   120 2861s
 540405 65163   56.00000   29  166   60.00000   54.90212  8.50%   120 2866s
 541285 65106   56.45238   39  179   60.00000   54.91859  8.47%   120 2871s
 542142 65039 infeasible   42        60.00000   54.93333  8.44%   120 2875s
 543958 64926   56.67733   29  180   60.00000   54.96061  8.40%   120 2883s
 544891 64857   56.46209   36  187   60.00000   54.97600  8.37%   119 2887s
 545829 64790   55.33333   28  252   60.00000   55.00000  8.33%   119 2892s
 546376 64754     cutoff   29        60.00000   55.00000  8.33%   120 2899s
 546910 64713   58.00000   32  133   60.00000   55.00000  8.33%   120 2906s
 547446 64672   56.19607   27  244   60.00000   55.00000  8.33%   120 2912s
 547935 64611   58.00000   31  195   60.00000   55.00000  8.33%   120 2917s
 548503 64575   58.00000   27  155   60.00000   55.00000  8.33%   120 2922s
 549076 64540   56.45984   30  197   60.00000   55.00000  8.33%   120 2927s
 550073 64472   58.00000   28  158   60.00000   55.00000  8.33%   120 2933s
 551241 64385     cutoff   34        60.00000   55.02924  8.28%   120 2938s
 552296 64281   55.50000   38  151   60.00000   55.04914  8.25%   120 2944s
 553355 64197 infeasible   34        60.00000   55.06892  8.22%   120 2950s
 554302 64129   56.14418   38  204   60.00000   55.08642  8.19%   120 2955s
 555262 64043   56.39316   38  175   60.00000   55.10494  8.16%   120 2960s
 556298 63962   57.12246   32  227   60.00000   55.12281  8.13%   119 2966s
 557237 63872     cutoff   48        60.00000   55.14286  8.10%   119 2971s
 558228 63778     cutoff   47        60.00000   55.16342  8.06%   119 2976s
 559247 63699     cutoff   42        60.00000   55.18182  8.03%   119 2980s
 560040 63642     cutoff   38        60.00000   55.20000  8.00%   119 2986s
 560932 63583     cutoff   40        60.00000   55.20000  8.00%   119 2992s
 561953 63492     cutoff   41        60.00000   55.22432  7.96%   119 2997s
 562798 63396     cutoff   27        60.00000   55.24286  7.93%   119 3001s
 563577 63282   57.10000   22  261   60.00000   55.25818  7.90%   119 3006s
 564492 63160   57.98684   39  167   60.00000   55.28342  7.86%   119 3011s
 565452 63074 infeasible   32        60.00000   55.30337  7.83%   119 3015s
 566856 62941   56.00000   29  168   60.00000   55.33333  7.78%   119 3024s
 567440 62844     cutoff   42        60.00000   55.33333  7.78%   119 3028s
 568269 62761 infeasible   28        60.00000   55.35737  7.74%   119 3032s
 569185 62629   58.00000   28  192   60.00000   55.37307  7.71%   119 3037s
 570133 62526 infeasible   45        60.00000   55.40000  7.67%   119 3041s
 570961 62431   57.00000   38  167   60.00000   55.42297  7.63%   119 3045s
 571833 62382   57.27778   41  162   60.00000   55.44321  7.59%   119 3052s
 572268 62244 infeasible   31        60.00000   55.44865  7.59%   119 3057s
 573410 62175   55.83520   40  258   60.00000   55.48975  7.52%   119 3061s
 574047 62086 infeasible   44        60.00000   55.50000  7.50%   119 3066s
 574934 61976     cutoff   31        60.00000   55.51111  7.48%   118 3071s
 575960 61867   57.53425   38  186   60.00000   55.54574  7.42%   118 3075s
 576870 61748     cutoff   21        60.00000   55.56884  7.39%   118 3080s
 578736 61449   56.78506   38  190   60.00000   55.62568  7.29%   118 3088s
 579592 61300   55.82051   34  143   60.00000   55.66667  7.22%   118 3092s
 580479 61127     cutoff   49        60.00000   55.68226  7.20%   118 3096s
 581365 60963     cutoff   24        60.00000   55.72722  7.12%   118 3101s
 582293 60782   58.00000   29  224   60.00000   55.75167  7.08%   118 3106s
 583226 60661   57.05556   37  174   60.00000   55.80000  7.00%   118 3111s
 583999 60484     cutoff   32        60.00000   55.82407  6.96%   118 3115s
 584986 60286 infeasible   22        60.00000   55.88263  6.86%   118 3120s
 586615 60151     cutoff   34        60.00000   56.00000  6.67%   118 3128s
 587130 60054   57.49309   37  187   60.00000   56.00000  6.67%   118 3133s
 587687 59932   56.27448   30  197   60.00000   56.00000  6.67%   118 3139s
 588302 59871   58.00000   33  188   60.00000   56.00000  6.67%   118 3146s
 588910 59813   56.00000   33  226   60.00000   56.00000  6.67%   118 3152s
 589587 59768     cutoff   46        60.00000   56.00000  6.67%   118 3159s
 590209 59715 infeasible   39        60.00000   56.00000  6.67%   118 3166s
 590952 59669   57.06593   32  197   60.00000   56.00000  6.67%   118 3173s
 591517 59665   56.81471   28  184   60.00000   56.00000  6.67%   118 3181s
 592265 59726 infeasible   31        60.00000   56.00000  6.67%   118 3190s
 593202 59722 infeasible   33        60.00000   56.00000  6.67%   118 3197s
 593719 59715 infeasible   30        60.00000   56.00000  6.67%   119 3211s
 595245 59755   56.16756   40  174   60.00000   56.00000  6.67%   119 3223s
 596547 59716     cutoff   31        60.00000   56.00000  6.67%   119 3237s
 597671 59664   57.81571   38  174   60.00000   56.00000  6.67%   119 3250s
 598890 59604   58.00000   33  223   60.00000   56.00000  6.67%   119 3262s
 599867 59628   56.00000   26  103   60.00000   56.00000  6.67%   119 3273s
 601201 59565   56.09722   43  163   60.00000   56.00000  6.67%   119 3286s
 602218 59556   58.00000   32  181   60.00000   56.00000  6.67%   119 3299s
 603562 59643 infeasible   48        60.00000   56.00000  6.67%   120 3312s
 604743 59574 infeasible   31        60.00000   56.00000  6.67%   120 3324s
 605733 59581     cutoff   23        60.00000   56.00000  6.67%   120 3339s
 606973 59547 infeasible   29        60.00000   56.00000  6.67%   120 3352s
 608164 59503   56.52761   42  208   60.00000   56.00000  6.67%   120 3364s
 609367 59436   56.75000   36  110   60.00000   56.00000  6.67%   120 3379s
 610546 59415     cutoff   31        60.00000   56.00000  6.67%   120 3394s
 611484 59278 infeasible   32        60.00000   56.00000  6.67%   120 3407s
 612541 59177   58.00000   35  250   60.00000   56.00000  6.67%   121 3422s
 613747 59082     cutoff   27        60.00000   56.00000  6.67%   121 3437s
 614827 59012   56.32920   27  195   60.00000   56.00000  6.67%   121 3451s
 615921 58896   56.76923   30  213   60.00000   56.00000  6.67%   121 3464s
 617132 58759 infeasible   35        60.00000   56.00000  6.67%   121 3478s
 618356 58650   57.00000   27  212   60.00000   56.00000  6.67%   121 3491s
 619429 58580   57.12500   31  179   60.00000   56.00000  6.67%   122 3505s
 620623 58539   56.74565   35  252   60.00000   56.00000  6.67%   122 3517s
 621954 58501 infeasible   24        60.00000   56.00000  6.67%   122 3531s
 623216 58452 infeasible   29        60.00000   56.00000  6.67%   122 3544s
 624423 58378 infeasible   27        60.00000   56.00000  6.67%   122 3556s
 625648 58313   56.29743   27  202   60.00000   56.00000  6.67%   122 3570s
 626929 58297   56.66667   22  215   60.00000   56.00000  6.67%   122 3582s
 628105 58256   56.51198   39  193   60.00000   56.00000  6.67%   122 3595s
 629504 58190 infeasible   28        60.00000   56.00000  6.67%   123 3607s
 630620 58101     cutoff   40        60.00000   56.00000  6.67%   123 3620s
 631722 58069     cutoff   30        60.00000   56.00000  6.67%   123 3634s
 632884 58046 infeasible   31        60.00000   56.00000  6.67%   123 3658s
 633594 58014   58.00000   31  287   60.00000   56.00000  6.67%   123 3669s
 634842 57981 infeasible   36        60.00000   56.00000  6.67%   123 3687s
 636129 57918 infeasible   32        60.00000   56.00000  6.67%   123 3699s
 637293 57840     cutoff   24        60.00000   56.00000  6.67%   124 3713s
 638357 57830     cutoff   29        60.00000   56.00000  6.67%   124 3728s
 639853 57819   57.30434   43  232   60.00000   56.00000  6.67%   124 3735s
 640104 57692   56.25600   39  167   60.00000   56.00000  6.67%   124 3763s
 642858 57644   57.84632   36  193   60.00000   56.00000  6.67%   124 3776s
 643883 57602     cutoff   27        60.00000   56.00000  6.67%   124 3789s
 645155 57529     cutoff   31        60.00000   56.00000  6.67%   124 3805s
 646424 57491   56.31700   32  141   60.00000   56.00000  6.67%   125 3820s
 647587 57503   58.00000   36  214   60.00000   56.00000  6.67%   125 3833s
 648955 57441     cutoff   47        60.00000   56.00000  6.67%   125 3848s
 650223 57420     cutoff   31        60.00000   56.00000  6.67%   125 3862s
 651501 57367 infeasible   33        60.00000   56.00000  6.67%   125 3877s
 652785 57364   58.00000   24  168   60.00000   56.00000  6.67%   125 3891s
 654141 57359   56.64171   36  184   60.00000   56.00000  6.67%   125 3905s
 655179 57364     cutoff   41        60.00000   56.00000  6.67%   126 3911s
 655773 57295   57.16444   37  189   60.00000   56.00000  6.67%   126 3923s
 657056 57278   56.07692   24  179   60.00000   56.00000  6.67%   126 3936s
 658195 57319   56.22835   31  173   60.00000   56.00000  6.67%   126 3949s
 659480 57335     cutoff   21        60.00000   56.00000  6.67%   126 3962s
 660867 57324   57.71902   34  263   60.00000   56.00000  6.67%   126 3975s
 662387 57277   56.25641   33  217   60.00000   56.00000  6.67%   126 3986s
 663668 57296   56.68066   31  246   60.00000   56.00264  6.66%   126 3996s
 665123 57216     cutoff   31        60.00000   56.01366  6.64%   126 4005s
 666585 57191     cutoff   36        60.00000   56.02055  6.63%   126 4014s
 667727 57096   57.07722   39  234   60.00000   56.03117  6.61%   126 4020s
 668960 56975 infeasible   40        60.00000   56.04268  6.60%   126 4027s
 670086 56853   56.45098   30  192   60.00000   56.05338  6.58%   126 4034s
 671160 56753     cutoff   38        60.00000   56.06393  6.56%   126 4041s
 672166 56574     cutoff   31        60.00000   56.07376  6.54%   126 4048s
 673087 56422     cutoff   32        60.00000   56.08490  6.53%   126 4055s
 673861 56292     cutoff   36        60.00000   56.09310  6.51%   126 4061s
 674767 56100 infeasible   42        60.00000   56.10052  6.50%   126 4068s
 675669 55919   58.00000   40  191   60.00000   56.11250  6.48%   126 4074s
 676536 55767     cutoff   36        60.00000   56.12143  6.46%   126 4081s
 677154 55560   56.92857   37  165   60.00000   56.13176  6.45%   126 4087s
 677918 55348   57.00929   30  180   60.00000   56.14286  6.43%   126 4093s
 678820 55161     cutoff   31        60.00000   56.15385  6.41%   126 4100s
 679651 54877   56.22163   35  169   60.00000   56.16344  6.39%   126 4108s
 680477 54611     cutoff   34        60.00000   56.17045  6.38%   126 4115s
 681245 54393     cutoff   41        60.00000   56.18182  6.36%   126 4121s
 682002 54064     cutoff   42        60.00000   56.19308  6.34%   126 4128s
 682866 53822     cutoff   33        60.00000   56.20295  6.33%   126 4136s
 683625 53548     cutoff   40        60.00000   56.21365  6.31%   126 4144s
 684475 53271     cutoff   45        60.00000   56.22222  6.30%   126 4152s
 685270 52949     cutoff   29        60.00000   56.23323  6.28%   126 4161s
 686113 52677 infeasible   36        60.00000   56.24422  6.26%   126 4168s
 686871 52376   58.00000   29  220   60.00000   56.25000  6.25%   126 4176s
 687638 52000 infeasible   36        60.00000   56.26262  6.23%   126 4185s
 688503 51692     cutoff   37        60.00000   56.27541  6.21%   126 4193s
 689242 51345   58.00000   36  138   60.00000   56.28258  6.20%   126 4202s
 690079 51038   57.00000   25  246   60.00000   56.29384  6.18%   126 4209s
 690839 50686     cutoff   36        60.00000   56.30435  6.16%   126 4217s
 691646 50305     cutoff   30        60.00000   56.31538  6.14%   126 4226s
 692574 49859     cutoff   38        60.00000   56.32833  6.12%   126 4240s
 693573 49445     cutoff   35        60.00000   56.33333  6.11%   126 4248s
 694489 49058     cutoff   41        60.00000   56.34706  6.09%   126 4256s
 695346 48698     cutoff   35        60.00000   56.35831  6.07%   126 4263s
 696133 48309     cutoff   30        60.00000   56.36787  6.05%   127 4270s
 696989 47904   57.50000   41  156   60.00000   56.38095  6.03%   127 4284s
 697873 47562     cutoff   40        60.00000   56.39372  6.01%   127 4291s
 698639 47133   58.00000   37  170   60.00000   56.40000  6.00%   127 4299s
 699575 46667   58.00000   38  165   60.00000   56.41408  5.98%   127 4308s
 700555 46216     cutoff   41        60.00000   56.42750  5.95%   127 4317s
 701405 45667     cutoff   37        60.00000   56.44444  5.93%   127 4328s
 702446 45183     cutoff   40        60.00000   56.45833  5.90%   127 4336s
 703387 44692     cutoff   45        60.00000   56.47134  5.88%   127 4344s
 704298 44328     cutoff   40        60.00000   56.48767  5.85%   127 4353s
 705025 43722     cutoff   40        60.00000   56.50000  5.83%   127 4366s
 706198 43213     cutoff   36        60.00000   56.50833  5.82%   127 4375s
 707139 42747   58.00000   34  143   60.00000   56.52299  5.80%   127 4382s
 707987 42230     cutoff   42        60.00000   56.53846  5.77%   127 4390s
 709009 41631   58.00000   29  166   60.00000   56.55233  5.75%   127 4399s
 710068 41005   58.00000   31  227   60.00000   56.57094  5.72%   127 4408s
 711138 40493     cutoff   35        60.00000   56.58730  5.69%   127 4417s
 712078 39961     cutoff   33        60.00000   56.60000  5.67%   127 4425s
 713078 39321     cutoff   36        60.00000   56.61905  5.63%   127 4432s
 714135 38794 infeasible   39        60.00000   56.64111  5.60%   127 4440s
 714992 38494   58.00000   33  167   60.00000   56.66082  5.57%   127 4447s
 715548 37868   58.00000   27  161   60.00000   56.66667  5.56%   127 4459s
 716761 37361     cutoff   38        60.00000   56.67377  5.54%   127 4467s
 717658 36842   57.86032   33  177   60.00000   56.69312  5.51%   127 4474s
 718514 36084     cutoff   35        60.00000   56.71429  5.48%   127 4482s
 719680 35502     cutoff   46        60.00000   56.73857  5.44%   127 4489s
 720700 34766     cutoff   28        60.00000   56.75057  5.42%   127 4496s
 721806 34206     cutoff   27        60.00000   56.78202  5.36%   127 4504s
 722683 33444     cutoff   38        60.00000   56.80000  5.33%   127 4513s
 723844 32833 infeasible   30        60.00000   56.82616  5.29%   127 4519s
 724731 32083 infeasible   32        60.00000   56.85231  5.25%   127 4526s
 725794 31337     cutoff   38        60.00000   56.88080  5.20%   127 4532s
 726856 30632     cutoff   33        60.00000   56.90523  5.16%   127 4539s
 727863 29817     cutoff   34        60.00000   56.93651  5.11%   127 4546s
 728955 29470   58.00000   25  225   60.00000   56.97959  5.03%   127 4553s
 729516 29046     cutoff   29        60.00000   57.00000  5.00%   127 4563s
 730395 28983   58.00000   34  129   60.00000   57.00000  5.00%   127 4598s
 730541 28359     cutoff   41        60.00000   57.00000  5.00%   127 4604s
 731526 27569     cutoff   33        60.00000   57.00619  4.99%   127 4612s
 732548 26697 infeasible   29        60.00000   57.05000  4.92%   127 4621s
 733729 25680     cutoff   45        60.00000   57.10628  4.82%   127 4627s
 735038 24907     cutoff   31        60.00000   57.16246  4.73%   127 4632s
 736036 24079   58.00000   39  169   60.00000   57.20000  4.67%   127 4637s
 737107 23395     cutoff   41        60.00000   57.25000  4.58%   127 4643s
 738031 22746   58.00000   27  194   60.00000   57.33333  4.44%   127 4651s
 738930 21880     cutoff   34        60.00000   57.33333  4.44%   127 4657s
 740063 21213 infeasible   45        60.00000   57.41742  4.30%   126 4662s
 740937 20308     cutoff   39        60.00000   57.50000  4.17%   126 4667s
 742002 19406     cutoff   35        60.00000   57.57895  4.04%   126 4672s
 743034 18173     cutoff   27        60.00000   57.67734  3.87%   126 4676s
 744382 17815     cutoff   44        60.00000   57.86167  3.56%   126 4681s
 744872 17239     cutoff   39        60.00000   58.00000  3.33%   126 4695s
 745758 16604   58.00000   40  159   60.00000   58.00000  3.33%   126 4710s
 746713 15935   58.00000   40  138   60.00000   58.00000  3.33%   127 4727s
 747880 15233     cutoff   41        60.00000   58.00000  3.33%   127 4746s
 749046 14411 infeasible   36        60.00000   58.00000  3.33%   127 4764s
 750178 13545   58.00000   27  181   60.00000   58.00000  3.33%   127 4787s
 751310 12632     cutoff   31        60.00000   58.00000  3.33%   128 4812s
 752665 11577     cutoff   26        60.00000   58.00000  3.33%   128 4839s
 754174 10664   58.00000   25  169   60.00000   58.00000  3.33%   128 4870s
 755622  9433     cutoff   37        60.00000   58.00000  3.33%   129 4904s
 757339  8264     cutoff   32        60.00000   58.00000  3.33%   129 4933s
 759019  6924     cutoff   28        60.00000   58.00000  3.33%   130 4965s
 760842  5457 infeasible   26        60.00000   58.00000  3.33%   130 5000s
 762838  3880 infeasible   36        60.00000   58.00000  3.33%   131 5034s
 764979  2334 infeasible   31        60.00000   58.00000  3.33%   131 5079s
 767160   565     cutoff   26        60.00000   58.00000  3.33%   132 5123s
 769674     0     cutoff   41        60.00000   58.00000  3.33%   132 5137s

Cutting planes:
  Gomory: 40
  Lift-and-project: 3
  Cover: 1696
  Implied bound: 635
  Clique: 35
  MIR: 6146
  StrongCG: 302
  Flow cover: 1618
  GUB cover: 7
  Inf proof: 169
  Zero half: 324
  RLT: 25
  Relax-and-lift: 31

Explored 770355 nodes (102005685 simplex iterations) in 5137.45 seconds (4653.32 work units)
Thread count was 8 (of 8 available processors)

Solution count 10: 60 62 66 ... 86

Optimal solution found (tolerance 1.00e-04)
Best objective 6.000000000000e+01, best bound 6.000000000000e+01, gap 0.0000%
