
Gurobi 9.5.1 (mac64[rosetta2], Python) logging started Thu Jun 23 23:17:59 2022

Set parameter Username
Set parameter LogFile to value "best-diff-new-future-5-a.log"
Academic license - for non-commercial use only - expires 2023-06-18
Read LP format model from file new_best_diff_future_5a.lp
Reading time = 0.01 seconds
: 2518 rows, 1952 columns, 17392 nonzeros
Gurobi Optimizer version 9.5.1 build v9.5.1rc2 (mac64[rosetta2])
Thread count: 10 physical cores, 10 logical processors, using up to 10 threads
Optimize a model with 2518 rows, 1952 columns and 17392 nonzeros
Model fingerprint: 0x1b792e0a
Variable types: 0 continuous, 1952 integer (1952 binary)
Coefficient statistics:
  Matrix range     [1e+00, 2e+01]
  Objective range  [2e+00, 4e+00]
  Bounds range     [1e+00, 1e+00]
  RHS range        [1e+00, 2e+01]
Presolve removed 353 rows and 848 columns
Presolve time: 0.10s
Presolved: 2165 rows, 1104 columns, 15744 nonzeros
Variable types: 0 continuous, 1104 integer (848 binary)

Root relaxation: objective 3.664079e+01, 1482 iterations, 0.02 seconds (0.03 work units)

    Nodes    |    Current Node    |     Objective Bounds      |     Work
 Expl Unexpl |  Obj  Depth IntInf | Incumbent    BestBd   Gap | It/Node Time

     0     0   36.64079    0  262          -   36.64079      -     -    0s
     0     0   36.64079    0  357          -   36.64079      -     -    0s
     0     0   36.64090    0  341          -   36.64090      -     -    0s
     0     0   36.78130    0  337          -   36.78130      -     -    0s
     0     0   36.93018    0  355          -   36.93018      -     -    0s
     0     0   37.67605    0  447          -   37.67605      -     -    0s
     0     0   38.89768    0  417          -   38.89768      -     -    0s
     0     0   38.99310    0  437          -   38.99310      -     -    0s
     0     0   39.02439    0  427          -   39.02439      -     -    0s
     0     0   39.05470    0  466          -   39.05470      -     -    0s
     0     0   39.07292    0  470          -   39.07292      -     -    0s
     0     0   39.07790    0  483          -   39.07790      -     -    0s
     0     0   39.07827    0  484          -   39.07827      -     -    0s
     0     0   39.07827    0  484          -   39.07827      -     -    0s
     0     0   41.01629    0  476          -   41.01629      -     -    0s
     0     0   41.76092    0  402          -   41.76092      -     -    0s
     0     0   41.97355    0  416          -   41.97355      -     -    0s
     0     0   41.98912    0  434          -   41.98912      -     -    0s
     0     0   41.99610    0  447          -   41.99610      -     -    0s
     0     0   41.99610    0  452          -   41.99610      -     -    0s
     0     0   42.30695    0  363          -   42.30695      -     -    0s
     0     0   42.65117    0  420          -   42.65117      -     -    0s
     0     0   42.72660    0  417          -   42.72660      -     -    0s
     0     0   42.79962    0  424          -   42.79962      -     -    0s
     0     0   42.81925    0  450          -   42.81925      -     -    0s
     0     0   42.82090    0  449          -   42.82090      -     -    0s
     0     0   43.06351    0  480          -   43.06351      -     -    0s
     0     0   43.14966    0  451          -   43.14966      -     -    0s
     0     0   43.16685    0  525          -   43.16685      -     -    0s
     0     0   43.17492    0  537          -   43.17492      -     -    0s
     0     0   43.17775    0  528          -   43.17775      -     -    0s
     0     0   43.17775    0  540          -   43.17775      -     -    0s
     0     0   44.99358    0  457          -   44.99358      -     -    1s
     0     0   45.06205    0  476          -   45.06205      -     -    1s
     0     0   45.06707    0  518          -   45.06707      -     -    1s
     0     0   45.07147    0  513          -   45.07147      -     -    1s
     0     0   45.07147    0  503          -   45.07147      -     -    1s
     0     0   46.22487    0  338          -   46.22487      -     -    1s
     0     0   46.24137    0  382          -   46.24137      -     -    1s
     0     0   46.25507    0  358          -   46.25507      -     -    1s
     0     0   46.25568    0  407          -   46.25568      -     -    1s
     0     0   47.27329    0  400          -   47.27329      -     -    1s
     0     0   47.28744    0  380          -   47.28744      -     -    1s
     0     0   47.29782    0  416          -   47.29782      -     -    1s
     0     0   47.29815    0  427          -   47.29815      -     -    1s
     0     0   48.13920    0  287          -   48.13920      -     -    1s
     0     0   48.14803    0  314          -   48.14803      -     -    1s
     0     0   48.14823    0  332          -   48.14823      -     -    1s
     0     0   49.25643    0  434          -   49.25643      -     -    1s
     0     0   49.27492    0  343          -   49.27492      -     -    1s
     0     0   49.27776    0  369          -   49.27776      -     -    1s
     0     0   50.28476    0  322          -   50.28476      -     -    1s
     0     0   50.28919    0  341          -   50.28919      -     -    1s
     0     0   50.39444    0  388          -   50.39444      -     -    1s
     0     0   50.40788    0  360          -   50.40788      -     -    1s
     0     0   50.41244    0  345          -   50.41244      -     -    1s
     0     0   50.47343    0  325          -   50.47343      -     -    1s
     0     0   50.47766    0  291          -   50.47766      -     -    1s
     0     0   50.52795    0  322          -   50.52795      -     -    1s
     0     0   50.52795    0  176          -   50.52795      -     -    1s
     0     2   50.52795    0  155          -   50.52795      -     -    2s
  1642  1309   54.00000   37  141          -   54.00000      -  53.1    5s
  1699  1356   54.00000   25  283          -   54.00000      -  26.6   10s
  2655  1617 infeasible   55               -   54.00000      -  90.8   15s
  3380  1795   54.00000   30  242          -   54.00000      -   144   20s
  3931  1836   56.00000   47  388          -   54.00000      -   183   26s
  4630  2049   54.00000   35  333          -   54.00000      -   213   31s
  5619  2145 infeasible   56               -   54.00000      -   237   38s
  5976  2281   54.00000   26  550          -   54.00000      -   249   41s
  6607  2542   56.00000   40  484          -   54.00000      -   276   50s
  7017  2895   56.00000   48  308          -   54.00000      -   300   57s
  7285  3133   56.17391   49  260          -   54.00000      -   317   61s
  7727  3406   58.00000   46  325          -   54.00000      -   325   65s
  8184  3578   62.30270   57  238          -   54.00000      -   335   70s
  8869  3982   56.00000   47  303          -   54.00000      -   358   79s
  9182  4249 infeasible   55               -   54.00000      -   369   84s
  9661  4596   58.00000   35  454          -   54.00000      -   377   90s
 10186  4809   54.00000   42  307          -   54.00000      -   387   95s
 10578  5035   64.48616   55  284          -   54.00000      -   399  102s
 10924  5265   54.21007   48  410          -   54.00000      -   411  108s
 11256  5483   56.08146   52  388          -   54.00000      -   425  114s
 11604  5588   66.36111   61  346          -   54.00000      -   440  124s
 11813  5873   58.00000   38  320          -   54.00000      -   447  132s
 12274  6142   70.02406   60  381          -   54.00000      -   458  139s
 12721  6383 infeasible   63               -   54.00000      -   470  148s
 13204  6705   54.13333   42  453          -   54.00000      -   482  156s
 13697  6997   57.55952   52  321          -   54.00000      -   492  164s
 14142  7283   54.00000   41  430          -   54.00000      -   506  174s
 14691  7618   54.19696   56  397          -   54.00000      -   516  184s
 15215  7878   62.49791   67  371          -   54.00000      -   529  198s
 15604  8271 infeasible   63               -   54.00000      -   537  209s
 16267  8668   56.33333   57  485          -   54.00000      -   544  222s
 16937  9443   56.24800   51  271          -   54.00000      -   555  242s
 18111 10010   60.00000   55  351          -   54.00000      -   570  262s
 18969 10797   66.07310   64  280          -   54.00000      -   589  284s
 20272 11197   54.00000   37  524          -   54.00000      -   602  319s
 20873 11909   58.00000   54  377          -   54.00000      -   610  346s
 21944 12549   66.00000   58  270          -   54.00000      -   631  374s
 22977 13249   54.82180   46  441          -   54.00000      -   646  406s
 24150 14021   54.00000   48  462          -   54.00000      -   662  444s
 25388 14724   58.00000   51  317          -   54.00000      -   679  478s
 26487 15525 infeasible   55               -   54.00000      -   696  515s
 27809 16256   56.00000   50  311          -   54.00000      -   710  556s
 28882 16881   58.00000   51  469          -   54.00000      -   725  590s
 29974 17345   56.00000   43  422          -   54.00000      -   740  642s
 30680 18034   59.62366   49  285          -   54.00000      -   748  678s
 31832 18710   58.62160   56  333          -   54.00000      -   763  714s
 32905 19231 infeasible   66               -   54.00000      -   776  749s
 33735 20246   58.33306   54  438          -   54.00000      -   787  802s
 35395 21072   56.50980   43  436          -   54.00000      -   803  848s
 36796 21920   54.38381   55  449          -   54.00000      -   815  897s
 38169 22434   62.00816   61  423          -   54.00000      -   828  971s
 38874 23361   64.04509   52  370          -   54.00000      -   837 1015s
 40358 24118   54.00000   41  393          -   54.00000      -   849 1057s
 41557 24902   64.00000   56  323          -   54.00000      -   866 1101s
 42920 25738   62.47606   56  378          -   54.00000      -   877 1147s
 44345 26582   58.00000   40  426          -   54.00000      -   887 1193s
 45723 27405   54.00000   45  413          -   54.00000      -   899 1241s
 47231 28233   58.00000   48  347          -   54.00000      -   905 1290s
 48633 28720   54.00000   35  448          -   54.00000      -   914 1890s
 49388 29289   56.00000   53  453          -   54.00000      -   920 1920s
 50489 29930   64.48615   51  379          -   54.00000      -   923 1964s
 51628 30540   54.00000   44  528          -   54.00000      -   932 2011s
 52865 31212   69.22034   53  225          -   54.00000      -   941 2060s
 54218 31770   55.00000   41  467          -   54.00000      -   950 2112s
 55438 32327 infeasible   55               -   54.00000      -   962 2179s
 56531 32931   62.00000   57  282          -   54.00000      -   969 2238s
 57762 33577   58.16157   53  371          -   54.00000      -   979 2298s
 59213 34297   61.00000   40  399          -   54.00000      -   987 2964s
 60681 34693   54.00000   45  565          -   54.00000      -   995 3065s
 61493 35317   54.00000   51  512          -   54.00000      -  1001 3128s
 62736 35949   58.38857   42  431          -   54.00000      -  1010 3188s
 64093 36780   58.00000   51  516          -   54.00000      -  1020 3254s
H64916 36624                      84.0000000   54.00000  35.7%  1022 3254s
H64923 36544                      82.0000000   54.00000  34.1%  1022 3254s
 65768 36937   60.00000   48  411   82.00000   54.00000  34.1%  1025 3292s
H66113 36731                      80.0000000   54.00000  32.5%  1027 3292s
 66745 37281   54.00000   47  604   80.00000   54.00000  32.5%  1028 3365s
 68069 37832 infeasible   59        80.00000   54.00000  32.5%  1031 3441s
H68931 37532                      78.0000000   54.00000  30.8%  1035 3441s
 69314 38035   54.00000   39  592   78.00000   54.00000  30.8%  1037 3508s
 70616 38604   54.00000   45  432   78.00000   54.00000  30.8%  1043 3572s
 72028 39212   56.25000   50  365   78.00000   54.00000  30.8%  1048 3639s
 73590 39813 infeasible   48        78.00000   54.00000  30.8%  1054 3705s
 74939 40453   60.46621   40  417   78.00000   54.00000  30.8%  1061 3775s
 76709 40971   56.00000   44  214   78.00000   54.00000  30.8%  1062 3844s
 78033 41674   54.00000   51  397   78.00000   54.00000  30.8%  1066 3913s
 79749 42119   54.00000   48  357   78.00000   54.00000  30.8%  1069 3980s
 81003 42741   54.00000   46  330   78.00000   54.00000  30.8%  1072 4047s
 82715 43013   54.29205   47  448   78.00000   54.00000  30.8%  1075 4087s
 83457 43621 infeasible   59        78.00000   54.00000  30.8%  1078 4195s
 85074 43859   54.03077   38  628   78.00000   54.00000  30.8%  1083 4343s
 85635 44733   66.00000   56  259   78.00000   54.00000  30.8%  1083 4451s
 88188 45364   55.98291   49  413   78.00000   54.00000  30.8%  1085 4523s
 90047 45924 infeasible   51        78.00000   54.00000  30.8%  1088 4592s
 91685 46394   56.38433   51  584   78.00000   54.00000  30.8%  1092 4665s
 93252 47128   62.40000   49  219   78.00000   54.00000  30.8%  1094 4739s
 95386 47670 infeasible   57        78.00000   54.00000  30.8%  1092 4808s
 97013 48360   54.40000   50  469   78.00000   54.00000  30.8%  1094 4874s
 99064 48622 infeasible   53        78.00000   54.00000  30.8%  1093 4924s
 100070 49255 infeasible   52        78.00000   54.00000  30.8%  1094 4995s
 102225 49578   56.51458   49  350   78.00000   54.00000  30.8%  1093 5050s
 103220 50015   60.15210   56  462   78.00000   54.00000  30.8%  1097 5111s
 104718 50448   54.00000   41  305   78.00000   54.00000  30.8%  1099 5173s
 106008 50889   54.00000   46  454   78.00000   54.00000  30.8%  1102 5235s
 107444 51320 infeasible   50        78.00000   54.00000  30.8%  1104 5304s
 108968 51833   55.11111   47  325   78.00000   54.00000  30.8%  1104 5370s
 110558 52371 infeasible   59        78.00000   54.00000  30.8%  1104 5438s
 112335 52827   56.00000   50  466   78.00000   54.00000  30.8%  1104 5503s
 114165 53216   54.00000   46  480   78.00000   54.00000  30.8%  1104 5562s
 115617 53505 infeasible   40        78.00000   54.00000  30.8%  1105 5612s
 116734 53829   64.00000   49  429   78.00000   54.00000  30.8%  1106 5685s
 118077 54288   54.00000   38  372   78.00000   54.00000  30.8%  1109 5754s
 119641 54673   54.07695   59  642   78.00000   54.00000  30.8%  1111 5824s
 121089 55150   54.00000   47  541   78.00000   54.00000  30.8%  1114 5899s
 122494 55486   54.42860   41  467   78.00000   54.00000  30.8%  1115 5975s
 123603 55799 infeasible   41        78.00000   54.00000  30.8%  1118 6048s
 125001 56250   54.00000   57  421   78.00000   54.00000  30.8%  1122 6123s
 126721 56762 infeasible   52        78.00000   54.00000  30.8%  1125 6201s
 128498 57166 infeasible   59        78.00000   54.00000  30.8%  1126 6275s
 130268 57480   54.00000   45  421   78.00000   54.00000  30.8%  1128 6347s
 131636 57931   56.00000   49  485   78.00000   54.00000  30.8%  1131 6418s
 133198 58162   54.00000   40  397   78.00000   54.00000  30.8%  1133 6473s
 134250 58566 infeasible   57        78.00000   54.00000  30.8%  1135 6552s
 135935 59089   54.00000   37  363   78.00000   54.00000  30.8%  1136 6621s
 137704 59527   54.46154   56  633   78.00000   54.00000  30.8%  1132 6689s
 139449 59826   54.00000   51  478   78.00000   54.00000  30.8%  1132 6759s
 140580 60161   58.64283   50  336   78.00000   54.00000  30.8%  1133 6828s
 142032 60606   54.00000   50  343   78.00000   54.00000  30.8%  1135 6896s
 143672 60993   54.00000   40  445   78.00000   54.00000  30.8%  1136 6964s
 145207 61289   74.50000   59  300   78.00000   54.00000  30.8%  1138 7032s
 146739 61744   56.00000   51  378   78.00000   54.00000  30.8%  1139 7103s
 148270 62030   54.00000   45  400   78.00000   54.00000  30.8%  1140 7170s
 149587 62425 infeasible   48        78.00000   54.00000  30.8%  1142 7226s
 151056 62677   54.14286   49  626   78.00000   54.00000  30.8%  1142 7282s
 152047 63012   62.33333   57  440   78.00000   54.00000  30.8%  1144 7348s
 153472 63319   54.00000   40  306   78.00000   54.00000  30.8%  1145 7410s
 154783 63667   56.00000   56  558   78.00000   54.00000  30.8%  1147 7480s
 156476 64022   54.00000   39  321   78.00000   54.00000  30.8%  1147 7549s
 157973 64345 infeasible   49        78.00000   54.00000  30.8%  1148 7617s
 159524 64623 infeasible   57        78.00000   54.00000  30.8%  1150 7692s
 160870 65058 infeasible   60        78.00000   54.00000  30.8%  1151 7759s
 162377 65424   60.00000   55  486   78.00000   54.00000  30.8%  1152 7828s
 163901 65735   54.00000   45  453   78.00000   54.00000  30.8%  1153 7898s
 165001 66246   54.00000   42  415   78.00000   54.00000  30.8%  1155 7970s
 166746 66579 infeasible   45        78.00000   54.00000  30.8%  1155 8025s
 167993 66884   54.00000   47  569   78.00000   54.00000  30.8%  1156 8094s
 169320 67337   54.00000   41  467   78.00000   54.00000  30.8%  1158 8170s
 171074 67716   64.00000   50  295   78.00000   54.00000  30.8%  1158 8242s
 172520 68260   54.00000   51  393   78.00000   54.00000  30.8%  1159 8314s
 174353 68596   54.01111   41  501   78.00000   54.00000  30.8%  1158 8382s
 175783 68980 infeasible   50        78.00000   54.00000  30.8%  1160 8450s
 177430 69297   54.05065   47  473   78.00000   54.00000  30.8%  1160 8518s
 178788 69713   54.00000   37  474   78.00000   54.00000  30.8%  1161 8587s
 180424 70116   54.00000   47  564   78.00000   54.00000  30.8%  1161 8655s
 181946 70530   60.00000   52  391   78.00000   54.00000  30.8%  1160 8723s
 183578 70851 infeasible   53        78.00000   54.00000  30.8%  1160 8785s
 185016 71065 infeasible   42        78.00000   54.00000  30.8%  1161 8844s
 186051 71372   54.00000   46  547   78.00000   54.00000  30.8%  1163 8913s
 187331 71604 infeasible   65        78.00000   54.00000  30.8%  1165 8985s
 188448 71895 infeasible   46        78.00000   54.00000  30.8%  1168 9065s
 189823 72237 infeasible   53        78.00000   54.00000  30.8%  1170 9145s
 191378 72556   54.00000   46  341   78.00000   54.00000  30.8%  1172 9221s
 192737 72802   54.00000   48  388   78.00000   54.00000  30.8%  1174 9294s
 194173 73045 infeasible   48        78.00000   54.00000  30.8%  1177 9375s
 195674 73394 infeasible   52        78.00000   54.00000  30.8%  1179 9456s
 197186 73786   54.00000   38  333   78.00000   54.00000  30.8%  1181 9536s
 198893 74287 infeasible   51        78.00000   54.00000  30.8%  1182 9615s
 200502 74608 infeasible   60        78.00000   54.00000  30.8%  1183 9673s
 201728 74943   56.00000   55  391   78.00000   54.00000  30.8%  1184 9747s
 203243 75370   54.00000   46  528   78.00000   54.00000  30.8%  1185 9822s
 204795 75756   54.01644   51  573   78.00000   54.00000  30.8%  1186 9892s
 206325 75965   54.00000   51  551   78.00000   54.00000  30.8%  1187 9965s
 207458 76317   56.00000   52  324   78.00000   54.00000  30.8%  1189 10036s
 208853 76681   57.33333   45  529   78.00000   54.00000  30.8%  1191 10110s
 210273 77014 infeasible   52        78.00000   54.00000  30.8%  1193 10186s
 211762 77324 infeasible   51        78.00000   54.00000  30.8%  1193 10258s
 212838 77640   54.00000   51  495   78.00000   54.00000  30.8%  1196 10329s
 214343 78059   56.00000   45  601   78.00000   54.00000  30.8%  1198 10402s
 215694 78342   54.00000   51  470   78.00000   54.00000  30.8%  1198 10493s
 217081 78761 infeasible   51        78.00000   54.00000  30.8%  1199 10552s
 218493 79166 infeasible   50        78.00000   54.00000  30.8%  1199 10620s
 220163 79573   54.00000   41  417   78.00000   54.00000  30.8%  1198 10684s
 221806 79836 infeasible   62        78.00000   54.00000  30.8%  1198 10739s
 223188 80118   54.00000   49  456   78.00000   54.00000  30.8%  1198 10800s
 224572 80421   60.05674   50  414   78.00000   54.00000  30.8%  1199 10859s
 225989 80677 infeasible   40        78.00000   54.00000  30.8%  1199 10921s
 226961 80993   54.00000   45  455   78.00000   54.00000  30.8%  1200 10984s
 228355 81268 infeasible   63        78.00000   54.00000  30.8%  1201 11051s
 229630 81577   54.13793   55  462   78.00000   54.00000  30.8%  1201 11118s
 230900 81906   69.00000   55  263   78.00000   54.00000  30.8%  1202 11188s
 232409 82257   54.00000   57  558   78.00000   54.00000  30.8%  1201 11257s
 233790 82502   60.00000   54  408   78.00000   54.00000  30.8%  1200 11319s
 234911 82948 infeasible   50        78.00000   54.00000  30.8%  1202 11399s
 236694 83311   54.00000   43  413   78.00000   54.00000  30.8%  1202 11481s
 238106 83708 infeasible   47        78.00000   54.00000  30.8%  1202 11557s
 239724 84071   64.66667   67  294   78.00000   54.00000  30.8%  1203 11636s
 241317 84472   54.82353   50  404   78.00000   54.00000  30.8%  1203 11709s
 243051 84829   54.00000   50  352   78.00000   54.00000  30.8%  1203 11781s
 244475 85214 infeasible   51        78.00000   54.00000  30.8%  1204 11851s
 246019 85479   54.00000   42  584   78.00000   54.00000  30.8%  1204 11932s
 247437 85838   54.01072   46  504   78.00000   54.00000  30.8%  1204 12006s
 248754 86085   60.00000   45  443   78.00000   54.00000  30.8%  1205 12077s
 249857 86290 infeasible   46        78.00000   54.00000  30.8%  1206 12145s
 250890 86486 infeasible   51        78.00000   54.00000  30.8%  1208 12210s
 252178 86661   54.00000   41  621   78.00000   54.00000  30.8%  1209 12277s
 253167 86933   54.00000   40  430   78.00000   54.00000  30.8%  1211 12356s
 254337 87315   54.00000   43  708   78.00000   54.00000  30.8%  1213 12446s
 256039 87797   54.00063   44  579   78.00000   54.00000  30.8%  1214 12550s
 257960 88203   54.00000   42  367   78.00000   54.00000  30.8%  1214 12641s
 259640 88708   58.12428   54  528   78.00000   54.00000  30.8%  1214 12723s
 261474 89382   56.45000   46  602   78.00000   54.00000  30.8%  1215 12809s
 263695 89742 infeasible   52        78.00000   54.00000  30.8%  1214 12882s
 265162 90021   55.09734   48  551   78.00000   54.00000  30.8%  1214 12956s
 266556 90199   60.00000   52  283   78.00000   54.00000  30.8%  1216 13026s
 267643 90459 infeasible   41        78.00000   54.00000  30.8%  1218 13085s
 268699 90814   56.40000   47  247   78.00000   54.00000  30.8%  1219 13177s
 270233 91127 infeasible   44        78.00000   54.00000  30.8%  1219 13268s
 271973 91466   54.27065   40  412   78.00000   54.00000  30.8%  1220 13355s
 273477 91856   54.00000   41  398   78.00000   54.00000  30.8%  1221 13434s
 275085 92217   56.00000   40  420   78.00000   54.00000  30.8%  1222 13509s
 276751 92518   54.00000   41  464   78.00000   54.00000  30.8%  1223 13583s
 278302 92820 infeasible   54        78.00000   54.00000  30.8%  1224 13664s
 279829 93180   58.07407   54  520   78.00000   54.00000  30.8%  1225 13749s
 281424 93471 infeasible   40        78.00000   54.00000  30.8%  1225 13835s
 282375 93880   54.00000   44  379   78.00000   54.00000  30.8%  1224 13919s
 284227 94245 infeasible   52        78.00000   54.00000  30.8%  1224 13985s
 285658 94625   54.00000   42  574   78.00000   54.00000  30.8%  1224 14055s
 287377 94911   58.00000   55  561   78.00000   54.00000  30.8%  1224 14117s
 288659 95259   56.29216   49  356   78.00000   54.00000  30.8%  1225 14186s
 290129 95460   54.02247   45  433   78.00000   54.00000  30.8%  1224 14269s
 291266 95809   54.00000   44  394   78.00000   54.00000  30.8%  1224 14340s
 292923 96100   64.06667   50  206   78.00000   54.00000  30.8%  1224 14411s
 294454 96412   54.00000   47  292   78.00000   54.00000  30.8%  1224 14484s
 296233 96921   60.43264   54  392   78.00000   54.00000  30.8%  1224 14559s
 298466 97423 infeasible   45        78.00000   54.00000  30.8%  1221 14627s
 300571 97667 infeasible   47        78.00000   54.00000  30.8%  1219 14690s
 301750 97877   54.07144   53  613   78.00000   54.00000  30.8%  1220 14772s
 303265 98213   54.00000   41  525   78.00000   54.00000  30.8%  1221 14857s
 304778 98521   56.07184   66  489   78.00000   54.00000  30.8%  1222 14936s
 306173 98756   56.00000   44  360   78.00000   54.00000  30.8%  1223 15012s
 307109 98999   54.14941   46  554   78.00000   54.00000  30.8%  1226 15104s
 308393 99273   54.00000   45  403   78.00000   54.00000  30.8%  1227 15189s
 309625 99595   54.00000   43  348   78.00000   54.00000  30.8%  1229 15272s
 311193 99870 infeasible   43        78.00000   54.00000  30.8%  1231 15359s
 312876 100175   63.33333   66  470   78.00000   54.00000  30.8%  1232 15448s
 314776 100461 infeasible   41        78.00000   54.00000  30.8%  1233 15533s
*315076 85082              63      68.0000000   54.00000  20.6%  1233 15533s
H316739 78369                      66.0000000   54.00000  18.2%  1233 15599s
H317721 69633                      64.0000000   54.00000  15.6%  1233 15599s
H317757 58433                      62.0000000   54.00000  12.9%  1233 15599s
 317986 58498   54.00000   42  505   62.00000   54.00000  12.9%  1234 15677s
 319728 58578   54.00000   58  419   62.00000   54.00000  12.9%  1234 15752s
 321677 58684 infeasible   49        62.00000   54.00000  12.9%  1233 15820s
 323066 58833 infeasible   50        62.00000   54.00000  12.9%  1233 15886s
 324227 58881     cutoff   46        62.00000   54.00000  12.9%  1234 15950s
 325372 58973     cutoff   50        62.00000   54.00000  12.9%  1236 16017s
 326804 59083   54.09524   51  445   62.00000   54.00000  12.9%  1236 16095s
 327914 59263     cutoff   54        62.00000   54.00000  12.9%  1236 16171s
 329546 59371 infeasible   53        62.00000   54.00000  12.9%  1236 16243s
 331186 59515   57.14124   53  635   62.00000   54.00000  12.9%  1236 16314s
 333057 59637   58.17599   53  475   62.00000   54.00000  12.9%  1236 16391s
 334365 59780   55.00000   48  370   62.00000   54.00000  12.9%  1236 16470s
 336110 59936   54.00000   41  726   62.00000   54.00000  12.9%  1235 16533s
 337368 60120   54.00000   45  410   62.00000   54.00000  12.9%  1236 16607s
 338568 60368   54.00000   59  537   62.00000   54.00000  12.9%  1237 16679s
 339954 60481 infeasible   57        62.00000   54.00000  12.9%  1238 16755s
 341456 60549   54.00000   44  641   62.00000   54.00000  12.9%  1238 16830s
 342998 60640 infeasible   49        62.00000   54.00000  12.9%  1239 16901s
 344383 60774   54.00000   41  626   62.00000   54.00000  12.9%  1240 16975s
 345710 60965   54.00000   41  356   62.00000   54.00000  12.9%  1241 17051s
 347156 61082   54.70588   49  465   62.00000   54.00000  12.9%  1241 17124s
 348486 61319   54.00000   43  486   62.00000   54.00000  12.9%  1243 17203s
 349928 61520   54.00000   43  477   62.00000   54.00000  12.9%  1243 17273s
 351457 61611   54.00000   43  500   62.00000   54.00000  12.9%  1243 17352s
 353226 61712   54.00000   44  419   62.00000   54.00000  12.9%  1242 17414s
 354608 61882   54.00000   47  471   62.00000   54.00000  12.9%  1242 17475s
 355934 62148   54.01468   46  609   62.00000   54.00000  12.9%  1242 17536s
 357389 62280 infeasible   49        62.00000   54.00000  12.9%  1242 17621s
 358589 62320   54.00000   43  378   62.00000   54.00000  12.9%  1241 17723s
 358913 62488   56.00000   44  338   62.00000   54.00000  12.9%  1241 17789s
 360463 62760   54.00000   41  617   62.00000   54.00000  12.9%  1241 17856s
 362170 63017   58.79018   49  292   62.00000   54.00000  12.9%  1241 17926s
 363686 63283   54.83333   42  503   62.00000   54.00000  12.9%  1241 17996s
 365277 63348 infeasible   41        62.00000   54.00000  12.9%  1241 18063s
 366492 63406 infeasible   58        62.00000   54.00000  12.9%  1242 18129s
 367985 63564   58.40029   48  395   62.00000   54.00000  12.9%  1242 18194s
 369407 63691   54.02299   41  511   62.00000   54.00000  12.9%  1243 18263s
 370793 63774 infeasible   51        62.00000   54.00000  12.9%  1243 18339s
 372502 63897   54.00000   44  379   62.00000   54.00000  12.9%  1243 18409s
 374090 63999   58.00000   62  424   62.00000   54.00000  12.9%  1243 18473s
 375643 64100 infeasible   52        62.00000   54.00273  12.9%  1242 18539s
 377521 64144     cutoff   55        62.00000   54.00443  12.9%  1241 18596s
 379015 64175 infeasible   57        62.00000   54.00766  12.9%  1241 18654s
 380481 64243 infeasible   46        62.00000   54.00990  12.9%  1240 18720s
 381954 64287 infeasible   47        62.00000   54.01157  12.9%  1240 18779s
 383520 64434   56.00000   62  436   62.00000   54.01429  12.9%  1239 18843s
 385351 64455   54.16790   46  596   62.00000   54.01667  12.9%  1238 18890s
 386725 64504   58.00000   64  553   62.00000   54.01905  12.9%  1237 18941s
 387876 64546   58.00000   51  664   62.00000   54.02235  12.9%  1237 18990s
 389214 64609   56.94032   45  398   62.00000   54.02410  12.9%  1236 19035s
 390583 64690   54.28664   49  613   62.00000   54.02632  12.9%  1235 19081s
 392189 64786   56.00000   47  500   62.00000   54.02985  12.9%  1233 19119s
 392838 64866 infeasible   48        62.00000   54.03030  12.9%  1233 19159s
 393469 64919 infeasible   49        62.00000   54.03077  12.9%  1234 19205s
 394277 64990   58.14284   56  372   62.00000   54.03077  12.9%  1234 19251s
 395431 65032   54.03077   46  675   62.00000   54.03077  12.9%  1234 19292s
 396571 65036     cutoff   51        62.00000   54.03571  12.8%  1233 19343s
 398088 65069   54.40000   53  434   62.00000   54.03922  12.8%  1232 19391s
 399589 65075   57.00000   50  388   62.00000   54.04218  12.8%  1231 19451s
 400797 65073   60.00000   51  379   62.00000   54.04327  12.8%  1230 19504s
 402189 65095 infeasible   56        62.00000   54.04904  12.8%  1229 19601s
 402917 65162 infeasible   56        62.00000   54.05046  12.8%  1229 19647s
 404274 65190   56.66667   53  319   62.00000   54.05405  12.8%  1228 19692s
 405187 65156   54.79439   54  461   62.00000   54.05630  12.8%  1227 19735s
 406722 65171 infeasible   54        62.00000   54.06364  12.8%  1226 19775s
 408026 65209 infeasible   59        62.00000   54.07233  12.8%  1225 19814s
 409642 65197   59.00000   64  450   62.00000   54.07820  12.8%  1223 19851s
 411055 65254   59.41685   55  596   62.00000   54.08511  12.8%  1222 19885s
 412447 65249     cutoff   58        62.00000   54.09091  12.8%  1221 19921s
 413840 65301 infeasible   49        62.00000   54.09972  12.7%  1219 19954s
 415024 65360 infeasible   51        62.00000   54.10345  12.7%  1218 19989s
 416182 65412     cutoff   53        62.00000   54.10856  12.7%  1217 20021s
 417395 65518     cutoff   56        62.00000   54.11225  12.7%  1216 20073s
 419435 65573   56.04167   55  500   62.00000   54.12158  12.7%  1214 20100s
 420170 65616   60.00000   53  362   62.00000   54.12500  12.7%  1214 20130s
 421319 65703   56.00000   49  374   62.00000   54.12899  12.7%  1213 20190s
 422507 65697   56.00000   50  380   62.00000   54.13043  12.7%  1212 20222s
 423892 65739 infeasible   53        62.00000   54.13880  12.7%  1210 20253s
 425165 65805   54.15385   47  309   62.00000   54.14286  12.7%  1209 20282s
 426376 65845     cutoff   66        62.00000   54.14581  12.7%  1208 20311s
 427553 65866   56.13793   60  395   62.00000   54.15061  12.7%  1207 20340s
 428734 65880   56.00000   43  249   62.00000   54.15466  12.7%  1205 20365s
 429672 65915 infeasible   57        62.00000   54.16000  12.6%  1205 20391s
 430432 65945     cutoff   63        62.00000   54.16575  12.6%  1204 20418s
 431412 66008     cutoff   52        62.00000   54.16923  12.6%  1203 20446s
 432568 66124   54.19937   46  460   62.00000   54.17391  12.6%  1202 20474s
 433832 66245   58.00000   51  315   62.00000   54.17391  12.6%  1201 20522s
 435928 66301 infeasible   47        62.00000   54.18182  12.6%  1199 20546s
 436833 66342   56.66667   66  401   62.00000   54.18643  12.6%  1198 20574s
 437863 66400   57.41818   48  215   62.00000   54.19048  12.6%  1197 20599s
 438758 66474 infeasible   58        62.00000   54.19526  12.6%  1197 20627s
 439838 66567   54.30361   52  414   62.00000   54.20000  12.6%  1196 20658s
 440816 66575   58.76190   67  418   62.00000   54.20000  12.6%  1195 20686s
 441802 66629   56.00000   55  495   62.00000   54.20647  12.6%  1195 20713s
 442871 66692   58.00000   53  473   62.00000   54.21053  12.6%  1194 20741s
 444018 66766 infeasible   59        62.00000   54.21814  12.6%  1193 20770s
 445217 66848 infeasible   47        62.00000   54.22222  12.5%  1191 20798s
 446286 66883 infeasible   61        62.00000   54.22365  12.5%  1191 20827s
 447328 66881 infeasible   46        62.00000   54.22963  12.5%  1190 20853s
 448474 66966   56.00000   49  416   62.00000   54.24500  12.5%  1189 20885s
 449530 67048   60.00000   61  397   62.00000   54.25000  12.5%  1188 20918s
 450628 67088 infeasible   52        62.00000   54.25000  12.5%  1187 20970s
 452584 67141 infeasible   56        62.00000   54.25356  12.5%  1185 20998s
 453746 67144   56.00000   50  424   62.00000   54.26380  12.5%  1184 21023s
 454718 67148 infeasible   57        62.00000   54.27435  12.5%  1183 21046s
 455407 67204   56.20925   55  477   62.00000   54.28510  12.4%  1183 21077s
 456165 67279   56.00000   50  468   62.00000   54.28571  12.4%  1183 21108s
 457124 67334 infeasible   45        62.00000   54.28571  12.4%  1182 21141s
 458473 67359     cutoff   63        62.00000   54.29497  12.4%  1181 21172s
 459426 67361   59.00010   52  459   62.00000   54.30199  12.4%  1180 21203s
 460501 67427   58.50679   55  392   62.00000   54.31008  12.4%  1180 21233s
 461736 67440   55.00000   46  391   62.00000   54.31606  12.4%  1178 21262s
 462795 67529 infeasible   53        62.00000   54.33333  12.4%  1178 21300s
 464055 67621 infeasible   49        62.00000   54.33333  12.4%  1177 21334s
 465316 67648   60.00000   57  391   62.00000   54.33333  12.4%  1176 21367s
 466553 67607   58.01881   58  444   62.00000   54.33846  12.4%  1175 21396s
 467587 67586 infeasible   65        62.00000   54.34414  12.3%  1174 21424s
 468487 67563     cutoff   56        62.00000   54.36275  12.3%  1174 21453s
 469519 67542     cutoff   59        62.00000   54.37127  12.3%  1173 21538s
 470042 67547   58.78238   51  302   62.00000   54.37273  12.3%  1172 21567s
 470977 67569   56.00000   57  626   62.00000   54.38229  12.3%  1172 21594s
 471827 67611 infeasible   55        62.00000   54.38229  12.3%  1172 21640s
 473159 67635 infeasible   56        62.00000   54.40000  12.3%  1171 21694s
 473904 67650   58.00000   55  411   62.00000   54.40000  12.3%  1171 21788s
 474810 67762   58.00000   51  505   62.00000   54.40000  12.3%  1170 21840s
 476999 67818   56.00000   53  565   62.00000   54.41176  12.2%  1168 21878s
 478337 67842 infeasible   48        62.00000   54.42052  12.2%  1167 21912s
 479800 67849 infeasible   63        62.00000   54.44444  12.2%  1166 21946s
 481191 67835   54.81076   47  348   62.00000   54.45538  12.2%  1164 21978s
 482521 67863   58.50000   53  300   62.00000   54.47042  12.1%  1163 22008s
 483905 67860   58.11852   60  531   62.00000   54.48201  12.1%  1162 22036s
 485112 67878 infeasible   46        62.00000   54.50000  12.1%  1161 22075s
 486756 67878   58.36364   66  395   62.00000   54.50000  12.1%  1159 22108s
 488062 67847 infeasible   61        62.00000   54.50000  12.1%  1159 22155s
 490092 67842   54.66667   43  307   62.00000   54.51429  12.1%  1157 22181s
 491003 67816 infeasible   58        62.00000   54.52727  12.1%  1156 22207s
 492021 67821   58.80769   66  337   62.00000   54.53763  12.0%  1155 22233s
 493117 67793   56.07339   48  513   62.00000   54.55871  12.0%  1154 22257s
 493980 67782 infeasible   53        62.00000   54.57143  12.0%  1154 22284s
 495093 67750   59.66667   48  460   62.00000   54.59590  11.9%  1153 22310s
 496135 67735 infeasible   55        62.00000   54.60606  11.9%  1152 22336s
 497227 67680 infeasible   65        62.00000   54.62458  11.9%  1151 22361s
 498351 67710   56.50034   50  527   62.00000   54.64489  11.9%  1150 22386s
 499243 67745 infeasible   48        62.00000   54.66667  11.8%  1150 22422s
 500534 67728   58.00000   59  445   62.00000   54.66667  11.8%  1149 22455s
 501786 67826 infeasible   45        62.00000   54.66667  11.8%  1148 22484s
 502681 67967 infeasible   52        62.00000   54.66667  11.8%  1148 22514s
 503782 68035   56.67678   51  425   62.00000   54.66667  11.8%  1147 22541s
 504912 68009   54.66667   43  457   62.00000   54.66667  11.8%  1146 22590s
 507183 68025 infeasible   60        62.00000   54.72686  11.7%  1144 22614s
 508293 67984   60.00000   45  299   62.00000   54.75000  11.7%  1143 22637s
 509240 67945   56.47650   49  343   62.00000   54.76184  11.7%  1142 22659s
 509981 67946 infeasible   54        62.00000   54.78571  11.6%  1142 22680s
 510739 67932   58.00000   55  485   62.00000   54.80000  11.6%  1141 22704s
 511752 67829     cutoff   61        62.00000   54.80834  11.6%  1140 22728s
 512860 67752     cutoff   58        62.00000   54.83333  11.6%  1139 22752s
 514002 67700     cutoff   55        62.00000   54.86458  11.5%  1138 22775s
 515124 67672   56.08889   48  461   62.00000   54.88926  11.5%  1137 22798s
 516113 67608 infeasible   54        62.00000   54.91552  11.4%  1137 22823s
 517154 67582   58.79412   40  308   62.00000   54.96626  11.3%  1136 22844s
 517920 67606   56.00000   62  528   62.00000   55.00000  11.3%  1135 22875s
 518926 67667   57.00000   54  530   62.00000   55.00000  11.3%  1135 22909s
 520062 67687   60.00000   48  483   62.00000   55.00000  11.3%  1134 22944s
 521234 67773   60.00000   60  454   62.00000   55.00000  11.3%  1133 23008s
 523281 67879 infeasible   50        62.00000   55.00000  11.3%  1132 23050s
 524355 67964   57.00000   51  487   62.00000   55.00000  11.3%  1132 23088s
 525708 67935   56.00000   51  439   62.00000   55.00000  11.3%  1131 23123s
 527188 67872   58.04722   51  502   62.00000   55.02774  11.2%  1130 23155s
 528472 67700   59.10417   51  273   62.00000   55.04591  11.2%  1129 24056s
 529952 67594   58.87097   62  465   62.00000   55.14521  11.1%  1128 25345s
 531448 67547 infeasible   47        62.00000   55.20000  11.0%  1127 26520s
 532527 67492 infeasible   57        62.00000   55.20000  11.0%  1126 27687s
 533713 67482   55.33333   43  566   62.00000   55.33333  10.8%  1125 28778s
 534686 67394   56.60606   50  537   62.00000   55.33333  10.8%  1124 29862s
 535777 67296   60.00000   55  553   62.00000   55.33333  10.8%  1123 31052s
 536993 67111   58.05309   47  423   62.00000   55.50000  10.5%  1122 32182s
 538375 67017   56.07080   48  251   62.00000   55.56692  10.4%  1121 33257s
 539651 66885   57.05263   58  340   62.00000   55.68182  10.2%  1120 34182s
 540782 66858   60.00000   44  551   62.00000   55.81250  10.0%  1119 35212s
 541824 66849   58.77734   54  402   62.00000   55.85714  9.91%  1118 36268s
 542798 66828   58.00000   51  295   62.00000   56.00000  9.68%  1117 37817s
 544198 66774 infeasible   53        62.00000   56.00000  9.68%  1116 40612s
 546462 66724 infeasible   53        62.00000   56.00000  9.68%  1115 42693s
 547768 66710   56.11837   47  424   62.00000   56.00000  9.68%  1115 44719s
 549585 66799   58.00000   53  474   62.00000   56.00000  9.68%  1113 46625s
 551428 66761     cutoff   49        62.00000   56.00000  9.68%  1112 48420s
 552959 66807   60.00000   60  365   62.00000   56.00000  9.68%  1111 50088s
 554393 66873 infeasible   56        62.00000   56.00000  9.68%  1111 51931s
 555632 66975     cutoff   52        62.00000   56.00000  9.68%  1110 53884s
 557088 67036   56.51613   49  309   62.00000   56.00000  9.68%  1110 55777s
 558704 67113   60.00000   50  359   62.00000   56.00000  9.68%  1109 57555s
 560104 67162 infeasible   55        62.00000   56.00000  9.68%  1108 59328s
 561635 67305   58.33788   52  387   62.00000   56.00000  9.68%  1107 62237s
 564058 67338   56.40000   53  505   62.00000   56.00000  9.68%  1106 64021s
 565606 67413     cutoff   66        62.00000   56.00000  9.68%  1105 65811s
 566945 67432   60.00000   51  239   62.00000   56.00000  9.68%  1105 67647s
 568659 67495   58.68269   57  295   62.00000   56.00000  9.68%  1104 69308s
 569827 67512   59.43043   48  514   62.00000   56.00000  9.68%  1103 70948s
 570613 67567 infeasible   58        62.00000   56.00000  9.68%  1103 72628s
 571363 67565     cutoff   57        62.00000   56.00000  9.68%  1104 74525s
 572101 67597   58.34170   56  632   62.00000   56.00000  9.68%  1104 76597s
 572986 67631   58.80000   52  488   62.00000   56.00000  9.68%  1104 78613s
 573878 67658   56.00000   36  530   62.00000   56.00000  9.68%  1104 80860s
 574917 67709   57.05112   48  403   62.00000   56.00000  9.68%  1105 83153s
 576020 67777   60.00000   67  468   62.00000   56.00000  9.68%  1105 85638s
 577433 67821   58.00000   49  396   62.00000   56.00000  9.68%  1105 88106s
 578679 67993   58.00000   50  490   62.00000   56.00000  9.68%  1105 90665s
 580132 68150   56.00000   53  499   62.00000   56.00000  9.68%  1105 93633s
 581912 68206   56.00000   49  541   62.00000   56.00000  9.68%  1104 96125s
 583420 68260   56.00000   40  420   62.00000   56.00000  9.68%  1104 98899s
 585301 68345   56.40000   48  334   62.00000   56.00000  9.68%  1103 101391s
 587144 68503   56.71700   55  500   62.00000   56.00000  9.68%  1103 103717s
 589152 68676   56.36679   48  423   62.00000   56.00000  9.68%  1102 105983s
 590833 68783   56.06863   47  558   62.00000   56.00000  9.68%  1101 108215s
 592124 68911   56.16667   54  482   62.00000   56.00000  9.68%  1101 110292s
 593779 69037   56.38961   53  306   62.00000   56.00000  9.68%  1100 112400s
 595328 69053 infeasible   65        62.00000   56.00000  9.68%  1099 115299s
 597287 69109   56.00000   42  442   62.00000   56.00000  9.68%  1099 117501s
 598954 69206 infeasible   46        62.00000   56.00000  9.68%  1098 119375s
 600197 69306   58.00000   48  525   62.00000   56.00000  9.68%  1098 121431s
 601549 69407   56.00000   44  422   62.00000   56.00000  9.68%  1097 123711s
 603097 69529   58.05580   47  449   62.00000   56.00000  9.68%  1097 125918s
 604561 69652   56.00000   45  321   62.00000   56.00000  9.68%  1097 128097s
 605897 69800   56.00000   40  377   62.00000   56.00000  9.68%  1096 130485s
 607438 69929 infeasible   49        62.00000   56.00000  9.68%  1096 132791s
 609356 70048 infeasible   58        62.00000   56.00000  9.68%  1095 134887s
 611016 70174   58.00000   47  409   62.00000   56.00000  9.68%  1094 136881s
 612471 70328 infeasible   48        62.00000   56.00000  9.68%  1094 139669s
 614432 70365 infeasible   53        62.00000   56.00000  9.68%  1093 141919s
 616016 70415 infeasible   43        62.00000   56.00000  9.68%  1093 144034s
 617587 70433   58.80892   54  350   62.00000   56.00000  9.68%  1092 146105s
 619229 70547   57.06300   45  393   62.00000   56.00000  9.68%  1091 148115s
 620642 70536   56.00000   50  421   62.00000   56.00000  9.68%  1091 150084s
 622053 70588 infeasible   46        62.00000   56.00000  9.68%  1091 152040s
 623788 70662   56.00000   43  460   62.00000   56.00000  9.68%  1090 154106s
 625183 70729 infeasible   45        62.00000   56.00000  9.68%  1090 156048s
 626671 70815   57.08722   51  500   62.00000   56.00000  9.68%  1089 158000s
 628236 70880     cutoff   60        62.00000   56.00000  9.68%  1089 160120s
 629840 70967     cutoff   56        62.00000   56.00000  9.68%  1088 162996s
 631996 71079 infeasible   43        62.00000   56.00000  9.68%  1087 164872s
 633824 71151 infeasible   48        62.00000   56.00000  9.68%  1086 166589s
 635093 71168   56.00000   47  520   62.00000   56.00000  9.68%  1086 168385s
 636482 71230   56.16393   62  404   62.00000   56.00000  9.68%  1085 169101s

Cutting planes:
  Gomory: 235
  Cover: 1818
  Implied bound: 1139
  Clique: 20
  MIR: 10644
  StrongCG: 532
  Flow cover: 2914
  GUB cover: 47
  Inf proof: 122
  Zero half: 700
  RLT: 35
  Relax-and-lift: 115

Explored 637671 nodes (691954179 simplex iterations) in 169101.75 seconds (102053.03 work units)
Thread count was 10 (of 10 available processors)

Solution count 8: 62 64 66 ... 84

Solve interrupted
Best objective 6.200000000000e+01, best bound 5.600000000000e+01, gap 9.6774%
