
Gurobi 9.5.2 (mac64[x86], Python) logging started Wed Aug 17 22:52:46 2022

Set parameter Username
Set parameter LogFile to value "best-lin-new-future-4.log"
Academic license - for non-commercial use only - expires 2023-07-03
Read LP format model from file new_best_lin_future_4.lp
Reading time = 0.01 seconds
: 1986 rows, 1496 columns, 12980 nonzeros
Gurobi Optimizer version 9.5.2 build v9.5.2rc0 (mac64[x86])
Thread count: 4 physical cores, 8 logical processors, using up to 8 threads
Optimize a model with 1986 rows, 1496 columns and 12980 nonzeros
Model fingerprint: 0x32b870f9
Variable types: 0 continuous, 1496 integer (1496 binary)
Coefficient statistics:
  Matrix range     [1e+00, 2e+01]
  Objective range  [2e+00, 4e+00]
  Bounds range     [1e+00, 1e+00]
  RHS range        [1e+00, 2e+01]
Presolve removed 192 rows and 600 columns
Presolve time: 0.02s
Presolved: 1794 rows, 896 columns, 12188 nonzeros
Variable types: 0 continuous, 896 integer (704 binary)

Root relaxation: objective 3.951929e-01, 547 iterations, 0.01 seconds (0.01 work units)

    Nodes    |    Current Node    |     Objective Bounds      |     Work
 Expl Unexpl |  Obj  Depth IntInf | Incumbent    BestBd   Gap | It/Node Time

     0     0    0.39519    0   25          -    0.39519      -     -    0s
     0     0    0.51807    0   22          -    0.51807      -     -    0s
     0     0    0.82910    0   21          -    0.82910      -     -    0s
     0     0    0.82922    0   43          -    0.82922      -     -    0s
     0     0    0.82922    0   22          -    0.82922      -     -    0s
     0     0    0.82922    0   21          -    0.82922      -     -    0s
     0     0    0.82922    0   21          -    0.82922      -     -    0s
     0     0    0.82922    0   22          -    0.82922      -     -    0s
     0     0    0.82922    0   22          -    0.82922      -     -    0s
     0     0    0.83970    0   22          -    0.83970      -     -    0s
     0     0    0.88649    0   68          -    0.88649      -     -    0s
     0     0    0.91980    0   66          -    0.91980      -     -    0s
     0     0    0.92960    0   71          -    0.92960      -     -    0s
     0     0    0.94257    0   54          -    0.94257      -     -    0s
     0     0    0.95229    0   55          -    0.95229      -     -    0s
     0     0    0.99741    0  110          -    0.99741      -     -    0s
     0     0    1.04498    0  113          -    1.04498      -     -    0s
     0     0    1.06781    0  147          -    1.06781      -     -    0s
     0     0    1.06809    0  105          -    1.06809      -     -    0s
     0     0    1.06962    0  104          -    1.06962      -     -    0s
     0     0    1.08279    0   94          -    1.08279      -     -    0s
     0     0    1.08685    0  139          -    1.08685      -     -    0s
     0     0    1.08806    0  141          -    1.08806      -     -    0s
     0     0    1.08806    0  123          -    1.08806      -     -    0s
     0     0    1.10004    0  122          -    1.10004      -     -    0s
     0     0    1.11014    0  113          -    1.11014      -     -    0s
     0     0    1.11451    0  152          -    1.11451      -     -    0s
     0     0    1.11906    0  140          -    1.11906      -     -    0s
     0     0    1.12104    0  158          -    1.12104      -     -    0s
     0     0    1.12403    0  155          -    1.12403      -     -    0s
     0     0    1.12451    0  158          -    1.12451      -     -    0s
     0     0    1.12533    0  149          -    1.12533      -     -    0s
     0     0    1.12533    0  149          -    1.12533      -     -    0s
     0     0    1.13534    0  146          -    1.13534      -     -    0s
     0     0    1.14519    0  148          -    1.14519      -     -    0s
     0     0    1.14563    0  139          -    1.14563      -     -    0s
     0     0    1.14563    0  149          -    1.14563      -     -    0s
     0     0    1.15166    0  113          -    1.15166      -     -    0s
     0     0    1.15420    0  173          -    1.15420      -     -    0s
     0     0    1.15722    0  148          -    1.15722      -     -    0s
     0     0    1.16143    0  154          -    1.16143      -     -    0s
     0     0    1.16331    0  152          -    1.16331      -     -    0s
     0     0    1.17017    0  136          -    1.17017      -     -    0s
     0     0    1.17230    0  173          -    1.17230      -     -    0s
     0     0    1.17290    0  169          -    1.17290      -     -    0s
     0     0    1.17348    0  171          -    1.17348      -     -    0s
     0     0    1.17355    0  171          -    1.17355      -     -    0s
     0     0    1.18416    0  168          -    1.18416      -     -    0s
     0     0    1.18634    0  139          -    1.18634      -     -    0s
     0     0    1.19576    0  160          -    1.19576      -     -    0s
     0     0    1.19990    0  158          -    1.19990      -     -    0s
     0     0    1.20000    0   50          -    1.20000      -     -    0s
     0     0    1.20000    0   24          -    1.20000      -     -    0s
     0     0    1.20000    0   24          -    1.20000      -     -    0s
     0     0    1.20000    0   11          -    1.20000      -     -    0s
     0     0    1.20000    0   20          -    1.20000      -     -    0s
     0     0    1.20000    0   11          -    1.20000      -     -    0s
     0     0    1.20000    0   15          -    1.20000      -     -    0s
     0     0    1.20000    0   15          -    1.20000      -     -    0s
     0     0    1.20000    0   15          -    1.20000      -     -    0s
     0     2    2.00000    0   15          -    2.00000      -     -    0s
  4014  2632   16.59701   59   33          -    2.00000      -  25.8    5s
 11186  9138   11.02123   47   41          -    2.40494      -  31.8   10s
 18457 14917   35.73099   56   80          -    3.03938      -  31.7   15s
 24031 19850   28.65833   60   94          -    3.22000      -  32.5   20s
 29759 24187   49.10838   97   61          -    3.46215      -  32.1   28s
 33202 27033 infeasible   98               -    3.54197      -  32.7   30s
 41066 33131   45.40736   75  108          -    3.83386      -  32.7   35s
 49022 39891   53.87703   84  105          -    4.00000      -  32.8   40s
 57788 46646   56.36755   92   84          -    4.10782      -  32.4   45s
 64085 51556 infeasible   35               -    4.27434      -  32.4   50s
 71846 58044   15.75895   34   65          -    4.41108      -  32.8   55s
 81103 65132   38.25137   67  156          -    4.57086      -  32.5   60s
 86553 69554   40.52663   71  133          -    4.62655      -  33.0   65s
 94907 76202 infeasible   95               -    4.69027      -  32.9   70s
 103324 82942 infeasible   53               -    4.72727      -  32.9   75s
 112055 89886   15.77443   31   82          -    4.80558      -  32.8   80s
 117762 94573   40.00000   89   77          -    4.84028      -  33.0   85s
 123955 99575   21.62941   43   62          -    4.87381      -  33.0   90s
 129906 104338 infeasible   69               -    4.90244      -  32.8   95s
 135122 108688   41.84000   72   88          -    4.93975      -  32.9  100s
 140907 113264   21.67892   34   74          -    4.98071      -  33.0  105s
 148293 119199   28.06718   59   40          -    5.02123      -  33.0  110s
 156410 125510   50.08120   88   86          -    5.06439      -  33.0  115s
 163084 130972   28.00000   56   69          -    5.10796      -  33.0  120s
 168493 135181   42.39519   67   74          -    5.13779      -  33.0  125s
 175750 141022 infeasible   97               -    5.18618      -  33.0  130s
 183421 147172   26.85445   43   32          -    5.21612      -  33.1  135s
 191711 153665   55.02123   85   46          -    5.27602      -  33.0  140s
 196987 158191 infeasible   60               -    5.30284      -  33.2  145s
 205325 164601 infeasible   72               -    5.35486      -  33.1  150s
 212464 169983   17.18630   47   89          -    5.38856      -  33.1  155s
 220444 176189   13.95950   47   69          -    5.42857      -  33.1  160s
 223605 185108   32.10254   74  117          -    5.45110      -  33.1  169s
 231613 186284   50.87381   84   60          -    5.50431      -  33.5  170s
 241724 193151   29.57755   71  129          -    5.55983      -  33.2  175s
 248683 198764   24.94022   40   92          -    5.61055      -  33.2  180s
 254811 204083   46.00000   73   66          -    5.65346      -  33.3  185s
 261402 209130 infeasible   92               -    5.68421      -  33.5  190s
 269505 215949   36.00000   73   79          -    5.73119      -  33.5  195s
 275723 220278   52.00000   79   70          -    5.77994      -  33.6  200s
 282982 226300   14.53191   30   61          -    5.80988      -  33.6  205s
 290435 232310   19.35910   46   65          -    5.84764      -  33.7  210s
 296120 236364   18.91827   37   56          -    5.87428      -  33.7  215s
 303604 242064   14.14708   33   61          -    5.92350      -  33.7  220s
 311505 248280   37.04713   68  116          -    5.95370      -  33.7  225s
 318771 253571   57.02123  103   66          -    5.97770      -  33.8  230s
 322824 257647 infeasible   77               -    6.00000      -  33.9  235s
*325591 253987              86      62.0000000    6.00000  90.3%  33.9  236s
H326212 251334                      60.0000000    6.00000  90.0%  33.9  237s
H326212 246979                      58.0000000    6.00000  89.7%  33.9  237s
H326434 241121                      56.0000000    6.00000  89.3%  33.9  237s
H327048 234897                      54.0000000    6.00000  88.9%  33.9  237s
H327989 227682                      52.0000000    6.00000  88.5%  33.9  238s
H329308 219759                      50.0000000    6.00000  88.0%  33.9  239s
 330131 220255   13.75140   30  147   50.00000    6.00000  88.0%  33.8  240s
 332740 222141   30.83465   62   62   50.00000    6.00000  88.0%  34.0  245s
 333995 223204    8.00000   29    8   50.00000    6.00000  88.0%  34.1  250s
 335955 224726   36.51467   87  191   50.00000    6.00000  88.0%  34.3  256s
 338712 227449   38.19350   72  114   50.00000    6.00000  88.0%  34.5  260s
 342407 229314   28.78643   56  172   50.00000    6.00000  88.0%  34.7  266s
 343960 231200   14.61504   34  132   50.00000    6.00000  88.0%  35.0  270s
 347374 233361   25.74933   39  264   50.00000    6.00000  88.0%  35.5  275s
 349507 234924   15.91273   30  166   50.00000    6.01739  88.0%  35.9  280s
 352243 237043   32.00000   57   53   50.00000    6.05500  87.9%  36.5  286s
 354448 238593   45.27761   63  185   50.00000    6.08465  87.8%  36.9  291s
 356585 240700   34.18944   61  227   50.00000    6.11963  87.8%  37.5  297s
 357904 241197    9.00000   30   19   50.00000    6.13580  87.7%  37.8  300s
 360182 243123   27.81491   47  261   50.00000    6.16891  87.7%  38.4  306s
 361848 244359   13.37460   30  215   50.00000    6.19001  87.6%  38.9  311s
 363443 245590   12.35844   32  308   50.00000    6.20286  87.6%  39.3  316s
 365008 246642   14.88906   31  286   50.00000    6.23211  87.5%  39.8  320s
 366962 247907   37.91303   49  156   50.00000    6.24119  87.5%  40.3  325s
 368950 249750   15.77549   42  323   50.00000    6.26845  87.5%  40.8  331s
 370390 250838   42.52863   51  313   50.00000    6.28343  87.4%  41.3  336s
 372318 252253   30.63803   45  147   50.00000    6.30800  87.4%  41.8  342s
 374034 253484    9.19105   35  321   50.00000    6.32843  87.3%  42.2  347s
 375532 254581   41.56170   68  287   50.00000    6.33234  87.3%  42.6  352s
 377063 255858   14.49967   38  306   50.00000    6.35155  87.3%  43.1  357s
 378723 257017   20.81161   34  164   50.00000    6.36214  87.3%  43.6  362s
 380324 258398   15.71193   38  233   50.00000    6.38121  87.2%  44.0  367s
 381260 258979   22.75891   44  279   50.00000    6.39192  87.2%  44.3  370s
 382823 260047   38.95527   54  232   50.00000    6.39698  87.2%  44.7  375s
 384275 261169   32.72928   61  222   50.00000    6.42539  87.1%  45.1  380s
 386058 262608   18.37106   26  275   50.00000    6.44767  87.1%  45.7  386s
 387849 263685    9.23758   28  176   50.00000    6.46556  87.1%  46.1  392s
 388397 264249   18.42647   43  325   50.00000    6.46653  87.1%  46.4  395s
 389674 265487   19.42874   50  243   50.00000    6.47477  87.1%  47.0  401s
 391524 266707   11.68971   40  278   50.00000    6.49277  87.0%  47.5  406s
 392908 267838   15.20258   30  271   50.00000    6.50205  87.0%  48.1  413s
 393734 268328   28.00000   64   51   50.00000    6.50667  87.0%  48.3  415s
 395345 269645   32.00000   54   88   50.00000    6.51673  87.0%  48.9  421s
 396951 270702   14.93853   27  330   50.00000    6.52447  87.0%  49.4  427s
 397623 271345   34.66029   50  115   50.00000    6.52447  87.0%  49.7  431s
 399306 272475   11.06101   32  321   50.00000    6.55074  86.9%  50.2  437s
 400084 273147   23.84021   28  189   50.00000    6.55991  86.9%  50.5  440s
 401191 274113   17.60033   33  208   50.00000    6.57122  86.9%  50.8  445s
 403029 275170   38.07113   46  322   50.00000    6.58667  86.8%  51.3  451s
 403874 275715   10.04736   32  256   50.00000    6.59446  86.8%  51.6  455s
 405470 276842   28.55664   49  135   50.00000    6.60647  86.8%  52.1  461s
 406144 277501   15.88000   37  109   50.00000    6.61034  86.8%  52.4  465s
 407861 278771   13.49692   30  316   50.00000    6.62183  86.8%  53.0  471s
 408688 279372   33.05289   53  158   50.00000    6.62806  86.7%  53.2  475s
 410066 280722   30.27153   52  230   50.00000    6.63802  86.7%  53.8  482s
 411071 281323   24.66715   42  222   50.00000    6.64427  86.7%  54.1  485s
 412757 282567   27.90250   42  286   50.00000    6.66118  86.7%  54.6  492s
 413583 282952   30.37730   56  218   50.00000    6.66667  86.7%  54.8  495s
 414551 283869 infeasible   68        50.00000    6.66807  86.7%  55.4  502s
 415225 284348   44.57511   55  277   50.00000    6.67081  86.7%  55.7  506s
 416001 285226   11.31053   31  320   50.00000    6.67361  86.7%  56.0  511s
 417793 286398   12.83906   40  298   50.00000    6.68739  86.6%  56.6  517s
 418585 286723    9.55952   33  312   50.00000    6.69224  86.6%  56.8  521s
 419709 287980   32.10526   64   59   50.00000    6.69458  86.6%  57.4  528s
 420631 288547   17.26009   35  295   50.00000    6.69858  86.6%  57.7  532s
 421416 289136   13.07707   35  318   50.00000    6.70663  86.6%  58.0  535s
 422731 290364   20.21683   48   79   50.00000    6.70973  86.6%  58.6  543s
 423631 290940   10.01352   37  258   50.00000    6.70978  86.6%  58.9  547s
 424444 291576   11.45224   34  244   50.00000    6.70996  86.6%  59.2  551s
 425319 292056   22.62020   32  417   50.00000    6.71696  86.6%  59.5  555s
 426957 293357   23.07155   39  336   50.00000    6.72767  86.5%  59.9  563s
 427795 293909   29.01550   48  249   50.00000    6.73467  86.5%  60.2  567s
 428718 294509   34.11331   54  236   50.00000    6.73685  86.5%  60.4  571s
 430370 295463   44.89837   81  239   50.00000    6.74772  86.5%  61.0  576s
 431480 296640   19.66050   35  330   50.00000    6.75686  86.5%  61.4  582s
 432206 297367   11.10193   30  163   50.00000    6.76598  86.5%  61.6  586s
 433131 297809     cutoff   64        50.00000    6.77014  86.5%  61.9  590s
 434480 298764   23.28859   46   81   50.00000    6.77809  86.4%  62.3  597s
 435145 299253   21.78501   36  277   50.00000    6.78167  86.4%  62.6  601s
 436649 300443   35.33617   54  302   50.00000    6.79208  86.4%  63.2  608s
 437395 301061   12.50648   32  123   50.00000    6.79839  86.4%  63.4  612s
 438099 301549   33.15669   61  244   50.00000    6.79991  86.4%  63.7  616s
 438694 302028   11.63691   40  335   50.00000    6.80057  86.4%  64.0  620s
 439882 303174   22.97752   46  179   50.00000    6.80483  86.4%  64.7  628s
 440548 303919   33.72612   54  190   50.00000    6.80513  86.4%  65.0  632s
 441756 304466   15.72893   42  301   50.00000    6.80809  86.4%  65.3  636s
 442612 304961   23.84754   33  388   50.00000    6.81074  86.4%  65.6  641s
 443282 305564    9.47439   36  300   50.00000    6.81486  86.4%  65.8  645s
 445016 306399   45.82847   65  231   50.00000    6.82681  86.3%  66.3  650s
 446061 307645   27.01402   61  337   50.00000    6.83226  86.3%  66.7  658s
 446895 308308   16.34934   24  297   50.00000    6.83896  86.3%  66.9  663s
 447755 308972   29.81936   46  280   50.00000    6.84176  86.3%  67.2  667s
 448819 309535   21.54459   46  371   50.00000    6.84325  86.3%  67.4  671s
 450314 310784   15.85978   29  339   50.00000    6.85143  86.3%  68.0  678s
 451245 311294   18.82784   30  309   50.00000    6.85641  86.3%  68.2  683s
 451862 311965   11.63078   28  334   50.00000    6.86020  86.3%  68.4  686s
 452726 312487   11.86922   42  272   50.00000    6.86342  86.3%  68.7  690s
 454325 313450    9.41641   26   96   50.00000    6.87156  86.3%  69.2  698s
 454922 314096   24.16062   42  267   50.00000    6.87288  86.3%  69.4  702s
 455807 314504   17.57381   35  348   50.00000    6.87475  86.3%  69.7  706s
 456353 315038   16.61886   37  310   50.00000    6.87500  86.2%  70.0  710s
 457885 316021     cutoff   52        50.00000    6.87943  86.2%  70.5  719s
 458560 316401   11.51630   29  325   50.00000    6.88330  86.2%  70.6  723s
 459057 317046   13.19149   40  387   50.00000    6.88715  86.2%  70.9  727s
 460070 317778   13.58116   26  307   50.00000    6.88890  86.2%  71.3  732s
 460831 318429   31.24793   54  257   50.00000    6.89244  86.2%  71.5  736s
 461775 319030   45.66687   62  268   50.00000    6.90138  86.2%  71.8  740s
 463313 320061   34.44510   58  224   50.00000    6.91367  86.2%  72.2  748s
 463900 320727   18.86123   37  400   50.00000    6.91593  86.2%  72.5  753s
 464741 321396   20.49239   47  342   50.00000    6.91928  86.2%  72.7  757s
 465653 322013   16.36759   38  247   50.00000    6.92929  86.1%  73.0  761s
 466494 322674   12.78692   35  353   50.00000    6.93183  86.1%  73.3  765s
 467541 323229   37.20000   55   96   50.00000    6.93827  86.1%  73.5  770s
 468813 324386   16.64849   30  375   50.00000    6.94421  86.1%  74.0  778s
 469716 325044   47.27399   66  201   50.00000    6.94718  86.1%  74.3  782s
 470611 325604   12.29245   28  285   50.00000    6.95352  86.1%  74.5  786s
 471389 326112   24.26849   42  290   50.00000    6.95692  86.1%  74.8  790s
 472800 327208   31.48004   67  303   50.00000    6.96437  86.1%  75.3  798s
 473467 327684   32.22635   38  259   50.00000    6.96437  86.1%  75.6  803s
 474059 328223   24.72493   32  359   50.00000    6.96437  86.1%  75.8  807s
 474913 329148   42.00000   63   41   50.00000    6.96542  86.1%  76.2  812s
 475931 329526   27.31070   44  310   50.00000    6.97436  86.1%  76.4  816s
 476473 330080   21.45466   40  418   50.00000    6.97793  86.0%  76.6  820s
 477876 331204   28.95331   44  364   50.00000    6.98264  86.0%  77.1  828s
 478866 331760   13.79249   38  449   50.00000    6.98588  86.0%  77.3  832s
 479630 332313   17.72794   24  311   50.00000    6.99170  86.0%  77.6  836s
 480278 332861   15.11026   24  319   50.00000    6.99221  86.0%  77.8  841s
 481056 333416   44.94538   67  227   50.00000    6.99857  86.0%  78.1  845s
 482561 334492   37.97022   52  285   50.00000    7.00000  86.0%  78.6  854s
 483240 335029   18.35921   47  355   50.00000    7.00000  86.0%  78.8  858s
 483942 335577   25.80440   47  294   50.00000    7.00169  86.0%  79.0  863s
 484863 336156   20.77802   42  371   50.00000    7.00742  86.0%  79.2  867s
 485627 336747   24.76616   46  320   50.00000    7.01098  86.0%  79.5  872s
 486445 337264   13.68329   33  313   50.00000    7.01741  86.0%  79.8  876s
 487055 337699   39.95019   57  230   50.00000    7.01787  86.0%  80.0  880s
 487580 338300   30.11922   56  106   50.00000    7.01997  86.0%  80.3  885s
 488926 339513   22.93104   42  365   50.00000    7.02327  86.0%  80.9  894s
 489795 339843   19.42793   33  281   50.00000    7.02369  86.0%  81.2  895s
 490781 340544   27.24207   49  421   50.00000    7.02574  85.9%  81.4  900s
 491791 341542    9.80426   28  346   50.00000    7.02857  85.9%  81.7  907s
 492552 342077   44.19020   56   95   50.00000    7.03215  85.9%  81.9  911s
 493280 342666   15.44835   36  192   50.00000    7.03625  85.9%  82.1  916s
 494509 343278   18.08900   40  110   50.00000    7.04158  85.9%  82.4  920s
 495608 344154   12.27596   43  324   50.00000    7.04950  85.9%  82.8  928s
 496001 344833   21.74119   47  388   50.00000    7.05029  85.9%  83.0  932s
 496891 345338   10.70289   28  274   50.00000    7.05563  85.9%  83.2  937s
 497594 345941   15.68623   32  322   50.00000    7.06526  85.9%  83.4  941s
 498386 346394   21.40810   43  274   50.00000    7.06908  85.9%  83.7  945s
 498941 347106   15.94415   40  277   50.00000    7.07059  85.9%  83.9  950s
 500491 348178   34.88472   64  292   50.00000    7.07727  85.8%  84.4  959s
 501194 348922   16.72619   46  170   50.00000    7.08577  85.8%  84.7  963s
 502149 349630   34.84060   49  153   50.00000    7.08773  85.8%  84.9  967s
 503068 350185   23.48905   47  121   50.00000    7.09293  85.8%  85.1  972s
 503753 350724   14.78843   39  168   50.00000    7.09569  85.8%  85.4  976s
 504778 351602   15.88485   32  181   50.00000    7.10459  85.8%  85.7  983s
 505651 352133   34.34947   47  257   50.00000    7.10467  85.8%  85.9  987s
 506451 352527    9.42926   31  323   50.00000    7.10758  85.8%  86.1  991s
 506905 353281   21.59284   43  268   50.00000    7.11502  85.8%  86.4  996s
 507847 353926   16.20696   36  292   50.00000    7.11661  85.8%  86.6 1000s
 508757 354371   28.15806   44  226   50.00000    7.12805  85.7%  86.9 1005s
 509363 355106   16.98403   40  241   50.00000    7.13179  85.7%  87.1 1010s
 510959 356272   16.31993   30  310   50.00000    7.13522  85.7%  87.6 1018s
 511716 356900   30.35206   49  177   50.00000    7.13750  85.7%  87.9 1023s
 512654 357572   20.95489   38  270   50.00000    7.14465  85.7%  88.1 1028s
 513653 358310   21.07192   34  321   50.00000    7.15439  85.7%  88.3 1032s
 514641 358820   31.93625   51  275   50.00000    7.15706  85.7%  88.5 1036s
 515260 359240     cutoff   67        50.00000    7.16190  85.7%  88.7 1042s
 515807 359966   27.80633   31  392   50.00000    7.16306  85.7%  88.9 1046s
 516824 360500   17.68465   34  212   50.00000    7.16783  85.7%  89.1 1051s
 517570 361036   11.24119   32  323   50.00000    7.17178  85.7%  89.3 1055s
 518242 361619   19.50014   39  366   50.00000    7.17562  85.6%  89.6 1060s
 519166 362789   18.52273   34  160   50.00000    7.17771  85.6%  89.9 1069s
 520631 363455    9.92833   28  295   50.00000    7.18518  85.6%  90.3 1074s
 521541 364123   30.09707   47  228   50.00000    7.18939  85.6%  90.5 1079s
 522520 364712   10.81980   23  383   50.00000    7.20000  85.6%  90.7 1083s
 523314 365366   43.32971   55  205   50.00000    7.20274  85.6%  90.9 1088s
 524186 365938   16.23566   32  311   50.00000    7.20681  85.6%  91.1 1092s
 524919 366431   23.47522   39  323   50.00000    7.21208  85.6%  91.4 1096s
 525554 367082   34.32052   61  274   50.00000    7.21249  85.6%  91.6 1100s
 526459 367649   13.95504   38  436   50.00000    7.22345  85.6%  91.8 1105s
 527255 368155   27.67270   35  179   50.00000    7.23033  85.5%  92.0 1110s
 528651 369180   14.67131   39  162   50.00000    7.24153  85.5%  92.4 1118s
 529257 369798   32.10803   65  215   50.00000    7.24321  85.5%  92.6 1123s
 530060 370246   34.58723   50  399   50.00000    7.24496  85.5%  92.8 1127s
 530627 370787   31.45903   54  266   50.00000    7.25155  85.5%  93.1 1132s
 531281 371374   32.00000   61   74   50.00000    7.25413  85.5%  93.3 1137s
 532044 372068   23.43794   51  354   50.00000    7.25745  85.5%  93.6 1141s
 532938 372735   19.42614   45  275   50.00000    7.26139  85.5%  93.8 1146s
 534187 373437   24.60606   48  115   50.00000    7.26984  85.5%  94.1 1152s
 534856 374007   24.94390   41  178   50.00000    7.27412  85.5%  94.3 1156s
 535751 374569    9.73627   28  174   50.00000    7.28137  85.4%  94.5 1160s
 536503 375030   32.08317   55  391   50.00000    7.28897  85.4%  94.7 1165s
 538084 376339   16.10478   26  322   50.00000    7.29868  85.4%  95.1 1174s
 538842 376991   18.51801   34  264   50.00000    7.30362  85.4%  95.3 1178s
 539723 377493   26.88060   40  432   50.00000    7.30677  85.4%  95.5 1183s
 540418 377984   14.49297   35  331   50.00000    7.30976  85.4%  95.7 1188s
 541072 378482   24.73409   44  248   50.00000    7.31721  85.4%  96.0 1192s
 541767 379079   24.97550   39  181   50.00000    7.32035  85.4%  96.2 1197s
 542586 379612   30.28702   43  329   50.00000    7.32800  85.3%  96.4 1202s
 543373 380155   18.07631   39  176   50.00000    7.33333  85.3%  96.6 1206s
 544184 380557   19.45522   45  376   50.00000    7.33333  85.3%  96.8 1211s
 544731 381077   23.76858   41  258   50.00000    7.33524  85.3%  97.0 1215s
 545339 381701   15.21212   41   91   50.00000    7.33524  85.3%  97.2 1220s
 546115 382200   30.49579   65   87   50.00000    7.33800  85.3%  97.5 1227s
 546779 382872   18.81198   38   90   50.00000    7.34493  85.3%  97.6 1232s
 547741 383411   46.65863   60  121   50.00000    7.35190  85.3%  97.9 1236s
 548778 384230   35.22884   56  294   50.00000    7.35758  85.3%  98.1 1243s
 549588 384832   37.59975   51  196   50.00000    7.36273  85.3%  98.3 1247s
 550385 385377   18.34037   41  336   50.00000    7.36357  85.3%  98.5 1252s
 551169 385794   11.03259   36  259   50.00000    7.37416  85.3%  98.8 1256s
 551882 386388   20.48600   36  283   50.00000    7.38048  85.2%  98.9 1261s
 552734 387026   20.37760   27  344   50.00000    7.38782  85.2%  99.1 1266s
 553536 387669   35.02204   61  283   50.00000    7.39176  85.2%  99.3 1271s
 554469 388177   10.90476   30   71   50.00000    7.39704  85.2%   100 1275s
 555139 388777   13.41699   25  250   50.00000    7.40672  85.2%   100 1280s
 555851 389275   28.86402   49   95   50.00000    7.40730  85.2%   100 1285s
 556453 389880   24.15504   32  323   50.00000    7.41326  85.2%   100 1290s
 557912 391095   15.48877   37  368   50.00000    7.42476  85.2%   101 1299s
 558775 391499   36.30276   62  128   50.00000    7.42520  85.1%   101 1305s
 559322 392152   41.75981   62  210   50.00000    7.42857  85.1%   101 1310s
 560216 392873   12.42957   38  322   50.00000    7.44004  85.1%   101 1315s
 561095 393586   30.00000   61   92   50.00000    7.44589  85.1%   101 1320s
 562030 394054    9.83652   24  346   50.00000    7.45455  85.1%   102 1325s
 562620 394568   18.71912   42  371   50.00000    7.45788  85.1%   102 1330s
 563490 395309   46.11121   69  231   50.00000    7.45836  85.1%   102 1340s
 564198 396100   17.72433   33  424   50.00000    7.46341  85.1%   102 1346s
 565288 396895   15.29858   38  373   50.00000    7.47497  85.1%   103 1352s
 566343 397695   18.62092   34  252   50.00000    7.48052  85.0%   103 1358s
 567440 398307   32.11197   46  298   50.00000    7.48432  85.0%   103 1363s
 568283 398918   34.06919   47  365   50.00000    7.49566  85.0%   103 1368s
 569089 399559   39.02095   58  162   50.00000    7.49904  85.0%   104 1373s
 570059 400142   14.91838   25  316   50.00000    7.50334  85.0%   104 1378s
 570900 400200   13.94287   23  352   50.00000    7.51307  85.0%   104 1388s
 570968 400837   45.82295   60  243   50.00000    7.51455  85.0%   104 1392s
 571830 401520   27.31757   35  226   50.00000    7.52379  85.0%   104 1397s
 572800 402279   22.88372   42  322   50.00000    7.52748  84.9%   105 1403s
 573760 402927   39.81935   62  323   50.00000    7.53191  84.9%   105 1408s
 574594 403506   27.07554   46  347   50.00000    7.53905  84.9%   105 1413s
 575467 404086   39.65715   50  365   50.00000    7.54650  84.9%   105 1418s
 576335 404774   46.10039   50   86   50.00000    7.55249  84.9%   105 1422s
 577314 405387   18.62096   35  262   50.00000    7.56003  84.9%   105 1428s
 578231 405604   17.84245   34  158   50.00000    7.57031  84.9%   106 1430s
 578528 406198   41.42971   54  316   50.00000    7.57255  84.9%   106 1435s
 580308 407416   23.72929   38  209   50.00000    7.59506  84.8%   106 1443s
 581095 407961   42.34426   61  258   50.00000    7.60049  84.8%   106 1448s
 581991 408519   41.43426   63  229   50.00000    7.60552  84.8%   106 1452s
 582764 408911   33.04048   49  335   50.00000    7.61115  84.8%   107 1457s
 583312 409518   21.15146   45  194   50.00000    7.61614  84.8%   107 1461s
 584141 410042   46.17178   67  249   50.00000    7.62530  84.7%   107 1465s
 584890 410596   12.25813   30  338   50.00000    7.63553  84.7%   107 1470s
 585690 411018   22.78463   39  381   50.00000    7.64458  84.7%   107 1475s
 586873 412148   15.66971   26  222   50.00000    7.64701  84.7%   108 1484s
 587678 412739   33.27410   35  212   50.00000    7.65536  84.7%   108 1489s
 588455 413361   33.08912   61  229   50.00000    7.66568  84.7%   108 1494s
 589245 414085   10.97105   30  389   50.00000    7.66568  84.7%   108 1499s
 590188 414580     cutoff   72        50.00000    7.67456  84.7%   108 1503s
 590929 415047   12.85638   30  329   50.00000    7.68463  84.6%   109 1508s
 591592 415656   25.86527   47  396   50.00000    7.69423  84.6%   109 1513s
 592336 416218   19.52334   28  275   50.00000    7.69483  84.6%   109 1518s
 593043 416436   10.26357   30  311   50.00000    7.69771  84.6%   109 1520s
 593308 417214   45.31983   55  311   50.00000    7.70185  84.6%   109 1526s
 594316 417803   16.03175   39  303   50.00000    7.70587  84.6%   110 1530s
 595274 418288   17.23331   39  363   50.00000    7.71429  84.6%   110 1535s
 596009 418883   22.91689   30  348   50.00000    7.72443  84.6%   110 1540s
 596842 419332   34.15405   62  290   50.00000    7.73419  84.5%   110 1545s
 598178 420497   29.35461   42  219   50.00000    7.74598  84.5%   110 1554s
 598858 421081   13.73437   35  308   50.00000    7.75056  84.5%   111 1559s
 599611 421601   30.10915   58  268   50.00000    7.75460  84.5%   111 1564s
 600374 422136   37.37449   61  211   50.00000    7.75995  84.5%   111 1569s
 601033 422757 infeasible   50        50.00000    7.76252  84.5%   111 1574s
 601914 423326   18.53430   23  331   50.00000    7.77551  84.4%   111 1579s
 602743 423950   11.78704   43  388   50.00000    7.78080  84.4%   112 1584s
 603625 424554   13.54752   33  394   50.00000    7.78878  84.4%   112 1590s
 605083 425464   21.06497   28  301   50.00000    7.80103  84.4%   112 1599s
 605665 426076   30.57724   45  176   50.00000    7.80300  84.4%   112 1604s
 606417 426702   15.85993   40  360   50.00000    7.80816  84.4%   113 1609s
 607329 427208   11.28052   37  346   50.00000    7.81394  84.4%   113 1614s
 608008 427403   16.64665   45  399   50.00000    7.81675  84.4%   113 1616s
 608260 428088   27.86488   51  379   50.00000    7.81840  84.4%   113 1623s
 609194 428684   14.65001   36  339   50.00000    7.82699  84.3%   113 1628s
 609970 429285   30.99278   44  348   50.00000    7.83236  84.3%   114 1633s
 610843 429996   14.86720   24  324   50.00000    7.84144  84.3%   114 1639s
 611710 430652   40.11017   52  208   50.00000    7.84317  84.3%   114 1645s
 612645 431240   16.55891   23  237   50.00000    7.85185  84.3%   114 1650s
 613367 431885   27.17214   39  286   50.00000    7.85752  84.3%   114 1655s
 614371 432434   23.67232   33  289   50.00000    7.86449  84.3%   115 1660s
 615230 433063   40.42493   48  288   50.00000    7.87149  84.3%   115 1665s
 616126 433680   10.01680   38  389   50.00000    7.88585  84.2%   115 1671s
 616858 434447   30.13496   73   92   50.00000    7.88639  84.2%   115 1676s
 617864 435009   34.87039   55  231   50.00000    7.89599  84.2%   115 1681s
 618651 435589   19.02603   35  287   50.00000    7.90366  84.2%   115 1686s
 619473 436171   19.31426   41  182   50.00000    7.90717  84.2%   116 1691s
 620227 436787   32.68213   64  281   50.00000    7.91237  84.2%   116 1696s
 621103 437408   18.96570   26  157   50.00000    7.92143  84.2%   116 1701s
 621990 437947   11.71830   32  372   50.00000    7.92922  84.1%   116 1706s
 623123 438609   26.59534   52  369   50.00000    7.93914  84.1%   116 1713s
 623634 439210   17.07784   24  322   50.00000    7.94090  84.1%   117 1719s
 624387 439907   32.64509   50  291   50.00000    7.94288  84.1%   117 1724s
 625363 440367   11.08003   36  343   50.00000    7.95220  84.1%   117 1730s
 625927 440992   26.69883   45  336   50.00000    7.95391  84.1%   117 1736s
 626836 441742   17.59538   34  298   50.00000    7.95847  84.1%   117 1742s
 627951 442379   31.30054   40  203   50.00000    7.96412  84.1%   118 1748s
 628808 442860   13.84058   26  152   50.00000    7.96668  84.1%   118 1753s
 629452 443507     cutoff   63        50.00000    7.97066  84.1%   118 1760s
 630317 444144   15.63422   31  376   50.00000    7.97635  84.0%   118 1766s
 631213 444783   30.00000   52   64   50.00000    7.97854  84.0%   118 1771s
 632073 445350   15.28435   31  303   50.00000    7.98964  84.0%   119 1776s
 632864 445975   13.73055   35  342   50.00000    7.99503  84.0%   119 1781s
 633680 446455   32.01197   45  270   50.00000    7.99898  84.0%   119 1788s
 634352 447023   16.55539   30  308   50.00000    8.00000  84.0%   119 1793s
 635156 447807   16.26379   45  278   50.00000    8.00000  84.0%   119 1800s
 636195 448607   42.70602   55  226   50.00000    8.00000  84.0%   120 1808s
 637311 448894   31.20067   58  339   50.00000    8.00000  84.0%   120 1812s
 637696 449628   28.88318   51  279   50.00000    8.00000  84.0%   120 1821s
 638603 450785   42.81494   80  107   50.00000    8.00000  84.0%   120 1832s
 640194 451709   15.06107   42  354   50.00000    8.00000  84.0%   121 1841s
 641510 452467   38.45346   46  284   50.00000    8.00000  84.0%   121 1851s
 642744 453235   14.04762   37  300   50.00000    8.00000  84.0%   121 1859s
 643621 454145   17.64431   37  337   50.00000    8.00000  84.0%   122 1869s
 644783 455001   10.98024   35  415   50.00000    8.00000  84.0%   122 1879s
 645965 455781   19.27784   39  333   50.00000    8.00000  84.0%   123 1889s
 647014 456749   23.75926   44  455   50.00000    8.00000  84.0%   123 1900s
 648341 457484     cutoff   59        50.00000    8.00000  84.0%   123 1909s
 649340 458497   33.42190   60  172   50.00000    8.00000  84.0%   123 1919s
 650590 459324   34.36428   43  165   50.00000    8.00000  84.0%   124 1930s
 651699 460208   28.80711   45  409   50.00000    8.00000  84.0%   124 1940s
 653363 461294   16.90679   41  370   50.00000    8.00000  84.0%   125 1952s
 654279 462458   35.60300   57  300   50.00000    8.00000  84.0%   125 1963s
 655853 463121   28.54069   46  280   50.00000    8.00000  84.0%   125 1972s
 656642 464027   36.66256   77  171   50.00000    8.00000  84.0%   126 1983s
 657815 464968   42.40001   62  337   50.00000    8.00000  84.0%   126 1993s
 659046 466036   20.35548   34  370   50.00000    8.00000  84.0%   126 2004s
 660445 466865   12.19185   41  363   50.00000    8.00000  84.0%   127 2014s
 661595 467698   14.69533   31  196   50.00000    8.00000  84.0%   127 2024s
 662602 468654   14.00350   33  326   50.00000    8.00000  84.0%   128 2034s
 663761 469697   15.41152   32  329   50.00000    8.00000  84.0%   128 2045s
 665060 470672   15.38413   36  381   50.00000    8.00000  84.0%   128 2055s
 666452 471675   21.43593   40  417   50.00000    8.00000  84.0%   129 2064s
 666641 471675   21.44284   36  306   50.00000    8.00000  84.0%   129 2065s
 668043 472880   11.22742   31  360   50.00000    8.00000  84.0%   129 2080s
 669259 473846   14.17065   30  396   50.00000    8.00000  84.0%   130 2091s
 670481 474862   36.68352   54  328   50.00000    8.00000  84.0%   130 2103s
 671731 475950   27.35059   44  278   50.00000    8.00000  84.0%   131 2113s
 673271 476829   26.50816   55  259   50.00000    8.00000  84.0%   131 2125s
 674461 477921   21.95421   32  332   50.00000    8.00000  84.0%   131 2136s
 675931 478745   27.15777   48  328   50.00000    8.00000  84.0%   132 2146s
 677014 479740   34.39858   50  149   50.00000    8.00000  84.0%   132 2157s
 678352 480540   20.84248   37  324   50.00000    8.00000  84.0%   132 2166s
 679381 481511   20.00317   51  411   50.00000    8.00000  84.0%   133 2177s
 680715 482022   13.35350   31  287   50.00000    8.00000  84.0%   133 2190s
 681296 482980   34.90803   63  137   50.00000    8.00000  84.0%   133 2199s
 682603 483327   19.05415   40  105   50.00000    8.00000  84.0%   134 2203s
 683091 484060   28.92418   50  295   50.00000    8.00000  84.0%   134 2212s
 684159 484976   21.52774   41  383   50.00000    8.00000  84.0%   134 2221s
 685417 485708   14.85706   45  276   50.00000    8.00000  84.0%   134 2229s
 686411 486503   34.06436   56  225   50.00000    8.00000  84.0%   134 2239s
 687501 487374   11.83528   35  203   50.00000    8.00000  84.0%   135 2248s
 688638 488191   18.69798   46  269   50.00000    8.00000  84.0%   135 2258s
 689727 488888   12.02203   35  298   50.00000    8.00000  84.0%   135 2267s
 690502 489707   37.26488   63  344   50.00000    8.00000  84.0%   136 2277s
 691543 490550    9.45903   39  392   50.00000    8.00000  84.0%   136 2287s
 692647 491352   18.25094   31  299   50.00000    8.00000  84.0%   136 2297s
 693664 492367   24.25071   40  328   50.00000    8.00000  84.0%   137 2309s
 695158 493331   21.33996   52  189   50.00000    8.00000  84.0%   137 2319s
 696695 494025   17.55626   38  351   50.00000    8.00000  84.0%   137 2330s
 698060 495445   11.21258   29  104   50.00000    8.00000  84.0%   138 2344s
 699483 496358   34.97925   57  205   50.00000    8.00000  84.0%   138 2354s
 700830 497246   33.55163   50  279   50.00000    8.00000  84.0%   138 2363s
 702335 497892     cutoff   66        50.00000    8.00000  84.0%   138 2371s
 703239 498674   24.21048   37  288   50.00000    8.00000  84.0%   139 2380s
 704315 499353   15.98153   26  306   50.00000    8.00000  84.0%   139 2388s
 705197 500121   20.05744   46  325   50.00000    8.00000  84.0%   139 2396s
 706167 500943   14.26323   38  366   50.00000    8.00000  84.0%   139 2405s
 707319 501701   13.72967   41  358   50.00000    8.00000  84.0%   140 2413s
 708280 502167   12.36864   37  294   50.00000    8.00000  84.0%   140 2422s
 708861 502940   36.50851   62  155   50.00000    8.00000  84.0%   140 2430s
 709928 503613   19.69054   34  353   50.00000    8.00000  84.0%   140 2439s
 710717 504374   16.63889   40  308   50.00000    8.00000  84.0%   141 2448s
 711718 504967   12.71585   33  341   50.00000    8.00000  84.0%   141 2456s
 712736 506120   25.96069   40  259   50.00000    8.00000  84.0%   141 2470s
 713875 506953   12.80551   38  361   50.00000    8.00000  84.0%   142 2480s
 715053 507728   23.59236   39  392   50.00000    8.00000  84.0%   142 2489s
 716037 508428   30.78445   42  262   50.00000    8.00000  84.0%   142 2499s
 716970 509329   26.78893   48  299   50.00000    8.00000  84.0%   142 2507s
 718179 510053   19.82417   34  377   50.00000    8.00000  84.0%   143 2516s
 719172 510726   28.50901   50  238   50.00000    8.00000  84.0%   143 2525s
 720063 511418   27.14539   49  343   50.00000    8.00000  84.0%   143 2532s
 721198 512118   18.20366   36  304   50.00000    8.00000  84.0%   143 2540s
 722151 512943   30.24086   47  392   50.00000    8.00000  84.0%   144 2548s
 723249 513601   14.37970   24  299   50.00000    8.00000  84.0%   144 2556s
 724176 514148   18.35838   32  334   50.00000    8.00000  84.0%   144 2563s
 724861 514755   32.91956   53  285   50.00000    8.00000  84.0%   144 2569s
 725604 515346   37.44017   54  368   50.00000    8.00000  84.0%   144 2577s
 726364 515936   13.26037   41  420   50.00000    8.00000  84.0%   145 2584s
 727215 516063   46.77777   57  210   50.00000    8.00222  84.0%   145 2588s
 727504 516747   22.69055   42  331   50.00000    8.00239  84.0%   145 2595s
 728452 517242   22.30346   39  448   50.00000    8.00653  84.0%   145 2602s
 729113 517801   14.81075   34  377   50.00000    8.01098  84.0%   145 2610s
 729729 518562   24.07300   35  382   50.00000    8.01149  84.0%   146 2618s
 730846 519028   17.80501   40  351   50.00000    8.01477  84.0%   146 2625s
 731414 519743   28.55888   56  319   50.00000    8.01592  84.0%   146 2632s
 732346 520359   19.78738   39  403   50.00000    8.01720  84.0%   146 2640s
 733314 520988   14.25145   29  356   50.00000    8.02431  84.0%   146 2648s
 734218 521585   29.22985   41  270   50.00000    8.03241  83.9%   147 2655s
 734961 522217   13.79637   37  291   50.00000    8.03308  83.9%   147 2662s
 735828 522961   27.04109   49  176   50.00000    8.04021  83.9%   147 2670s
 736851 523543   25.54824   38  181   50.00000    8.04845  83.9%   147 2677s
 737684 524134   33.30006   46  370   50.00000    8.05281  83.9%   147 2684s
 738529 524826   14.22132   38  315   50.00000    8.06295  83.9%   147 2691s
 739526 525419   14.89248   31  355   50.00000    8.07282  83.9%   148 2699s
 740382 526098   21.53951   36  315   50.00000    8.08178  83.8%   148 2705s
 741314 526749   17.26199   34  405   50.00000    8.08687  83.8%   148 2712s
 742201 526930   35.44385   53  234   50.00000    8.09068  83.8%   148 2715s
 742479 527692   14.96735   36  331   50.00000    8.09553  83.8%   148 2723s
 743505 528194   16.88316   47  178   50.00000    8.10263  83.8%   148 2731s
 744152 528871   32.71080   44  249   50.00000    8.10346  83.8%   149 2738s
 745045 529466   39.04954   52  304   50.00000    8.10607  83.8%   149 2744s
 745783 530175   31.41378   58  340   50.00000    8.11273  83.8%   149 2751s
 746728 530805   15.80075   40  389   50.00000    8.11786  83.8%   149 2758s
 747558 531388   41.36569   66  198   50.00000    8.12217  83.8%   149 2765s
 748344 531986   22.61006   39  252   50.00000    8.12970  83.7%   149 2772s
 749174 532568   13.61139   29  188   50.00000    8.13407  83.7%   150 2779s
 749955 533209   16.98723   24  274   50.00000    8.14062  83.7%   150 2786s
 750760 533803   35.78921   49  223   50.00000    8.14106  83.7%   150 2793s
 751515 534520   39.29752   58  297   50.00000    8.14820  83.7%   150 2799s
 752535 535014   19.12650   33  337   50.00000    8.15801  83.7%   150 2806s
 753159 535535     cutoff   60        50.00000    8.16079  83.7%   150 2813s
 753858 536003   27.00828   43  242   50.00000    8.16295  83.7%   151 2820s
 754434 536536   32.47104   49  302   50.00000    8.16295  83.7%   151 2826s
 755211 537084   43.90348   76  266   50.00000    8.16607  83.7%   151 2834s
 755984 537677   19.17611   32  367   50.00000    8.16994  83.7%   151 2841s
 756985 538640   18.99370   32  391   50.00000    8.18459  83.6%   151 2854s
 758102 539271   17.05358   37  252   50.00000    8.19241  83.6%   152 2863s
 758953 539979   21.40902   38  455   50.00000    8.19675  83.6%   152 2871s
 759959 540616   19.02277   27  366   50.00000    8.20754  83.6%   152 2878s
 760740 541092   13.24473   37  445   50.00000    8.20814  83.6%   152 2887s
 761354 541791   17.58729   37  358   50.00000    8.21111  83.6%   153 2894s
 762184 542489   13.69558   29  387   50.00000    8.21324  83.6%   153 2902s
 763167 543138   20.16135   39  455   50.00000    8.21814  83.6%   153 2909s
 764058 543795   24.37448   45  374   50.00000    8.22340  83.6%   153 2917s
 764891 544476   17.68085   38  361   50.00000    8.22656  83.5%   153 2924s
 765751 545149   22.80880   48  299   50.00000    8.23262  83.5%   153 2931s
 766601 545776   13.69548   32  331   50.00000    8.23629  83.5%   154 2939s
 767360 546260   19.28590   41  374   50.00000    8.23859  83.5%   154 2947s
 768026 546849   33.09315   56  328   50.00000    8.24231  83.5%   154 2953s
 768885 547615   24.01224   38  312   50.00000    8.24836  83.5%   154 2961s
 769945 548283   18.05324   39  250   50.00000    8.25247  83.5%   154 2968s
 770912 548780   38.28333   58  178   50.00000    8.25832  83.5%   155 2975s
 772007 549537   12.97705   38  444   50.00000    8.26550  83.5%   155 2984s
 772597 550141   23.76091   37  261   50.00000    8.26673  83.5%   155 2990s
 773401 550639   25.53440   55  367   50.00000    8.26885  83.5%   155 2997s
 774082 551246   19.04050   40  348   50.00000    8.27848  83.4%   155 3005s
 774891 551825   14.25946   40  329   50.00000    8.28237  83.4%   155 3012s
 775651 552371   30.42712   39  238   50.00000    8.28904  83.4%   156 3019s
 776297 553015   22.56681   46  359   50.00000    8.28951  83.4%   156 3027s
 777219 553608   18.14178   36  179   50.00000    8.29091  83.4%   156 3035s
 778074 554185   22.27208   41  213   50.00000    8.29936  83.4%   156 3042s
 779060 554831   28.68096   43  268   50.00000    8.30260  83.4%   156 3049s
 779850 555406   26.25334   53  409   50.00000    8.30615  83.4%   156 3058s
 780635 556008   34.21951   43  117   50.00000    8.30945  83.4%   157 3064s
 781435 556469   40.17749   43  270   50.00000    8.31278  83.4%   157 3072s
 782029 556972   42.22845   56  231   50.00000    8.31573  83.4%   157 3079s
 782651 557711   21.89860   40  369   50.00000    8.31582  83.4%   157 3087s
 783687 558373   28.48285   47  282   50.00000    8.32131  83.4%   157 3094s
 784610 558628   19.17409   36  357   50.00000    8.32828  83.3%   157 3102s
 784896 559222   23.78453   39  272   50.00000    8.32893  83.3%   158 3109s
 785606 559825   27.81904   41  282   50.00000    8.33333  83.3%   158 3116s
 786635 560525   46.70065   72  265   50.00000    8.33333  83.3%   158 3127s
 787337 561231   22.40016   34  413   50.00000    8.33684  83.3%   158 3136s
 788167 562072   42.15142   65  166   50.00000    8.33763  83.3%   159 3145s
 789350 562690   24.76913   44  342   50.00000    8.34429  83.3%   159 3153s
 790269 563278   41.45670   42  250   50.00000    8.34960  83.3%   159 3160s
 791026 563939   22.73243   35  274   50.00000    8.35183  83.3%   159 3167s
 791960 564502   15.37070   41  344   50.00000    8.35834  83.3%   159 3175s
 792732 565144   22.54591   43  191   50.00000    8.36228  83.3%   159 3183s
 793662 565782   19.44824   33  308   50.00000    8.36757  83.3%   160 3190s
 794492 566439   18.86271   38  294   50.00000    8.37376  83.3%   160 3197s
 795408 567069   19.79638   34  289   50.00000    8.38010  83.2%   160 3205s
 796288 567683   44.49914   48  297   50.00000    8.38544  83.2%   160 3211s
 797188 568306   23.04180   52  399   50.00000    8.39071  83.2%   160 3219s
 798037 568806   46.89523   69  277   50.00000    8.39519  83.2%   160 3225s
 798732 569350   24.57207   40  345   50.00000    8.39836  83.2%   160 3233s
 799378 569879   26.05118   52  299   50.00000    8.40000  83.2%   161 3240s
 800100 570485   18.15992   37  387   50.00000    8.40065  83.2%   161 3247s
 800863 570721   34.69488   59  143   50.00000    8.40335  83.2%   161 3250s
 801185 571355   33.51729   39  411   50.00000    8.40399  83.2%   161 3258s
 802110 571959   16.32829   36  431   50.00000    8.40746  83.2%   161 3265s
 802965 572416   13.03218   38  367   50.00000    8.41448  83.2%   161 3272s
 803577 573000   19.49616   40  436   50.00000    8.41777  83.2%   162 3278s
 804360 573601   22.27983   31  288   50.00000    8.42247  83.2%   162 3286s
 805119 574143   39.90699   48  208   50.00000    8.42403  83.2%   162 3293s
 805899 574568   21.91672   33  321   50.00000    8.42938  83.1%   162 3300s
 806374 575252   19.50277   41  372   50.00000    8.42960  83.1%   162 3308s
 807242 575805   15.44761   30  341   50.00000    8.43313  83.1%   162 3316s
 807951 576460   29.49615   46  317   50.00000    8.43663  83.1%   163 3324s
 808862 577232   15.62743   38  361   50.00000    8.44488  83.1%   163 3332s
 809978 577849   35.82242   51  178   50.00000    8.45114  83.1%   163 3339s
 810793 578438   22.50392   41  429   50.00000    8.45455  83.1%   163 3347s
 811505 578934   27.78832   49  254   50.00000    8.45500  83.1%   163 3356s

Cutting planes:
  Gomory: 3
  Lift-and-project: 4
  Cover: 1447
  Implied bound: 618
  Clique: 11
  MIR: 49
  StrongCG: 2
  Flow cover: 54
  GUB cover: 4
  Inf proof: 479
  Zero half: 31
  RLT: 6
  Relax-and-lift: 37

Explored 812103 nodes (132724037 simplex iterations) in 3356.29 seconds (3910.48 work units)
Thread count was 8 (of 8 available processors)

Solution count 7: 50 52 54 ... 62

Solve interrupted
Best objective 5.000000000000e+01, best bound 1.000000000000e+01, gap 80.0000%
